18:18:53.366 INFO  CreatePurchaseRequisition -----------------------------------------------------------------------------------------------------------------------
18:18:55.268 INFO  WebHelpers -Open URL: https://www.webtma.net/login.aspx
18:18:55.595 INFO  WebHelpers -Send text to WebElement Login: "sss999"
18:18:55.850 INFO  WebHelpers -Send text to WebElement Password: "tma1"
18:18:56.601 INFO  WebHelpers -Send text to WebElement Client: "Jefferson Test"
18:18:58.845 INFO  WebHelpers -Click Button "Log In"
18:19:17.460 INFO  WebHelpers -Switch to the new window: WebTMA 5.1.0 - Thomas Jefferson University and Hospital - Synovos Sync (sss999)
18:19:17.663 INFO  WebHelpers -Click WebElement: "Material "
18:19:17.808 INFO  WebHelpers -Wait web element presence: "Purchase Requisitions" for seconds - 5
18:19:30.228 INFO  WebHelpers -Click Button  with value - "null" - Purchase Requisitions - 
18:19:50.417 INFO  WebHelpers -Switch to IFrame: Proxy element for: DefaultElementLocator 'By.id: mainFrame'
18:19:50.710 INFO  WebHelpers -Click Button  with value - "null" - Add - 
18:20:10.842 INFO  WebHelpers -Switch to IFrame: Proxy element for: DefaultElementLocator 'By.id: frameidentity'
18:20:57.651 INFO  CreatePurchaseRequisition -----------------------------------------------------------------------------------------------------------------------
18:20:59.180 INFO  WebHelpers -Open URL: https://www.webtma.net/login.aspx
18:20:59.362 INFO  WebHelpers -Send text to WebElement Login: "sss999"
18:20:59.511 INFO  WebHelpers -Send text to WebElement Password: "tma1"
18:20:59.721 INFO  WebHelpers -Send text to WebElement Client: "Jefferson Test"
18:21:01.900 INFO  WebHelpers -Click Button "Log In"
18:21:02.964 INFO  WebHelpers -Switch to the new window: WebTMA 5.1.0 - Thomas Jefferson University and Hospital - Synovos Sync (sss999)
18:21:12.680 INFO  WebHelpers -Click WebElement: "Material "
18:21:13.305 INFO  WebHelpers -Wait web element presence: "Purchase Requisitions" for seconds - 5
18:21:17.144 INFO  WebHelpers -Click Button  with value - "null" - Purchase Requisitions - 
18:21:37.301 INFO  WebHelpers -Switch to IFrame: Proxy element for: DefaultElementLocator 'By.id: mainFrame'
18:21:37.644 INFO  WebHelpers -Click Button  with value - "null" - Add - 
18:21:57.746 INFO  WebHelpers -Switch to IFrame: Proxy element for: DefaultElementLocator 'By.id: frameidentity'
18:26:43.030 INFO  CreatePurchaseRequisition -----------------------------------------------------------------------------------------------------------------------
18:26:44.657 INFO  WebHelpers -Open URL: https://www.webtma.net/login.aspx
18:26:44.823 INFO  WebHelpers -Send text to WebElement Login: "sss999"
18:26:44.947 INFO  WebHelpers -Send text to WebElement Password: "tma1"
18:26:45.159 INFO  WebHelpers -Send text to WebElement Client: "Jefferson Test"
18:26:47.024 INFO  WebHelpers -Click Button "Log In"
18:26:48.114 INFO  WebHelpers -Switch to the new window: WebTMA 5.1.0 - Thomas Jefferson University and Hospital - Synovos Sync (sss999)
18:26:55.816 INFO  WebHelpers -Click WebElement: "Material "
18:26:56.442 INFO  WebHelpers -Wait web element presence: "Purchase Requisitions" for seconds - 5
18:27:00.287 INFO  WebHelpers -Click Button  with value - "null" - Purchase Requisitions - 
18:27:20.450 INFO  WebHelpers -Switch to IFrame: Proxy element for: DefaultElementLocator 'By.id: mainFrame'
18:27:20.756 INFO  WebHelpers -Click Button  with value - "null" - Add - 
18:27:40.876 INFO  WebHelpers -Switch to IFrame: Proxy element for: DefaultElementLocator 'By.id: frameidentity'
