12:27:39.021 INFO  LoginPageTests -----------------------------------------------------------------------------------------------------------------------
12:28:01.323 INFO  WebHelpers -Open URL: us01.dynamicseam.com
12:28:08.419 INFO  WebHelpers -Click Button  with value - "null" - Enterprise Applications - 
12:28:28.530 INFO  WebHelpers -Switch to IFrame: Proxy element for: DefaultElementLocator 'By.id: contentIFrame'
12:28:28.715 INFO  WebHelpers -Click Button  with value - "null" - Finance Site Settings - 
12:28:31.230 INFO  WebHelpers -Switch to the new window: Finance Site Settings
12:28:31.632 INFO  WebHelpers -Click Button  with value - "null" - Export to Excel - a_export
12:28:33.634 INFO  WebHelpers -File with name - Finance Site Settings.xlsx was downloaded successfully.
12:28:38.141 INFO  LoginPageTests -----------------------------------------------------------------------------------------------------------------------
12:28:47.924 INFO  WebHelpers -Open URL: us01.dynamicseam.com
12:28:53.496 INFO  WebHelpers -Click Button  with value - "null" - Enterprise Applications - 
12:29:13.578 INFO  WebHelpers -Switch to IFrame: Proxy element for: DefaultElementLocator 'By.id: contentIFrame'
12:29:13.774 INFO  WebHelpers -Click Button  with value - "null" - Finance Site Settings - 
12:29:17.136 INFO  WebHelpers -Switch to the new window: Finance Site Settings
12:29:21.403 INFO  LoginPageTests -----------------------------------------------------------------------------------------------------------------------
12:29:28.136 INFO  WebHelpers -Open URL: us01.dynamicseam.com
12:29:30.417 INFO  WebHelpers -Click Button  with value - "null" - Enterprise Applications - 
12:29:50.505 INFO  WebHelpers -Switch to IFrame: Proxy element for: DefaultElementLocator 'By.id: contentIFrame'
12:29:50.700 INFO  WebHelpers -Click Button  with value - "null" - Finance Site Settings - 
12:29:52.933 INFO  WebHelpers -Switch to the new window: Finance Site Settings
12:29:53.306 INFO  WebHelpers -Click Button  with value - "null" - Transmission Summary (last 3 months) - a_export1
12:29:55.307 INFO  WebHelpers -File with name - Transmitted Invoices.xlsm was downloaded successfully.
12:29:59.614 INFO  LoginPageTests -----------------------------------------------------------------------------------------------------------------------
12:30:07.917 INFO  WebHelpers -Open URL: us01.dynamicseam.com
12:30:10.473 INFO  WebHelpers -Click Button  with value - "null" - Enterprise Applications - 
12:30:30.589 INFO  WebHelpers -Switch to IFrame: Proxy element for: DefaultElementLocator 'By.id: contentIFrame'
12:30:30.786 INFO  WebHelpers -Click Button  with value - "null" - Finance Site Settings - 
12:30:34.265 INFO  WebHelpers -Switch to the new window: Finance Site Settings
13:29:07.872 INFO  InvoicingStatusTransmissionPageTests -----------------------------------------------------------------------------------------------------------------------
13:31:02.523 INFO  WebHelpers -Open URL: us01.dynamicseam.com
14:05:04.831 INFO  InvoicingStatusTransmissionPageTests -----------------------------------------------------------------------------------------------------------------------
14:05:11.326 INFO  WebHelpers -Open URL: us01.dynamicseam.com
14:05:13.667 INFO  WebHelpers -Click Button  with value - "null" - Enterprise Applications - 
14:05:33.804 INFO  WebHelpers -Switch to IFrame: Proxy element for: DefaultElementLocator 'By.id: contentIFrame'
14:05:34.319 INFO  WebHelpers -Click Button  with value - "null" - Invoicing Status/Transmission - 
14:05:35.387 INFO  WebHelpers -Switch to the new window: Invoicing Status/Transmission
14:18:14.955 INFO  InvoicingStatusTransmissionPageTests -----------------------------------------------------------------------------------------------------------------------
14:18:20.499 INFO  WebHelpers -Open URL: us01.dynamicseam.com
14:18:21.610 INFO  WebHelpers -Click Button  with value - "null" - Enterprise Applications - 
14:18:41.693 INFO  WebHelpers -Switch to IFrame: Proxy element for: DefaultElementLocator 'By.id: contentIFrame'
14:18:41.882 INFO  WebHelpers -Click Button  with value - "null" - Invoicing Status/Transmission - 
14:18:42.934 INFO  WebHelpers -Switch to the new window: Invoicing Status/Transmission
14:21:00.637 INFO  InvoicingStatusTransmissionPageTests -----------------------------------------------------------------------------------------------------------------------
14:21:05.660 INFO  WebHelpers -Open URL: us01.dynamicseam.com
14:21:06.690 INFO  WebHelpers -Click Button  with value - "null" - Enterprise Applications - 
14:21:26.783 INFO  WebHelpers -Switch to IFrame: Proxy element for: DefaultElementLocator 'By.id: contentIFrame'
14:21:26.961 INFO  WebHelpers -Click Button  with value - "null" - Invoicing Status/Transmission - 
14:21:30.909 INFO  WebHelpers -Switch to the new window: Invoicing Status/Transmission
14:21:34.888 INFO  InvoicingStatusTransmissionPageTests -----------------------------------------------------------------------------------------------------------------------
14:21:40.178 INFO  WebHelpers -Open URL: us01.dynamicseam.com
14:21:41.492 INFO  WebHelpers -Click Button  with value - "null" - Enterprise Applications - 
14:22:01.617 INFO  WebHelpers -Switch to IFrame: Proxy element for: DefaultElementLocator 'By.id: contentIFrame'
14:22:01.792 INFO  WebHelpers -Click Button  with value - "null" - Invoicing Status/Transmission - 
14:22:02.837 INFO  WebHelpers -Switch to the new window: Invoicing Status/Transmission
14:22:03.185 INFO  WebHelpers -Click Button  with value - "null" - Export to Excel - a_export
14:22:05.186 INFO  WebHelpers -File with name - Finance Site Settings.xlsx was downloaded successfully.
15:47:26.337 INFO  InvoicingStatusTransmissionPageTests -----------------------------------------------------------------------------------------------------------------------
15:47:36.988 INFO  WebHelpers -Open URL: us01.dynamicseam.com
15:47:38.194 INFO  WebHelpers -Click Button  with value - "null" - Enterprise Applications - 
15:47:58.325 INFO  WebHelpers -Switch to IFrame: Proxy element for: DefaultElementLocator 'By.id: contentIFrame'
15:47:58.516 INFO  WebHelpers -Click Button  with value - "null" - Finance Site Settings - 
15:47:59.566 INFO  WebHelpers -Switch to the new window: Finance Site Settings
15:48:13.657 INFO  InvoicingStatusTransmissionPageTests -----------------------------------------------------------------------------------------------------------------------
15:48:19.600 INFO  WebHelpers -Open URL: us01.dynamicseam.com
15:48:21.211 INFO  WebHelpers -Click Button  with value - "null" - Enterprise Applications - 
15:48:41.314 INFO  WebHelpers -Switch to IFrame: Proxy element for: DefaultElementLocator 'By.id: contentIFrame'
15:48:41.523 INFO  WebHelpers -Click Button  with value - "null" - Invoicing Status/Transmission - 
15:48:42.627 INFO  WebHelpers -Switch to the new window: Invoicing Status/Transmission
15:48:46.980 INFO  InvoicingStatusTransmissionPageTests -----------------------------------------------------------------------------------------------------------------------
15:48:52.080 INFO  WebHelpers -Open URL: us01.dynamicseam.com
15:48:53.320 INFO  WebHelpers -Click Button  with value - "null" - Enterprise Applications - 
15:49:13.426 INFO  WebHelpers -Switch to IFrame: Proxy element for: DefaultElementLocator 'By.id: contentIFrame'
15:49:13.614 INFO  WebHelpers -Click Button  with value - "null" - Invoicing Status/Transmission - 
15:49:14.658 INFO  WebHelpers -Switch to the new window: Invoicing Status/Transmission
15:49:14.977 INFO  WebHelpers -Click Button  with value - "null" - Export to Excel - a_export
15:49:16.977 INFO  WebHelpers -File with name - Finance Site Settings.xlsx was downloaded successfully.
15:59:43.967 INFO  InvoicingStatusTransmissionPageTests -----------------------------------------------------------------------------------------------------------------------
15:59:49.352 INFO  WebHelpers -Open URL: us01.dynamicseam.com
15:59:50.412 INFO  WebHelpers -Click Button  with value - "null" - Enterprise Applications - 
16:00:10.541 INFO  WebHelpers -Switch to IFrame: Proxy element for: DefaultElementLocator 'By.id: contentIFrame'
16:00:10.717 INFO  WebHelpers -Click Button  with value - "null" - Finance Site Settings - 
16:00:11.759 INFO  WebHelpers -Switch to the new window: Finance Site Settings
16:00:33.833 INFO  InvoicingStatusTransmissionPageTests -----------------------------------------------------------------------------------------------------------------------
16:00:39.714 INFO  WebHelpers -Open URL: us01.dynamicseam.com
16:00:40.853 INFO  WebHelpers -Click Button  with value - "null" - Enterprise Applications - 
16:01:00.978 INFO  WebHelpers -Switch to IFrame: Proxy element for: DefaultElementLocator 'By.id: contentIFrame'
16:01:01.163 INFO  WebHelpers -Click Button  with value - "null" - Finance Site Settings - 
16:01:02.204 INFO  WebHelpers -Switch to the new window: Finance Site Settings
16:01:46.580 INFO  InvoicingStatusTransmissionPageTests -----------------------------------------------------------------------------------------------------------------------
16:01:53.304 INFO  WebHelpers -Open URL: us01.dynamicseam.com
16:01:55.536 INFO  WebHelpers -Click Button  with value - "null" - Enterprise Applications - 
16:02:15.648 INFO  WebHelpers -Switch to IFrame: Proxy element for: DefaultElementLocator 'By.id: contentIFrame'
16:02:15.832 INFO  WebHelpers -Click Button  with value - "null" - Finance Site Settings - 
16:02:17.522 INFO  WebHelpers -Switch to the new window: Finance Site Settings
16:04:48.214 INFO  InvoicingStatusTransmissionPageTests -----------------------------------------------------------------------------------------------------------------------
16:04:55.508 INFO  WebHelpers -Open URL: us01.dynamicseam.com
16:04:56.673 INFO  WebHelpers -Click Button  with value - "null" - Enterprise Applications - 
16:05:16.771 INFO  WebHelpers -Switch to IFrame: Proxy element for: DefaultElementLocator 'By.id: contentIFrame'
16:05:16.960 INFO  WebHelpers -Click Button  with value - "null" - Finance Site Settings - 
16:05:18.053 INFO  WebHelpers -Switch to the new window: Finance Site Settings
16:05:56.999 INFO  InvoicingStatusTransmissionPageTests -----------------------------------------------------------------------------------------------------------------------
16:06:02.094 INFO  WebHelpers -Open URL: us01.dynamicseam.com
16:06:03.111 INFO  WebHelpers -Click Button  with value - "null" - Enterprise Applications - 
16:06:23.210 INFO  WebHelpers -Switch to IFrame: Proxy element for: DefaultElementLocator 'By.id: contentIFrame'
16:06:23.396 INFO  WebHelpers -Click Button  with value - "null" - Finance Site Settings - 
16:06:24.434 INFO  WebHelpers -Switch to the new window: Finance Site Settings
16:06:40.603 INFO  InvoicingStatusTransmissionPageTests -----------------------------------------------------------------------------------------------------------------------
16:06:46.133 INFO  WebHelpers -Open URL: us01.dynamicseam.com
16:06:47.143 INFO  WebHelpers -Click Button  with value - "null" - Enterprise Applications - 
16:07:07.273 INFO  WebHelpers -Switch to IFrame: Proxy element for: DefaultElementLocator 'By.id: contentIFrame'
16:07:07.467 INFO  WebHelpers -Click Button  with value - "null" - Finance Site Settings - 
16:07:08.976 INFO  WebHelpers -Switch to the new window: Finance Site Settings
16:11:29.361 INFO  InvoicingStatusTransmissionPageTests -----------------------------------------------------------------------------------------------------------------------
16:11:35.872 INFO  WebHelpers -Open URL: us01.dynamicseam.com
16:11:36.810 INFO  WebHelpers -Click Button  with value - "null" - Enterprise Applications - 
16:11:56.908 INFO  WebHelpers -Switch to IFrame: Proxy element for: DefaultElementLocator 'By.id: contentIFrame'
16:11:57.091 INFO  WebHelpers -Click Button  with value - "null" - Finance Site Settings - 
16:11:58.543 INFO  WebHelpers -Switch to the new window: Finance Site Settings
16:12:02.829 INFO  InvoicingStatusTransmissionPageTests -----------------------------------------------------------------------------------------------------------------------
16:12:08.942 INFO  WebHelpers -Open URL: us01.dynamicseam.com
16:12:10.138 INFO  WebHelpers -Click Button  with value - "null" - Enterprise Applications - 
16:12:30.224 INFO  WebHelpers -Switch to IFrame: Proxy element for: DefaultElementLocator 'By.id: contentIFrame'
16:12:30.403 INFO  WebHelpers -Click Button  with value - "null" - Invoicing Status/Transmission - 
16:12:31.819 INFO  WebHelpers -Switch to the new window: Invoicing Status/Transmission
16:12:35.722 INFO  InvoicingStatusTransmissionPageTests -----------------------------------------------------------------------------------------------------------------------
16:12:42.150 INFO  WebHelpers -Open URL: us01.dynamicseam.com
16:12:43.874 INFO  WebHelpers -Click Button  with value - "null" - Enterprise Applications - 
16:13:03.959 INFO  WebHelpers -Switch to IFrame: Proxy element for: DefaultElementLocator 'By.id: contentIFrame'
16:13:04.130 INFO  WebHelpers -Click Button  with value - "null" - Invoicing Status/Transmission - 
16:13:05.164 INFO  WebHelpers -Switch to the new window: Invoicing Status/Transmission
16:13:05.505 INFO  WebHelpers -Click Button  with value - "null" - Export to Excel - a_export
16:13:07.505 INFO  WebHelpers -File with name - Finance Site Settings.xlsx was downloaded successfully.
17:14:27.887 INFO  InvoicingStatusTransmissionPageTests -----------------------------------------------------------------------------------------------------------------------
17:14:35.729 INFO  WebHelpers -Open URL: us01.dynamicseam.com
17:14:36.905 INFO  WebHelpers -Click Button  with value - "null" - Enterprise Applications - 
17:14:57.043 INFO  WebHelpers -Switch to IFrame: Proxy element for: DefaultElementLocator 'By.id: contentIFrame'
17:14:57.227 INFO  WebHelpers -Click Button  with value - "null" - Invoicing Status/Transmission - 
17:14:58.277 INFO  WebHelpers -Switch to the new window: Invoicing Status/Transmission
17:18:55.071 INFO  InvoicingStatusTransmissionPageTests -----------------------------------------------------------------------------------------------------------------------
17:19:00.604 INFO  WebHelpers -Open URL: us01.dynamicseam.com
17:19:01.777 INFO  WebHelpers -Click Button  with value - "null" - Enterprise Applications - 
17:19:21.892 INFO  WebHelpers -Switch to IFrame: Proxy element for: DefaultElementLocator 'By.id: contentIFrame'
17:19:22.070 INFO  WebHelpers -Click Button  with value - "null" - Invoicing Status/Transmission - 
17:19:23.120 INFO  WebHelpers -Switch to the new window: Invoicing Status/Transmission
17:20:04.789 INFO  InvoicingStatusTransmissionPageTests -----------------------------------------------------------------------------------------------------------------------
17:20:09.781 INFO  WebHelpers -Open URL: us01.dynamicseam.com
17:20:11.090 INFO  WebHelpers -Click Button  with value - "null" - Enterprise Applications - 
17:20:31.214 INFO  WebHelpers -Switch to IFrame: Proxy element for: DefaultElementLocator 'By.id: contentIFrame'
17:20:31.389 INFO  WebHelpers -Click Button  with value - "null" - Items without Manufacturer (Created in 30 days) - 
17:20:32.441 INFO  WebHelpers -Switch to the new window: Items without Manufacturer (Created in 30 days)
17:24:27.309 INFO  InvoicingStatusTransmissionPageTests -----------------------------------------------------------------------------------------------------------------------
17:24:37.001 INFO  WebHelpers -Open URL: us01.dynamicseam.com
17:24:38.003 INFO  WebHelpers -Click Button  with value - "null" - Enterprise Applications - 
17:24:58.099 INFO  WebHelpers -Switch to IFrame: Proxy element for: DefaultElementLocator 'By.id: contentIFrame'
17:24:58.348 INFO  WebHelpers -Click Button  with value - "null" - Items without Manufacturer (Created in 30 days) - 
17:24:59.396 INFO  WebHelpers -Switch to the new window: Items without Manufacturer (Created in 30 days)
17:25:31.783 INFO  InvoicingStatusTransmissionPageTests -----------------------------------------------------------------------------------------------------------------------
17:25:36.764 INFO  WebHelpers -Open URL: us01.dynamicseam.com
17:25:37.784 INFO  WebHelpers -Click Button  with value - "null" - Enterprise Applications - 
17:25:57.926 INFO  WebHelpers -Switch to IFrame: Proxy element for: DefaultElementLocator 'By.id: contentIFrame'
17:25:58.110 INFO  WebHelpers -Click Button  with value - "null" - Items without Manufacturer (Created in 30 days) - 
17:25:59.150 INFO  WebHelpers -Switch to the new window: Items without Manufacturer (Created in 30 days)
17:25:59.483 INFO  WebHelpers -Click WebElement: "1143596 "
17:26:58.019 INFO  InvoicingStatusTransmissionPageTests -----------------------------------------------------------------------------------------------------------------------
17:27:03.261 INFO  WebHelpers -Open URL: us01.dynamicseam.com
17:27:04.373 INFO  WebHelpers -Click Button  with value - "null" - Enterprise Applications - 
17:27:24.529 INFO  WebHelpers -Switch to IFrame: Proxy element for: DefaultElementLocator 'By.id: contentIFrame'
17:27:24.710 INFO  WebHelpers -Click Button  with value - "null" - Items without Manufacturer (Created in 30 days) - 
17:27:25.749 INFO  WebHelpers -Switch to the new window: Items without Manufacturer (Created in 30 days)
17:27:26.075 INFO  WebHelpers -Click WebElement: "1143596 "
17:52:41.376 INFO  InvoicingStatusTransmissionPageTests -----------------------------------------------------------------------------------------------------------------------
17:52:47.457 INFO  WebHelpers -Open URL: us01.dynamicseam.com
17:52:49.018 INFO  WebHelpers -Click Button  with value - "null" - Enterprise Applications - 
17:53:09.155 INFO  WebHelpers -Switch to IFrame: Proxy element for: DefaultElementLocator 'By.id: contentIFrame'
17:53:09.340 INFO  WebHelpers -Click Button  with value - "null" - Items without Manufacturer (Created in 30 days) - 
17:53:10.380 INFO  WebHelpers -Switch to the new window: Items without Manufacturer (Created in 30 days)
17:53:10.706 INFO  WebHelpers -Click WebElement: "1143596 "
17:53:10.770 INFO  WebHelpers -Switch to the new window: Workplace: Enterprise Applications - Microsoft Dynamics CRM
17:53:11.816 INFO  WebHelpers -Switch to the new window: Microsoft Dynamics CRM
17:55:31.906 INFO  InvoicingStatusTransmissionPageTests -----------------------------------------------------------------------------------------------------------------------
17:55:38.203 INFO  WebHelpers -Open URL: us01.dynamicseam.com
17:55:39.724 INFO  WebHelpers -Click Button  with value - "null" - Enterprise Applications - 
17:55:59.828 INFO  WebHelpers -Switch to IFrame: Proxy element for: DefaultElementLocator 'By.id: contentIFrame'
17:56:00.020 INFO  WebHelpers -Click Button  with value - "null" - Items without Manufacturer (Created in 30 days) - 
17:56:02.041 INFO  WebHelpers -Switch to the new window: Items without Manufacturer (Created in 30 days)
17:56:02.451 INFO  WebHelpers -Click WebElement: "1143596 "
17:56:02.509 INFO  WebHelpers -Switch to the new window: Workplace: Enterprise Applications - Microsoft Dynamics CRM
17:56:03.548 INFO  WebHelpers -Switch to the new window: Microsoft Dynamics CRM
17:58:06.102 INFO  InvoicingStatusTransmissionPageTests -----------------------------------------------------------------------------------------------------------------------
17:58:13.135 INFO  WebHelpers -Open URL: us01.dynamicseam.com
17:58:15.149 INFO  WebHelpers -Click Button  with value - "null" - Enterprise Applications - 
17:58:35.291 INFO  WebHelpers -Switch to IFrame: Proxy element for: DefaultElementLocator 'By.id: contentIFrame'
17:58:35.464 INFO  WebHelpers -Click Button  with value - "null" - Items without Manufacturer (Created in 30 days) - 
17:58:36.506 INFO  WebHelpers -Switch to the new window: Items without Manufacturer (Created in 30 days)
17:58:36.811 INFO  WebHelpers -Click WebElement: "1143596 "
17:58:36.860 INFO  WebHelpers -Switch to the new window: Workplace: Enterprise Applications - Microsoft Dynamics CRM
17:58:37.889 INFO  WebHelpers -Switch to the new window: Microsoft Dynamics CRM
17:59:29.905 INFO  InvoicingStatusTransmissionPageTests -----------------------------------------------------------------------------------------------------------------------
17:59:34.940 INFO  WebHelpers -Open URL: us01.dynamicseam.com
17:59:36.149 INFO  WebHelpers -Click Button  with value - "null" - Enterprise Applications - 
17:59:56.279 INFO  WebHelpers -Switch to IFrame: Proxy element for: DefaultElementLocator 'By.id: contentIFrame'
17:59:56.468 INFO  WebHelpers -Click Button  with value - "null" - Items without Manufacturer (Created in 30 days) - 
17:59:57.504 INFO  WebHelpers -Switch to the new window: Items without Manufacturer (Created in 30 days)
17:59:57.815 INFO  WebHelpers -Click WebElement: "1143596 "
17:59:57.901 INFO  WebHelpers -Switch to the new window: Workplace: Enterprise Applications - Microsoft Dynamics CRM
17:59:58.990 INFO  WebHelpers -Switch to the new window: Microsoft Dynamics CRM
18:02:27.136 INFO  InvoicingStatusTransmissionPageTests -----------------------------------------------------------------------------------------------------------------------
18:02:32.710 INFO  WebHelpers -Open URL: us01.dynamicseam.com
18:02:33.728 INFO  WebHelpers -Click Button  with value - "null" - Enterprise Applications - 
18:02:53.872 INFO  WebHelpers -Switch to IFrame: Proxy element for: DefaultElementLocator 'By.id: contentIFrame'
18:02:54.177 INFO  WebHelpers -Click Button  with value - "null" - Items without Manufacturer (Created in 30 days) - 
18:02:55.252 INFO  WebHelpers -Switch to the new window: Items without Manufacturer (Created in 30 days)
18:02:55.578 INFO  WebHelpers -Click WebElement: "1143596 "
18:02:55.648 INFO  WebHelpers -Switch to the new window: Workplace: Enterprise Applications - Microsoft Dynamics CRM
18:02:56.686 INFO  WebHelpers -Switch to the new window: Microsoft Dynamics CRM
18:03:16.761 INFO  WebHelpers -Switch to IFrame: Proxy element for: DefaultElementLocator 'By.id: contentIFrame'
18:28:21.044 INFO  InvoicingStatusTransmissionPageTests -----------------------------------------------------------------------------------------------------------------------
18:28:28.491 INFO  WebHelpers -Open URL: us01.dynamicseam.com
18:28:29.528 INFO  WebHelpers -Click Button  with value - "null" - Enterprise Applications - 
18:28:49.653 INFO  WebHelpers -Switch to IFrame: Proxy element for: DefaultElementLocator 'By.id: contentIFrame'
18:28:49.837 INFO  WebHelpers -Click Button  with value - "null" - Items without Manufacturer (Created in 30 days) - 
18:28:50.881 INFO  WebHelpers -Switch to the new window: Items without Manufacturer (Created in 30 days)
18:28:51.175 INFO  WebHelpers -Click WebElement: "1143596 "
18:28:51.225 INFO  WebHelpers -Switch to the new window: Workplace: Enterprise Applications - Microsoft Dynamics CRM
18:29:00.623 INFO  WebHelpers -Switch to the new window: Microsoft Dynamics CRM
18:29:20.770 INFO  WebHelpers -Switch to IFrame: Proxy element for: DefaultElementLocator 'By.id: contentIFrame'
18:30:29.251 INFO  InvoicingStatusTransmissionPageTests -----------------------------------------------------------------------------------------------------------------------
18:30:34.405 INFO  WebHelpers -Open URL: us01.dynamicseam.com
18:30:35.420 INFO  WebHelpers -Click Button  with value - "null" - Enterprise Applications - 
18:30:55.537 INFO  WebHelpers -Switch to IFrame: Proxy element for: DefaultElementLocator 'By.id: contentIFrame'
18:30:55.737 INFO  WebHelpers -Click Button  with value - "null" - Items without Manufacturer (Created in 30 days) - 
18:30:56.790 INFO  WebHelpers -Switch to the new window: Items without Manufacturer (Created in 30 days)
18:30:57.094 INFO  WebHelpers -Click WebElement: "1143596 "
18:30:57.171 INFO  WebHelpers -Switch to the new window: Workplace: Enterprise Applications - Microsoft Dynamics CRM
18:30:58.270 INFO  WebHelpers -Switch to the new window: Microsoft Dynamics CRM
18:31:12.338 INFO  InvoicingStatusTransmissionPageTests -----------------------------------------------------------------------------------------------------------------------
18:31:17.339 INFO  WebHelpers -Open URL: us01.dynamicseam.com
18:31:18.520 INFO  WebHelpers -Click Button  with value - "null" - Enterprise Applications - 
18:31:38.599 INFO  WebHelpers -Switch to IFrame: Proxy element for: DefaultElementLocator 'By.id: contentIFrame'
18:31:38.784 INFO  WebHelpers -Click Button  with value - "null" - Items without Manufacturer (Created in 30 days) - 
18:31:39.824 INFO  WebHelpers -Switch to the new window: Items without Manufacturer (Created in 30 days)
18:31:40.138 INFO  WebHelpers -Click WebElement: "1143596 "
18:31:40.180 INFO  WebHelpers -Switch to the new window: Workplace: Enterprise Applications - Microsoft Dynamics CRM
18:31:41.239 INFO  WebHelpers -Switch to the new window: Microsoft Dynamics CRM
18:32:10.807 INFO  InvoicingStatusTransmissionPageTests -----------------------------------------------------------------------------------------------------------------------
18:32:16.287 INFO  WebHelpers -Open URL: us01.dynamicseam.com
18:32:17.434 INFO  WebHelpers -Click Button  with value - "null" - Enterprise Applications - 
18:32:37.524 INFO  WebHelpers -Switch to IFrame: Proxy element for: DefaultElementLocator 'By.id: contentIFrame'
18:32:37.718 INFO  WebHelpers -Click Button  with value - "null" - Items without Manufacturer (Created in 30 days) - 
18:32:38.766 INFO  WebHelpers -Switch to the new window: Items without Manufacturer (Created in 30 days)
18:32:39.087 INFO  WebHelpers -Click WebElement: "1143596 "
18:32:39.143 INFO  WebHelpers -Switch to the new window: Workplace: Enterprise Applications - Microsoft Dynamics CRM
18:32:40.190 INFO  WebHelpers -Switch to the new window: Microsoft Dynamics CRM
18:33:19.237 INFO  InvoicingStatusTransmissionPageTests -----------------------------------------------------------------------------------------------------------------------
18:33:24.534 INFO  WebHelpers -Open URL: us01.dynamicseam.com
18:33:25.844 INFO  WebHelpers -Click Button  with value - "null" - Enterprise Applications - 
18:33:45.963 INFO  WebHelpers -Switch to IFrame: Proxy element for: DefaultElementLocator 'By.id: contentIFrame'
18:33:46.153 INFO  WebHelpers -Click Button  with value - "null" - Items without Manufacturer (Created in 30 days) - 
18:33:47.204 INFO  WebHelpers -Switch to the new window: Items without Manufacturer (Created in 30 days)
18:33:51.335 INFO  InvoicingStatusTransmissionPageTests -----------------------------------------------------------------------------------------------------------------------
18:33:56.677 INFO  WebHelpers -Open URL: us01.dynamicseam.com
18:33:57.750 INFO  WebHelpers -Click Button  with value - "null" - Enterprise Applications - 
18:34:17.861 INFO  WebHelpers -Switch to IFrame: Proxy element for: DefaultElementLocator 'By.id: contentIFrame'
18:34:18.054 INFO  WebHelpers -Click Button  with value - "null" - Items without Manufacturer (Created in 30 days) - 
18:34:19.088 INFO  WebHelpers -Switch to the new window: Items without Manufacturer (Created in 30 days)
18:34:19.404 INFO  WebHelpers -Click WebElement: "1143596 "
18:34:19.466 INFO  WebHelpers -Switch to the new window: Workplace: Enterprise Applications - Microsoft Dynamics CRM
18:34:20.818 INFO  WebHelpers -Switch to the new window: Microsoft Dynamics CRM
18:36:47.366 INFO  InvoicingStatusTransmissionPageTests -----------------------------------------------------------------------------------------------------------------------
18:36:52.565 INFO  WebHelpers -Open URL: us01.dynamicseam.com
18:36:53.687 INFO  WebHelpers -Click Button  with value - "null" - Enterprise Applications - 
18:37:13.768 INFO  WebHelpers -Switch to IFrame: Proxy element for: DefaultElementLocator 'By.id: contentIFrame'
18:37:13.950 INFO  WebHelpers -Click Button  with value - "null" - Finance Site Settings - 
18:37:14.998 INFO  WebHelpers -Switch to the new window: Finance Site Settings
18:37:19.300 INFO  InvoicingStatusTransmissionPageTests -----------------------------------------------------------------------------------------------------------------------
18:37:24.397 INFO  WebHelpers -Open URL: us01.dynamicseam.com
18:37:25.402 INFO  WebHelpers -Click Button  with value - "null" - Enterprise Applications - 
18:37:45.525 INFO  WebHelpers -Switch to IFrame: Proxy element for: DefaultElementLocator 'By.id: contentIFrame'
18:37:45.700 INFO  WebHelpers -Click Button  with value - "null" - Items without Manufacturer (Created in 30 days) - 
18:37:46.740 INFO  WebHelpers -Switch to the new window: Items without Manufacturer (Created in 30 days)
18:37:50.732 INFO  InvoicingStatusTransmissionPageTests -----------------------------------------------------------------------------------------------------------------------
18:37:55.763 INFO  WebHelpers -Open URL: us01.dynamicseam.com
18:37:56.892 INFO  WebHelpers -Click Button  with value - "null" - Enterprise Applications - 
18:38:16.966 INFO  WebHelpers -Switch to IFrame: Proxy element for: DefaultElementLocator 'By.id: contentIFrame'
18:38:17.151 INFO  WebHelpers -Click Button  with value - "null" - Items without Manufacturer (Created in 30 days) - 
18:38:18.200 INFO  WebHelpers -Switch to the new window: Items without Manufacturer (Created in 30 days)
18:38:18.527 INFO  WebHelpers -Click WebElement: "1143596 "
18:38:18.592 INFO  WebHelpers -Switch to the new window: Workplace: Enterprise Applications - Microsoft Dynamics CRM
18:38:19.625 INFO  WebHelpers -Switch to the new window: Microsoft Dynamics CRM
18:38:23.678 INFO  InvoicingStatusTransmissionPageTests -----------------------------------------------------------------------------------------------------------------------
18:38:28.644 INFO  WebHelpers -Open URL: us01.dynamicseam.com
18:38:29.747 INFO  WebHelpers -Click Button  with value - "null" - Enterprise Applications - 
18:38:49.862 INFO  WebHelpers -Switch to IFrame: Proxy element for: DefaultElementLocator 'By.id: contentIFrame'
18:38:50.040 INFO  WebHelpers -Click Button  with value - "null" - Invoicing Status/Transmission - 
18:38:51.075 INFO  WebHelpers -Switch to the new window: Invoicing Status/Transmission
18:38:51.367 INFO  WebHelpers -Click Button  with value - "null" - Export to Excel - a_export
18:38:53.367 INFO  WebHelpers -File with name - Finance Site Settings.xlsx was downloaded successfully.
18:42:35.630 INFO  InvoicingStatusTransmissionPageTests -----------------------------------------------------------------------------------------------------------------------
18:42:40.975 INFO  WebHelpers -Open URL: us01.dynamicseam.com
18:42:42.013 INFO  WebHelpers -Click Button  with value - "null" - Enterprise Applications - 
18:43:02.164 INFO  WebHelpers -Switch to IFrame: Proxy element for: DefaultElementLocator 'By.id: contentIFrame'
18:43:02.357 INFO  WebHelpers -Click Button  with value - "null" - Finance Site Settings - 
18:43:03.394 INFO  WebHelpers -Switch to the new window: Finance Site Settings
18:43:07.630 INFO  InvoicingStatusTransmissionPageTests -----------------------------------------------------------------------------------------------------------------------
18:43:12.288 INFO  WebHelpers -Open URL: us01.dynamicseam.com
18:43:13.321 INFO  WebHelpers -Click Button  with value - "null" - Enterprise Applications - 
18:43:33.468 INFO  WebHelpers -Switch to IFrame: Proxy element for: DefaultElementLocator 'By.id: contentIFrame'
18:43:33.656 INFO  WebHelpers -Click Button  with value - "null" - Items without Manufacturer (Created in 30 days) - 
18:43:34.692 INFO  WebHelpers -Switch to the new window: Items without Manufacturer (Created in 30 days)
18:43:38.696 INFO  InvoicingStatusTransmissionPageTests -----------------------------------------------------------------------------------------------------------------------
18:43:44.542 INFO  WebHelpers -Open URL: us01.dynamicseam.com
18:43:45.532 INFO  WebHelpers -Click Button  with value - "null" - Enterprise Applications - 
18:44:05.647 INFO  WebHelpers -Switch to IFrame: Proxy element for: DefaultElementLocator 'By.id: contentIFrame'
18:44:05.831 INFO  WebHelpers -Click Button  with value - "null" - Items without Manufacturer (Created in 30 days) - 
18:44:06.881 INFO  WebHelpers -Switch to the new window: Items without Manufacturer (Created in 30 days)
18:44:07.218 INFO  WebHelpers -Click WebElement: "1143596 "
18:44:07.283 INFO  WebHelpers -Switch to the new window: Workplace: Enterprise Applications - Microsoft Dynamics CRM
18:44:08.326 INFO  WebHelpers -Switch to the new window: Microsoft Dynamics CRM
18:44:12.348 INFO  InvoicingStatusTransmissionPageTests -----------------------------------------------------------------------------------------------------------------------
18:44:17.097 INFO  WebHelpers -Open URL: us01.dynamicseam.com
18:44:18.122 INFO  WebHelpers -Click Button  with value - "null" - Enterprise Applications - 
18:44:38.215 INFO  WebHelpers -Switch to IFrame: Proxy element for: DefaultElementLocator 'By.id: contentIFrame'
18:44:38.393 INFO  WebHelpers -Click Button  with value - "null" - Invoicing Status/Transmission - 
18:44:39.426 INFO  WebHelpers -Switch to the new window: Invoicing Status/Transmission
18:44:39.693 INFO  WebHelpers -Click Button  with value - "null" - Export to Excel - a_export
18:44:41.695 INFO  WebHelpers -File with name - Items Without Manufacturer.xlsx was downloaded successfully.
18:45:17.155 INFO  InvoicingStatusTransmissionPageTests -----------------------------------------------------------------------------------------------------------------------
18:45:22.242 INFO  WebHelpers -Open URL: us01.dynamicseam.com
18:45:23.389 INFO  WebHelpers -Click Button  with value - "null" - Enterprise Applications - 
18:45:43.513 INFO  WebHelpers -Switch to IFrame: Proxy element for: DefaultElementLocator 'By.id: contentIFrame'
18:45:43.693 INFO  WebHelpers -Click Button  with value - "null" - Invoicing Status/Transmission - 
18:45:44.745 INFO  WebHelpers -Switch to the new window: Invoicing Status/Transmission
18:45:45.031 INFO  WebHelpers -Click Button  with value - "null" - Export to Excel - a_export
18:45:47.031 INFO  WebHelpers -File with name - Items Without Manufacturer.xlsx was downloaded successfully.
18:48:22.309 INFO  InvoicingStatusTransmissionPageTests -----------------------------------------------------------------------------------------------------------------------
18:48:27.663 INFO  WebHelpers -Open URL: us01.dynamicseam.com
18:48:28.733 INFO  WebHelpers -Click Button  with value - "null" - Enterprise Applications - 
18:48:48.833 INFO  WebHelpers -Switch to IFrame: Proxy element for: DefaultElementLocator 'By.id: contentIFrame'
18:48:49.015 INFO  WebHelpers -Click Button  with value - "null" - Invoicing Status/Transmission - 
18:48:50.786 INFO  WebHelpers -Switch to the new window: Invoicing Status/Transmission
18:48:51.125 INFO  WebHelpers -Click Button  with value - "null" - Export to Excel - a_export
18:48:53.126 INFO  WebHelpers -File with name - Items Without Manufacturer.xlsx was downloaded successfully.
18:50:08.674 INFO  InvoicingStatusTransmissionPageTests -----------------------------------------------------------------------------------------------------------------------
18:50:13.687 INFO  WebHelpers -Open URL: us01.dynamicseam.com
18:50:14.853 INFO  WebHelpers -Click Button  with value - "null" - Enterprise Applications - 
18:50:34.970 INFO  WebHelpers -Switch to IFrame: Proxy element for: DefaultElementLocator 'By.id: contentIFrame'
18:50:35.154 INFO  WebHelpers -Click Button  with value - "null" - Invoicing Status/Transmission - 
18:50:36.197 INFO  WebHelpers -Switch to the new window: Invoicing Status/Transmission
18:50:36.483 INFO  WebHelpers -Click Button  with value - "null" - Export to Excel - a_export
18:50:38.483 INFO  WebHelpers -File with name - Finance Site Settings.xlsx was downloaded successfully.
18:50:57.361 INFO  InvoicingStatusTransmissionPageTests -----------------------------------------------------------------------------------------------------------------------
18:51:02.375 INFO  WebHelpers -Open URL: us01.dynamicseam.com
18:51:03.407 INFO  WebHelpers -Click Button  with value - "null" - Enterprise Applications - 
18:51:23.513 INFO  WebHelpers -Switch to IFrame: Proxy element for: DefaultElementLocator 'By.id: contentIFrame'
18:51:23.691 INFO  WebHelpers -Click Button  with value - "null" - Invoicing Status/Transmission - 
18:51:24.736 INFO  WebHelpers -Switch to the new window: Invoicing Status/Transmission
18:51:25.018 INFO  WebHelpers -Click Button  with value - "null" - Export to Excel - a_export
18:51:27.018 INFO  WebHelpers -File with name - Finance Site Settings.xlsx was downloaded successfully.
18:53:30.573 INFO  InvoicingStatusTransmissionPageTests -----------------------------------------------------------------------------------------------------------------------
18:53:40.935 INFO  WebHelpers -Open URL: us01.dynamicseam.com
18:53:41.981 INFO  WebHelpers -Click Button  with value - "null" - Enterprise Applications - 
18:54:02.116 INFO  WebHelpers -Switch to IFrame: Proxy element for: DefaultElementLocator 'By.id: contentIFrame'
18:54:02.306 INFO  WebHelpers -Click Button  with value - "null" - Invoicing Status/Transmission - 
18:54:03.344 INFO  WebHelpers -Switch to the new window: Invoicing Status/Transmission
18:54:03.620 INFO  WebHelpers -Click Button  with value - "null" - Export to Excel - a_export
18:54:05.620 INFO  WebHelpers -File with name - Invoicing Status.xlsx was downloaded successfully.
18:54:19.488 INFO  InvoicingStatusTransmissionPageTests -----------------------------------------------------------------------------------------------------------------------
18:54:24.636 INFO  WebHelpers -Open URL: us01.dynamicseam.com
18:54:25.769 INFO  WebHelpers -Click Button  with value - "null" - Enterprise Applications - 
18:54:45.907 INFO  WebHelpers -Switch to IFrame: Proxy element for: DefaultElementLocator 'By.id: contentIFrame'
18:54:46.102 INFO  WebHelpers -Click Button  with value - "null" - Invoicing Status/Transmission - 
18:54:47.144 INFO  WebHelpers -Switch to the new window: Invoicing Status/Transmission
18:54:47.429 INFO  WebHelpers -Click Button  with value - "null" - Export to Excel - a_export
18:54:49.430 INFO  WebHelpers -File with name - Invoicing Status.xlsx was downloaded successfully.
18:55:18.998 INFO  InvoicingStatusTransmissionPageTests -----------------------------------------------------------------------------------------------------------------------
18:55:24.289 INFO  WebHelpers -Open URL: us01.dynamicseam.com
18:55:25.320 INFO  WebHelpers -Click Button  with value - "null" - Enterprise Applications - 
18:55:45.438 INFO  WebHelpers -Switch to IFrame: Proxy element for: DefaultElementLocator 'By.id: contentIFrame'
18:55:45.626 INFO  WebHelpers -Click Button  with value - "null" - Invoicing Status/Transmission - 
18:55:46.663 INFO  WebHelpers -Switch to the new window: Invoicing Status/Transmission
18:55:46.950 INFO  WebHelpers -Click Button  with value - "null" - Export to Excel - a_export
18:55:48.950 INFO  WebHelpers -File with name - Items Without Manufacturer.xlsx was downloaded successfully.
18:57:33.576 INFO  InvoicingStatusTransmissionPageTests -----------------------------------------------------------------------------------------------------------------------
18:57:39.410 INFO  WebHelpers -Open URL: us01.dynamicseam.com
18:57:40.548 INFO  WebHelpers -Click Button  with value - "null" - Enterprise Applications - 
18:58:00.673 INFO  WebHelpers -Switch to IFrame: Proxy element for: DefaultElementLocator 'By.id: contentIFrame'
18:58:00.859 INFO  WebHelpers -Click Button  with value - "null" - Invoicing Status/Transmission - 
18:58:01.907 INFO  WebHelpers -Switch to the new window: Invoicing Status/Transmission
18:58:02.202 INFO  WebHelpers -Click Button  with value - "null" - Export to Excel - a_export
18:58:04.202 INFO  WebHelpers -File with name - Items Without Manufacturer.xlsx was downloaded successfully.
18:59:24.373 INFO  FinanceSiteSettingsPageTests -----------------------------------------------------------------------------------------------------------------------
18:59:29.399 INFO  WebHelpers -Open URL: us01.dynamicseam.com
18:59:30.521 INFO  WebHelpers -Click Button  with value - "null" - Enterprise Applications - 
18:59:50.651 INFO  WebHelpers -Switch to IFrame: Proxy element for: DefaultElementLocator 'By.id: contentIFrame'
18:59:50.852 INFO  WebHelpers -Click Button  with value - "null" - Finance Site Settings - 
18:59:51.898 INFO  WebHelpers -Switch to the new window: Finance Site Settings
18:59:52.185 INFO  WebHelpers -Click Button  with value - "null" - Transmission Summary (last 3 months) - a_export1
18:59:54.186 INFO  WebHelpers -File with name - Transmitted Invoices.xlsm was downloaded successfully.
19:00:55.359 INFO  FinanceSiteSettingsPageTests -----------------------------------------------------------------------------------------------------------------------
19:01:02.618 INFO  WebHelpers -Open URL: us01.dynamicseam.com
19:01:03.903 INFO  WebHelpers -Click Button  with value - "null" - Enterprise Applications - 
19:01:24.052 INFO  WebHelpers -Switch to IFrame: Proxy element for: DefaultElementLocator 'By.id: contentIFrame'
19:01:24.240 INFO  WebHelpers -Click Button  with value - "null" - Finance Site Settings - 
19:01:25.759 INFO  WebHelpers -Switch to the new window: Finance Site Settings
19:01:26.085 INFO  WebHelpers -Click Button  with value - "null" - Export to Excel - a_export
19:01:28.085 INFO  WebHelpers -File with name - Finance Site Settings.xlsx was downloaded successfully.
19:01:32.287 INFO  FinanceSiteSettingsPageTests -----------------------------------------------------------------------------------------------------------------------
19:01:37.334 INFO  WebHelpers -Open URL: us01.dynamicseam.com
19:01:38.483 INFO  WebHelpers -Click Button  with value - "null" - Enterprise Applications - 
19:01:58.617 INFO  WebHelpers -Switch to IFrame: Proxy element for: DefaultElementLocator 'By.id: contentIFrame'
19:01:58.823 INFO  WebHelpers -Click Button  with value - "null" - Finance Site Settings - 
19:01:59.868 INFO  WebHelpers -Switch to the new window: Finance Site Settings
19:02:00.170 INFO  WebHelpers -Click Button  with value - "null" - Transmission Summary (last 3 months) - a_export1
19:02:19.773 INFO  InvoicingStatusTransmissionPageTests -----------------------------------------------------------------------------------------------------------------------
19:02:24.866 INFO  WebHelpers -Open URL: us01.dynamicseam.com
19:02:25.883 INFO  WebHelpers -Click Button  with value - "null" - Enterprise Applications - 
19:02:46.003 INFO  WebHelpers -Switch to IFrame: Proxy element for: DefaultElementLocator 'By.id: contentIFrame'
19:02:46.187 INFO  WebHelpers -Click Button  with value - "null" - Invoicing Status/Transmission - 
19:02:47.228 INFO  WebHelpers -Switch to the new window: Invoicing Status/Transmission
19:02:47.516 INFO  WebHelpers -Click Button  with value - "null" - Export to Excel - a_export
19:04:42.810 INFO  InvoicingStatusTransmissionPageTests -----------------------------------------------------------------------------------------------------------------------
19:04:48.052 INFO  WebHelpers -Open URL: us01.dynamicseam.com
19:04:49.165 INFO  WebHelpers -Click Button  with value - "null" - Enterprise Applications - 
19:05:09.277 INFO  WebHelpers -Switch to IFrame: Proxy element for: DefaultElementLocator 'By.id: contentIFrame'
19:05:09.454 INFO  WebHelpers -Click Button  with value - "null" - Invoicing Status/Transmission - 
19:05:10.503 INFO  WebHelpers -Switch to the new window: Invoicing Status/Transmission
19:05:10.790 INFO  WebHelpers -Click Button  with value - "null" - Export to Excel - a_export
19:05:30.008 INFO  InvoicingStatusTransmissionPageTests -----------------------------------------------------------------------------------------------------------------------
19:05:35.288 INFO  WebHelpers -Open URL: us01.dynamicseam.com
19:05:36.410 INFO  WebHelpers -Click Button  with value - "null" - Enterprise Applications - 
19:05:56.553 INFO  WebHelpers -Switch to IFrame: Proxy element for: DefaultElementLocator 'By.id: contentIFrame'
19:05:56.740 INFO  WebHelpers -Click Button  with value - "null" - Invoicing Status/Transmission - 
19:05:57.788 INFO  WebHelpers -Switch to the new window: Invoicing Status/Transmission
19:05:58.070 INFO  WebHelpers -Click Button  with value - "null" - Export to Excel - a_export
19:07:28.807 INFO  InvoicingStatusTransmissionPageTests -----------------------------------------------------------------------------------------------------------------------
19:07:34.613 INFO  WebHelpers -Open URL: us01.dynamicseam.com
19:07:35.615 INFO  WebHelpers -Click Button  with value - "null" - Enterprise Applications - 
19:07:55.763 INFO  WebHelpers -Switch to IFrame: Proxy element for: DefaultElementLocator 'By.id: contentIFrame'
19:07:55.957 INFO  WebHelpers -Click Button  with value - "null" - Items without Manufacturer (Created in 30 days) - 
19:07:57.005 INFO  WebHelpers -Switch to the new window: Items without Manufacturer (Created in 30 days)
19:07:57.281 INFO  WebHelpers -Click Button  with value - "null" - Export to Excel - a_export
19:10:06.022 INFO  FinanceSiteSettingsPageTests -----------------------------------------------------------------------------------------------------------------------
19:10:11.083 INFO  WebHelpers -Open URL: us01.dynamicseam.com
19:10:12.225 INFO  WebHelpers -Click Button  with value - "null" - Enterprise Applications - 
19:10:32.359 INFO  WebHelpers -Switch to IFrame: Proxy element for: DefaultElementLocator 'By.id: contentIFrame'
19:10:32.541 INFO  WebHelpers -Click Button  with value - "null" - Finance Site Settings - 
19:10:33.588 INFO  WebHelpers -Switch to the new window: Finance Site Settings
19:10:33.870 INFO  WebHelpers -Click Button  with value - "null" - Export to Excel - a_export
19:10:39.946 INFO  FinanceSiteSettingsPageTests -----------------------------------------------------------------------------------------------------------------------
19:10:45.220 INFO  WebHelpers -Open URL: us01.dynamicseam.com
19:10:46.325 INFO  WebHelpers -Click Button  with value - "null" - Enterprise Applications - 
19:11:06.432 INFO  WebHelpers -Switch to IFrame: Proxy element for: DefaultElementLocator 'By.id: contentIFrame'
19:11:06.604 INFO  WebHelpers -Click Button  with value - "null" - Finance Site Settings - 
19:11:07.639 INFO  WebHelpers -Switch to the new window: Finance Site Settings
19:11:11.908 INFO  FinanceSiteSettingsPageTests -----------------------------------------------------------------------------------------------------------------------
19:11:17.361 INFO  WebHelpers -Open URL: us01.dynamicseam.com
19:11:18.387 INFO  WebHelpers -Click Button  with value - "null" - Enterprise Applications - 
19:11:38.492 INFO  WebHelpers -Switch to IFrame: Proxy element for: DefaultElementLocator 'By.id: contentIFrame'
19:11:38.670 INFO  WebHelpers -Click Button  with value - "null" - Finance Site Settings - 
19:11:39.708 INFO  WebHelpers -Switch to the new window: Finance Site Settings
19:11:39.992 INFO  WebHelpers -Click Button  with value - "null" - Transmission Summary (last 3 months) - a_export1
19:11:41.992 INFO  WebHelpers -File with name - Transmitted Invoices.xlsm was downloaded successfully.
19:11:45.988 INFO  FinanceSiteSettingsPageTests -----------------------------------------------------------------------------------------------------------------------
19:11:51.135 INFO  WebHelpers -Open URL: us01.dynamicseam.com
19:11:52.170 INFO  WebHelpers -Click Button  with value - "null" - Enterprise Applications - 
19:12:12.306 INFO  WebHelpers -Switch to IFrame: Proxy element for: DefaultElementLocator 'By.id: contentIFrame'
19:12:12.484 INFO  WebHelpers -Click Button  with value - "null" - Finance Site Settings - 
19:12:13.517 INFO  WebHelpers -Switch to the new window: Finance Site Settings
19:15:56.957 INFO  FinanceSiteSettingsPageTests -----------------------------------------------------------------------------------------------------------------------
19:16:02.036 INFO  WebHelpers -Open URL: us01.dynamicseam.com
19:16:03.055 INFO  WebHelpers -Click Button  with value - "null" - Enterprise Applications - 
19:16:23.219 INFO  WebHelpers -Switch to IFrame: Proxy element for: DefaultElementLocator 'By.id: contentIFrame'
19:16:23.405 INFO  WebHelpers -Click Button  with value - "null" - Finance Site Settings - 
19:16:24.455 INFO  WebHelpers -Switch to the new window: Finance Site Settings
19:16:24.756 INFO  WebHelpers -Click Button  with value - "null" - Export to Excel - a_export
19:16:26.756 INFO  WebHelpers -File with name - Finance Site Settings.xlsx was downloaded successfully.
19:16:30.789 INFO  FinanceSiteSettingsPageTests -----------------------------------------------------------------------------------------------------------------------
19:16:35.736 INFO  WebHelpers -Open URL: us01.dynamicseam.com
19:16:36.873 INFO  WebHelpers -Click Button  with value - "null" - Enterprise Applications - 
19:16:56.993 INFO  WebHelpers -Switch to IFrame: Proxy element for: DefaultElementLocator 'By.id: contentIFrame'
19:16:57.174 INFO  WebHelpers -Click Button  with value - "null" - Finance Site Settings - 
19:16:58.227 INFO  WebHelpers -Switch to the new window: Finance Site Settings
19:17:02.451 INFO  FinanceSiteSettingsPageTests -----------------------------------------------------------------------------------------------------------------------
19:17:08.799 INFO  WebHelpers -Open URL: us01.dynamicseam.com
19:17:11.315 INFO  WebHelpers -Click Button  with value - "null" - Enterprise Applications - 
19:17:31.431 INFO  WebHelpers -Switch to IFrame: Proxy element for: DefaultElementLocator 'By.id: contentIFrame'
19:17:31.670 INFO  WebHelpers -Click Button  with value - "null" - Finance Site Settings - 
19:17:32.718 INFO  WebHelpers -Switch to the new window: Finance Site Settings
19:17:32.998 INFO  WebHelpers -Click Button  with value - "null" - Transmission Summary (last 3 months) - a_export1
19:17:34.999 INFO  WebHelpers -File with name - Transmitted Invoices.xlsm was downloaded successfully.
19:17:38.951 INFO  FinanceSiteSettingsPageTests -----------------------------------------------------------------------------------------------------------------------
19:17:43.965 INFO  WebHelpers -Open URL: us01.dynamicseam.com
19:17:44.974 INFO  WebHelpers -Click Button  with value - "null" - Enterprise Applications - 
19:18:05.072 INFO  WebHelpers -Switch to IFrame: Proxy element for: DefaultElementLocator 'By.id: contentIFrame'
19:18:05.255 INFO  WebHelpers -Click Button  with value - "null" - Finance Site Settings - 
19:18:06.289 INFO  WebHelpers -Switch to the new window: Finance Site Settings
19:18:10.255 INFO  InvoicingStatusTransmissionPageTests -----------------------------------------------------------------------------------------------------------------------
19:18:15.251 INFO  WebHelpers -Open URL: us01.dynamicseam.com
19:18:16.363 INFO  WebHelpers -Click Button  with value - "null" - Enterprise Applications - 
19:18:36.511 INFO  WebHelpers -Switch to IFrame: Proxy element for: DefaultElementLocator 'By.id: contentIFrame'
19:18:36.689 INFO  WebHelpers -Click Button  with value - "null" - Invoicing Status/Transmission - 
19:18:37.724 INFO  WebHelpers -Switch to the new window: Invoicing Status/Transmission
19:18:41.838 INFO  InvoicingStatusTransmissionPageTests -----------------------------------------------------------------------------------------------------------------------
19:18:46.882 INFO  WebHelpers -Open URL: us01.dynamicseam.com
19:18:48.017 INFO  WebHelpers -Click Button  with value - "null" - Enterprise Applications - 
19:19:08.103 INFO  WebHelpers -Switch to IFrame: Proxy element for: DefaultElementLocator 'By.id: contentIFrame'
19:19:08.279 INFO  WebHelpers -Click Button  with value - "null" - Invoicing Status/Transmission - 
19:19:09.312 INFO  WebHelpers -Switch to the new window: Invoicing Status/Transmission
19:19:13.254 INFO  InvoicingStatusTransmissionPageTests -----------------------------------------------------------------------------------------------------------------------
19:19:18.112 INFO  WebHelpers -Open URL: us01.dynamicseam.com
19:19:19.220 INFO  WebHelpers -Click Button  with value - "null" - Enterprise Applications - 
19:19:39.365 INFO  WebHelpers -Switch to IFrame: Proxy element for: DefaultElementLocator 'By.id: contentIFrame'
19:19:39.536 INFO  WebHelpers -Click Button  with value - "null" - Invoicing Status/Transmission - 
19:19:40.579 INFO  WebHelpers -Switch to the new window: Invoicing Status/Transmission
19:19:40.903 INFO  WebHelpers -Click Button  with value - "null" - Export to Excel - a_export
19:19:42.903 INFO  WebHelpers -File with name - Invoicing Status.xlsx was downloaded successfully.
19:19:46.833 INFO  InvoicingStatusTransmissionPageTests -----------------------------------------------------------------------------------------------------------------------
19:19:51.947 INFO  WebHelpers -Open URL: us01.dynamicseam.com
19:19:53.067 INFO  WebHelpers -Click Button  with value - "null" - Enterprise Applications - 
19:20:13.136 INFO  WebHelpers -Switch to IFrame: Proxy element for: DefaultElementLocator 'By.id: contentIFrame'
19:20:13.304 INFO  WebHelpers -Click Button  with value - "null" - Items without Manufacturer (Created in 30 days) - 
19:20:14.334 INFO  WebHelpers -Switch to the new window: Items without Manufacturer (Created in 30 days)
19:20:18.359 INFO  InvoicingStatusTransmissionPageTests -----------------------------------------------------------------------------------------------------------------------
19:20:23.306 INFO  WebHelpers -Open URL: us01.dynamicseam.com
19:20:24.300 INFO  WebHelpers -Click Button  with value - "null" - Enterprise Applications - 
19:20:44.386 INFO  WebHelpers -Switch to IFrame: Proxy element for: DefaultElementLocator 'By.id: contentIFrame'
19:20:44.567 INFO  WebHelpers -Click Button  with value - "null" - Items without Manufacturer (Created in 30 days) - 
19:20:45.602 INFO  WebHelpers -Switch to the new window: Items without Manufacturer (Created in 30 days)
19:20:49.515 INFO  InvoicingStatusTransmissionPageTests -----------------------------------------------------------------------------------------------------------------------
19:20:54.557 INFO  WebHelpers -Open URL: us01.dynamicseam.com
19:20:55.579 INFO  WebHelpers -Click Button  with value - "null" - Enterprise Applications - 
19:21:15.681 INFO  WebHelpers -Switch to IFrame: Proxy element for: DefaultElementLocator 'By.id: contentIFrame'
19:21:15.864 INFO  WebHelpers -Click Button  with value - "null" - Items without Manufacturer (Created in 30 days) - 
19:21:16.892 INFO  WebHelpers -Switch to the new window: Items without Manufacturer (Created in 30 days)
19:21:17.185 INFO  WebHelpers -Click WebElement: "1143596 "
19:21:17.254 INFO  WebHelpers -Switch to the new window: Workplace: Enterprise Applications - Microsoft Dynamics CRM
19:21:18.289 INFO  WebHelpers -Switch to the new window: Microsoft Dynamics CRM
19:21:22.196 INFO  InvoicingStatusTransmissionPageTests -----------------------------------------------------------------------------------------------------------------------
19:21:27.327 INFO  WebHelpers -Open URL: us01.dynamicseam.com
19:21:28.395 INFO  WebHelpers -Click Button  with value - "null" - Enterprise Applications - 
19:21:48.487 INFO  WebHelpers -Switch to IFrame: Proxy element for: DefaultElementLocator 'By.id: contentIFrame'
19:21:48.674 INFO  WebHelpers -Click Button  with value - "null" - Items without Manufacturer (Created in 30 days) - 
19:21:49.767 INFO  WebHelpers -Switch to the new window: Items without Manufacturer (Created in 30 days)
19:21:50.079 INFO  WebHelpers -Click Button  with value - "null" - Export to Excel - a_export
19:21:52.081 INFO  WebHelpers -File with name - Items Without Manufacturer.xlsx was downloaded successfully.
19:42:32.393 INFO  InvoicingStatusTransmissionPageTests -----------------------------------------------------------------------------------------------------------------------
19:42:39.786 INFO  WebHelpers -Open URL: us01.dynamicseam.com
19:42:40.953 INFO  WebHelpers -Click Button  with value - "null" - Enterprise Applications - 
19:43:01.082 INFO  WebHelpers -Switch to IFrame: Proxy element for: DefaultElementLocator 'By.id: contentIFrame'
19:43:01.272 INFO  WebHelpers -Click Button  with value - "null" - Items without Manufacturer (Created in 30 days) - 
19:43:02.325 INFO  WebHelpers -Switch to the new window: Items without Manufacturer (Created in 30 days)
19:43:02.427 INFO  WebHelpers -Click WebElement: "1143596 "
19:43:02.458 INFO  WebHelpers -Switch to the new window: Workplace: Enterprise Applications - Microsoft Dynamics CRM
19:43:52.862 INFO  InvoicingStatusTransmissionPageTests -----------------------------------------------------------------------------------------------------------------------
19:43:58.019 INFO  WebHelpers -Open URL: us01.dynamicseam.com
19:43:59.053 INFO  WebHelpers -Click Button  with value - "null" - Enterprise Applications - 
19:44:19.201 INFO  WebHelpers -Switch to IFrame: Proxy element for: DefaultElementLocator 'By.id: contentIFrame'
19:44:19.384 INFO  WebHelpers -Click Button  with value - "null" - Items without Manufacturer (Created in 30 days) - 
19:44:20.423 INFO  WebHelpers -Switch to the new window: Items without Manufacturer (Created in 30 days)
19:44:20.647 INFO  WebHelpers -Click WebElement: "1143596 "
19:44:20.678 INFO  WebHelpers -Switch to the new window: Workplace: Enterprise Applications - Microsoft Dynamics CRM
19:45:06.490 INFO  InvoicingStatusTransmissionPageTests -----------------------------------------------------------------------------------------------------------------------
19:45:12.378 INFO  WebHelpers -Open URL: us01.dynamicseam.com
19:45:13.416 INFO  WebHelpers -Click Button  with value - "null" - Enterprise Applications - 
19:45:33.514 INFO  WebHelpers -Switch to IFrame: Proxy element for: DefaultElementLocator 'By.id: contentIFrame'
19:45:33.702 INFO  WebHelpers -Click Button  with value - "null" - Items without Manufacturer (Created in 30 days) - 
19:45:34.750 INFO  WebHelpers -Switch to the new window: Items without Manufacturer (Created in 30 days)
19:45:34.852 INFO  WebHelpers -Click WebElement: "1143596 "
19:45:34.879 INFO  WebHelpers -Switch to the new window: Workplace: Enterprise Applications - Microsoft Dynamics CRM
19:46:16.396 INFO  InvoicingStatusTransmissionPageTests -----------------------------------------------------------------------------------------------------------------------
19:46:21.624 INFO  WebHelpers -Open URL: us01.dynamicseam.com
19:46:22.776 INFO  WebHelpers -Click Button  with value - "null" - Enterprise Applications - 
19:46:42.882 INFO  WebHelpers -Switch to IFrame: Proxy element for: DefaultElementLocator 'By.id: contentIFrame'
19:46:43.065 INFO  WebHelpers -Click Button  with value - "null" - Items without Manufacturer (Created in 30 days) - 
19:46:44.104 INFO  WebHelpers -Switch to the new window: Items without Manufacturer (Created in 30 days)
19:46:44.230 INFO  WebHelpers -Click WebElement: "1143596 "
19:46:44.259 INFO  WebHelpers -Switch to the new window: Workplace: Enterprise Applications - Microsoft Dynamics CRM
19:47:08.681 INFO  InvoicingStatusTransmissionPageTests -----------------------------------------------------------------------------------------------------------------------
19:47:13.884 INFO  WebHelpers -Open URL: us01.dynamicseam.com
19:47:15.046 INFO  WebHelpers -Click Button  with value - "null" - Enterprise Applications - 
19:47:35.184 INFO  WebHelpers -Switch to IFrame: Proxy element for: DefaultElementLocator 'By.id: contentIFrame'
19:47:35.363 INFO  WebHelpers -Click Button  with value - "null" - Items without Manufacturer (Created in 30 days) - 
19:47:36.408 INFO  WebHelpers -Switch to the new window: Items without Manufacturer (Created in 30 days)
19:47:36.522 INFO  WebHelpers -Click WebElement: "1143596 "
19:48:05.250 INFO  InvoicingStatusTransmissionPageTests -----------------------------------------------------------------------------------------------------------------------
19:48:11.349 INFO  WebHelpers -Open URL: us01.dynamicseam.com
19:48:12.430 INFO  WebHelpers -Click Button  with value - "null" - Enterprise Applications - 
19:48:32.587 INFO  WebHelpers -Switch to IFrame: Proxy element for: DefaultElementLocator 'By.id: contentIFrame'
19:48:32.768 INFO  WebHelpers -Click Button  with value - "null" - Items without Manufacturer (Created in 30 days) - 
19:48:33.817 INFO  WebHelpers -Switch to the new window: Items without Manufacturer (Created in 30 days)
19:48:34.106 INFO  WebHelpers -Click WebElement: "1143596 "
19:48:34.175 INFO  WebHelpers -Switch to the new window: Workplace: Enterprise Applications - Microsoft Dynamics CRM
19:48:35.211 INFO  WebHelpers -Switch to the new window: Microsoft Dynamics CRM
19:50:53.410 INFO  InvoicingStatusTransmissionPageTests -----------------------------------------------------------------------------------------------------------------------
19:50:58.795 INFO  WebHelpers -Open URL: us01.dynamicseam.com
19:50:59.837 INFO  WebHelpers -Click Button  with value - "null" - Enterprise Applications - 
19:51:19.981 INFO  WebHelpers -Switch to IFrame: Proxy element for: DefaultElementLocator 'By.id: contentIFrame'
19:51:20.176 INFO  WebHelpers -Click Button  with value - "null" - Items without Manufacturer (Created in 30 days) - 
19:51:21.217 INFO  WebHelpers -Switch to the new window: Items without Manufacturer (Created in 30 days)
19:51:25.413 INFO  InvoicingStatusTransmissionPageTests -----------------------------------------------------------------------------------------------------------------------
19:51:30.385 INFO  WebHelpers -Open URL: us01.dynamicseam.com
19:51:31.531 INFO  WebHelpers -Click Button  with value - "null" - Enterprise Applications - 
19:51:48.791 INFO  InvoicingStatusTransmissionPageTests -----------------------------------------------------------------------------------------------------------------------
19:51:53.858 INFO  WebHelpers -Open URL: us01.dynamicseam.com
19:51:55.008 INFO  WebHelpers -Click Button  with value - "null" - Enterprise Applications - 
19:52:15.101 INFO  WebHelpers -Switch to IFrame: Proxy element for: DefaultElementLocator 'By.id: contentIFrame'
19:52:15.285 INFO  WebHelpers -Click Button  with value - "null" - Invoicing Status/Transmission - 
19:52:16.331 INFO  WebHelpers -Switch to the new window: Invoicing Status/Transmission
19:52:19.682 INFO  WebHelpers -Click WebElement: "Water-Sea "
19:52:19.721 INFO  WebHelpers -Switch to the new window: Workplace: Enterprise Applications - Microsoft Dynamics CRM
20:10:32.414 INFO  InvoicingStatusTransmissionPageTests -----------------------------------------------------------------------------------------------------------------------
20:10:37.816 INFO  WebHelpers -Open URL: us01.dynamicseam.com
20:10:39.216 INFO  WebHelpers -Click Button  with value - "null" - Enterprise Applications - 
20:10:59.335 INFO  WebHelpers -Switch to IFrame: Proxy element for: DefaultElementLocator 'By.id: contentIFrame'
20:10:59.524 INFO  WebHelpers -Click Button  with value - "null" - Invoicing Status/Transmission - 
20:15:01.500 INFO  InvoicingStatusTransmissionPageTests -----------------------------------------------------------------------------------------------------------------------
20:15:06.577 INFO  WebHelpers -Open URL: us01.dynamicseam.com
20:15:07.616 INFO  WebHelpers -Click Button  with value - "null" - Enterprise Applications - 
20:15:27.725 INFO  WebHelpers -Switch to IFrame: Proxy element for: DefaultElementLocator 'By.id: contentIFrame'
20:15:27.914 INFO  WebHelpers -Click Button  with value - "null" - Invoicing Status/Transmission - 
20:16:02.578 INFO  InvoicingStatusTransmissionPageTests -----------------------------------------------------------------------------------------------------------------------
20:16:08.077 INFO  WebHelpers -Open URL: us01.dynamicseam.com
20:16:09.285 INFO  WebHelpers -Click Button  with value - "null" - Enterprise Applications - 
20:16:29.359 INFO  WebHelpers -Switch to IFrame: Proxy element for: DefaultElementLocator 'By.id: contentIFrame'
20:16:29.540 INFO  WebHelpers -Click Button  with value - "null" - Invoicing Status/Transmission - 
20:18:08.315 INFO  InvoicingStatusTransmissionPageTests -----------------------------------------------------------------------------------------------------------------------
20:18:13.545 INFO  WebHelpers -Open URL: us01.dynamicseam.com
20:18:14.620 INFO  WebHelpers -Click Button  with value - "null" - Enterprise Applications - 
20:18:34.764 INFO  WebHelpers -Switch to IFrame: Proxy element for: DefaultElementLocator 'By.id: contentIFrame'
20:18:34.945 INFO  WebHelpers -Click Button  with value - "null" - Invoicing Status/Transmission - 
20:23:29.232 INFO  InvoicingStatusTransmissionPageTests -----------------------------------------------------------------------------------------------------------------------
20:23:34.357 INFO  WebHelpers -Open URL: us01.dynamicseam.com
20:23:35.432 INFO  WebHelpers -Click Button  with value - "null" - Enterprise Applications - 
20:23:55.541 INFO  WebHelpers -Switch to IFrame: Proxy element for: DefaultElementLocator 'By.id: contentIFrame'
20:23:55.738 INFO  WebHelpers -Click Button  with value - "null" - Invoicing Status/Transmission - 
20:26:36.599 INFO  InvoicingStatusTransmissionPageTests -----------------------------------------------------------------------------------------------------------------------
20:26:41.519 INFO  WebHelpers -Open URL: us01.dynamicseam.com
20:26:42.630 INFO  WebHelpers -Click Button  with value - "null" - Enterprise Applications - 
20:27:02.781 INFO  WebHelpers -Switch to IFrame: Proxy element for: DefaultElementLocator 'By.id: contentIFrame'
20:27:02.997 INFO  WebHelpers -Click Button  with value - "null" - Invoicing Status/Transmission - 
21:20:59.823 INFO  FinanceSiteSettingsPageTests -----------------------------------------------------------------------------------------------------------------------
21:21:07.996 INFO  WebHelpers -Open URL: us01.dynamicseam.com
21:21:09.243 INFO  WebHelpers -Click Button  with value - "null" - Enterprise Applications - 
21:21:29.370 INFO  WebHelpers -Switch to IFrame: Proxy element for: DefaultElementLocator 'By.id: contentIFrame'
21:21:29.560 INFO  WebHelpers -Click Button  with value - "null" - Finance Site Settings - 
21:21:30.637 INFO  WebHelpers -Switch to the new window: Finance Site Settings
21:21:30.923 INFO  WebHelpers -Click Button  with value - "null" - Export to Excel - a_export
21:21:32.925 INFO  WebHelpers -File with name - Finance Site Settings.xlsx was downloaded successfully.
21:21:36.916 INFO  FinanceSiteSettingsPageTests -----------------------------------------------------------------------------------------------------------------------
21:21:41.881 INFO  WebHelpers -Open URL: us01.dynamicseam.com
21:21:43.079 INFO  WebHelpers -Click Button  with value - "null" - Enterprise Applications - 
21:22:03.180 INFO  WebHelpers -Switch to IFrame: Proxy element for: DefaultElementLocator 'By.id: contentIFrame'
21:22:03.357 INFO  WebHelpers -Click Button  with value - "null" - Finance Site Settings - 
21:22:04.399 INFO  WebHelpers -Switch to the new window: Finance Site Settings
21:22:08.576 INFO  FinanceSiteSettingsPageTests -----------------------------------------------------------------------------------------------------------------------
21:22:13.498 INFO  WebHelpers -Open URL: us01.dynamicseam.com
21:22:14.613 INFO  WebHelpers -Click Button  with value - "null" - Enterprise Applications - 
21:22:34.751 INFO  WebHelpers -Switch to IFrame: Proxy element for: DefaultElementLocator 'By.id: contentIFrame'
21:22:34.937 INFO  WebHelpers -Click Button  with value - "null" - Finance Site Settings - 
21:22:35.978 INFO  WebHelpers -Switch to the new window: Finance Site Settings
21:22:36.261 INFO  WebHelpers -Click Button  with value - "null" - Transmission Summary (last 3 months) - a_export1
21:22:38.262 INFO  WebHelpers -File with name - Transmitted Invoices.xlsm was downloaded successfully.
21:22:42.247 INFO  FinanceSiteSettingsPageTests -----------------------------------------------------------------------------------------------------------------------
21:22:47.267 INFO  WebHelpers -Open URL: us01.dynamicseam.com
21:22:48.291 INFO  WebHelpers -Click Button  with value - "null" - Enterprise Applications - 
21:23:08.440 INFO  WebHelpers -Switch to IFrame: Proxy element for: DefaultElementLocator 'By.id: contentIFrame'
21:23:08.610 INFO  WebHelpers -Click Button  with value - "null" - Finance Site Settings - 
21:23:09.648 INFO  WebHelpers -Switch to the new window: Finance Site Settings
21:23:13.628 INFO  InvoicingStatusTransmissionPageTests -----------------------------------------------------------------------------------------------------------------------
21:23:18.559 INFO  WebHelpers -Open URL: us01.dynamicseam.com
21:23:19.723 INFO  WebHelpers -Click Button  with value - "null" - Enterprise Applications - 
21:23:39.803 INFO  WebHelpers -Switch to IFrame: Proxy element for: DefaultElementLocator 'By.id: contentIFrame'
21:23:39.977 INFO  WebHelpers -Click Button  with value - "null" - Invoicing Status/Transmission - 
21:23:41.446 INFO  WebHelpers -Switch to the new window: Invoicing Status/Transmission
21:23:45.596 INFO  InvoicingStatusTransmissionPageTests -----------------------------------------------------------------------------------------------------------------------
21:23:51.791 INFO  WebHelpers -Open URL: us01.dynamicseam.com
21:23:52.775 INFO  WebHelpers -Click Button  with value - "null" - Enterprise Applications - 
21:24:12.877 INFO  WebHelpers -Switch to IFrame: Proxy element for: DefaultElementLocator 'By.id: contentIFrame'
21:24:13.058 INFO  WebHelpers -Click Button  with value - "null" - Invoicing Status/Transmission - 
21:24:14.110 INFO  WebHelpers -Switch to the new window: Invoicing Status/Transmission
21:24:18.103 INFO  InvoicingStatusTransmissionPageTests -----------------------------------------------------------------------------------------------------------------------
21:24:22.840 INFO  WebHelpers -Open URL: us01.dynamicseam.com
21:24:23.856 INFO  WebHelpers -Click Button  with value - "null" - Enterprise Applications - 
21:24:43.951 INFO  WebHelpers -Switch to IFrame: Proxy element for: DefaultElementLocator 'By.id: contentIFrame'
21:24:44.127 INFO  WebHelpers -Click Button  with value - "null" - Invoicing Status/Transmission - 
21:24:45.174 INFO  WebHelpers -Switch to the new window: Invoicing Status/Transmission
21:24:45.447 INFO  WebHelpers -Click Button  with value - "null" - Export to Excel - a_export
21:24:47.449 INFO  WebHelpers -File with name - Invoicing Status.xlsx was downloaded successfully.
21:24:51.443 INFO  InvoicingStatusTransmissionPageTests -----------------------------------------------------------------------------------------------------------------------
21:24:56.399 INFO  WebHelpers -Open URL: us01.dynamicseam.com
21:24:57.421 INFO  WebHelpers -Click Button  with value - "null" - Enterprise Applications - 
21:25:17.544 INFO  WebHelpers -Switch to IFrame: Proxy element for: DefaultElementLocator 'By.id: contentIFrame'
21:25:17.741 INFO  WebHelpers -Click Button  with value - "null" - Items without Manufacturer (Created in 30 days) - 
21:25:18.775 INFO  WebHelpers -Switch to the new window: Items without Manufacturer (Created in 30 days)
21:25:22.924 INFO  InvoicingStatusTransmissionPageTests -----------------------------------------------------------------------------------------------------------------------
21:25:27.797 INFO  WebHelpers -Open URL: us01.dynamicseam.com
21:25:28.938 INFO  WebHelpers -Click Button  with value - "null" - Enterprise Applications - 
21:25:49.043 INFO  WebHelpers -Switch to IFrame: Proxy element for: DefaultElementLocator 'By.id: contentIFrame'
21:25:49.314 INFO  WebHelpers -Click Button  with value - "null" - Items without Manufacturer (Created in 30 days) - 
21:25:50.379 INFO  WebHelpers -Switch to the new window: Items without Manufacturer (Created in 30 days)
21:25:54.611 INFO  InvoicingStatusTransmissionPageTests -----------------------------------------------------------------------------------------------------------------------
21:25:59.980 INFO  WebHelpers -Open URL: us01.dynamicseam.com
21:26:01.014 INFO  WebHelpers -Click Button  with value - "null" - Enterprise Applications - 
21:26:21.073 INFO  WebHelpers -Switch to IFrame: Proxy element for: DefaultElementLocator 'By.id: contentIFrame'
21:26:21.298 INFO  WebHelpers -Click Button  with value - "null" - Items without Manufacturer (Created in 30 days) - 
21:26:24.531 INFO  WebHelpers -Switch to the new window: Items without Manufacturer (Created in 30 days)
21:26:24.941 INFO  WebHelpers -Click WebElement: "1143596 "
21:26:24.999 INFO  WebHelpers -Switch to the new window: Workplace: Enterprise Applications - Microsoft Dynamics CRM
21:26:33.997 INFO  WebHelpers -Switch to the new window: Microsoft Dynamics CRM
21:26:38.211 INFO  InvoicingStatusTransmissionPageTests -----------------------------------------------------------------------------------------------------------------------
21:26:45.255 INFO  WebHelpers -Open URL: us01.dynamicseam.com
21:26:46.327 INFO  WebHelpers -Click Button  with value - "null" - Enterprise Applications - 
21:27:06.417 INFO  WebHelpers -Switch to IFrame: Proxy element for: DefaultElementLocator 'By.id: contentIFrame'
21:27:06.592 INFO  WebHelpers -Click Button  with value - "null" - Items without Manufacturer (Created in 30 days) - 
21:27:07.629 INFO  WebHelpers -Switch to the new window: Items without Manufacturer (Created in 30 days)
21:27:07.996 INFO  WebHelpers -Click Button  with value - "null" - Export to Excel - a_export
21:27:09.996 INFO  WebHelpers -File with name - Items Without Manufacturer.xlsx was downloaded successfully.
