20:45:07.556 INFO  WebHelpers -Send text to WebElement Login: "VBIBIKSU"
20:45:07.856 INFO  WebHelpers -Send text to WebElement Password: "deadman11"
20:45:08.692 INFO  WebHelpers -Click Button ""
20:45:08.853 INFO  WebHelpers -Click WebElement "Purchasing "
20:45:09.224 INFO  WebHelpers -Click Button  with value - "null" - Supplier - 
20:45:11.110 INFO  WebHelpers -Click Button "Create"
20:45:11.607 INFO  CreateSupplierPage -Field Remit To was field by value
20:45:16.697 INFO  WebHelpers -Click Button "Save"
20:45:17.833 INFO  LoginPageTests -Supplier was created, his Number is: SUPPLIER_STATUS_APPROVED_DEMO_SOS_2019/05/31_EUAWS
20:45:17.834 INFO  LoginPageTests -------------------------------------------------------
20:56:08.293 INFO  LoginPageTests -------------------------------------------------------
20:56:08.597 INFO  WebHelpers -Open URL: http://localhost:8080/sos/splashScreen.sos
20:56:08.891 INFO  WebHelpers -Send text to WebElement Login: "VBIBIKSU"
20:56:09.072 INFO  WebHelpers -Send text to WebElement Password: "deadman11"
20:56:10.292 INFO  WebHelpers -Click Button ""
20:56:10.456 INFO  WebHelpers -Click WebElement "Purchasing "
20:56:10.867 INFO  WebHelpers -Click Button  with value - "null" - Supplier - 
20:56:11.992 INFO  WebHelpers -Click Button "Create"
20:56:12.254 INFO  CreateSupplierPage -Field Remit To was field by value
20:56:15.214 INFO  WebHelpers -Click Button  with value - "Save" -  - 
20:56:15.296 INFO  WebHelpers -WebElement text "S0005" was received: 
20:56:15.325 INFO  WebHelpers -WebElement text "S0005" was received: 
20:56:15.325 INFO  LoginPageTests -Supplier was created, his Number is: S0005
20:56:15.325 INFO  LoginPageTests -Supplier name is : SUPPLIER_STATUS_NEW_DEMO_SALES_2019/05/31_HARHJEYF
20:56:15.326 INFO  LoginPageTests -------------------------------------------------------
20:57:48.124 INFO  LoginPageTests -------------------------------------------------------
20:57:48.486 INFO  WebHelpers -Open URL: http://localhost:8080/sos/splashScreen.sos
20:57:48.756 INFO  WebHelpers -Send text to WebElement Login: "VBIBIKSU"
20:57:48.995 INFO  WebHelpers -Send text to WebElement Password: "deadman11"
20:57:49.728 INFO  WebHelpers -Click Button ""
20:57:49.964 INFO  WebHelpers -Click WebElement "Purchasing "
20:58:12.932 INFO  LoginPageTests -------------------------------------------------------
20:58:13.288 INFO  WebHelpers -Open URL: http://localhost:8080/sos/splashScreen.sos
20:58:13.561 INFO  WebHelpers -Send text to WebElement Login: "VBIBIKSU"
20:58:13.737 INFO  WebHelpers -Send text to WebElement Password: "deadman11"
20:58:14.732 INFO  WebHelpers -Click Button ""
20:58:14.971 INFO  WebHelpers -Click WebElement "Purchasing "
20:58:15.704 INFO  WebHelpers -Click Button  with value - "null" - Supplier - 
20:58:17.053 INFO  WebHelpers -Click Button "Create"
20:58:17.521 INFO  CreateSupplierPage -Field Remit To was field by value
20:58:21.054 INFO  WebHelpers -Click Button  with value - "Save" -  - 
20:58:21.160 INFO  WebHelpers -WebElement text "S0006" was received: 
20:58:21.240 INFO  WebHelpers -WebElement text "S0006" was received: 
20:58:21.240 INFO  LoginPageTests -Supplier was created, his Number is: S0006
20:58:21.240 INFO  LoginPageTests -Supplier name is : SUPPLIER_STATUS_NEW_DEMO_SALES_2019/05/31_FGLSKP9Y
20:58:21.240 INFO  LoginPageTests -------------------------------------------------------
21:19:41.221 INFO  LoginPageTests -------------------------------------------------------
21:19:41.480 INFO  WebHelpers -Open URL: http://localhost:8080/sos/splashScreen.sos
21:19:41.823 INFO  WebHelpers -Send text to WebElement Login: "VBIBIKSU"
21:19:42.046 INFO  WebHelpers -Send text to WebElement Password: "deadman11"
21:19:42.768 INFO  WebHelpers -Click Button ""
21:19:42.951 INFO  WebHelpers -Click WebElement "Purchasing "
21:19:43.418 INFO  WebHelpers -Click Button  with value - "null" - Supplier - 
21:19:44.403 INFO  WebHelpers -Click Button "Create"
21:19:44.655 INFO  CreateSupplierPage -Field Remit To was field by value
21:19:48.347 INFO  WebHelpers -Click Button  with value - "Save" -  - 
21:19:48.443 INFO  WebHelpers -WebElement text "S0007" was received: 
21:19:48.469 INFO  WebHelpers -WebElement text "S0007" was received: 
21:19:48.469 INFO  LoginPageTests -Supplier was created, his Number is: S0007
21:19:48.470 INFO  LoginPageTests -Supplier name is : SUPPLIER_STATUS_NEW_DEMO_SALES_2019/05/31_7PBOBK4V
21:19:48.470 INFO  LoginPageTests -------------------------------------------------------
21:29:27.623 INFO  LoginPageTests -------------------------------------------------------
21:29:27.981 INFO  WebHelpers -Open URL: http://localhost:8080/sos/splashScreen.sos
21:29:28.236 INFO  WebHelpers -Send text to WebElement Login: "VBIBIKSU"
21:29:28.386 INFO  WebHelpers -Send text to WebElement Password: "deadman11"
21:29:28.989 INFO  WebHelpers -Click Button ""
21:29:29.132 INFO  WebHelpers -Click WebElement "Purchasing "
21:29:29.555 INFO  WebHelpers -Click Button  with value - "null" - Supplier - 
21:29:30.803 INFO  WebHelpers -Click Button "Create"
21:29:31.057 INFO  CreateSupplierPage -Field Remit To was field by value
21:29:34.007 INFO  WebHelpers -Click Button  with value - "Save" -  - 
21:29:34.101 INFO  WebHelpers -WebElement text "S0008" was received: 
21:29:34.128 INFO  WebHelpers -WebElement text "S0008" was received: 
21:29:34.128 INFO  LoginPageTests -Supplier was created, his Number is: S0008
21:29:34.128 INFO  LoginPageTests -Supplier name is : SUPPLIER_STATUS_NEW_DEMO_SALES_2019/05/31_BC6YSCZC
21:29:34.128 INFO  LoginPageTests -------------------------------------------------------
21:30:10.133 INFO  LoginPageTests -------------------------------------------------------
21:30:10.417 INFO  WebHelpers -Open URL: http://localhost:8080/sos/splashScreen.sos
21:30:10.724 INFO  WebHelpers -Send text to WebElement Login: "VBIBIKSU"
21:30:10.877 INFO  WebHelpers -Send text to WebElement Password: "deadman11"
21:30:11.597 INFO  WebHelpers -Click Button ""
21:30:11.759 INFO  WebHelpers -Click WebElement "Purchasing "
21:30:12.368 INFO  WebHelpers -Click Button  with value - "null" - Supplier - 
21:30:13.617 INFO  WebHelpers -Click Button "Create"
21:30:13.974 INFO  CreateSupplierPage -Field Remit To was field by value
21:30:17.297 INFO  WebHelpers -Click Button  with value - "Save" -  - 
21:30:17.401 INFO  WebHelpers -WebElement text "S0009" was received: 
21:30:17.483 INFO  WebHelpers -WebElement text "S0009" was received: 
21:30:17.483 INFO  LoginPageTests -Supplier was created, his Number is: S0009
21:30:17.483 INFO  LoginPageTests -Supplier name is : SUPPLIER_STATUS_NEW_DEMO_SALES_2019/05/31_IZZDZFVE
21:30:17.483 INFO  LoginPageTests -------------------------------------------------------
21:33:29.870 INFO  LoginPageTests -------------------------------------------------------
21:33:30.115 INFO  WebHelpers -Open URL: http://localhost:8080/sos/splashScreen.sos
21:33:30.459 INFO  WebHelpers -Send text to WebElement Login: "VBIBIKSU"
21:33:30.712 INFO  WebHelpers -Send text to WebElement Password: "deadman11"
21:33:31.487 INFO  WebHelpers -Click Button ""
21:33:31.651 INFO  WebHelpers -Click WebElement "Purchasing "
21:33:32.028 INFO  WebHelpers -Click Button  with value - "null" - Supplier - 
21:33:32.859 INFO  WebHelpers -Click Button "Create"
21:33:33.117 INFO  CreateSupplierPage -Field Remit To was field by value
21:33:35.815 INFO  WebHelpers -Click Button  with value - "Save" -  - 
21:33:35.898 INFO  WebHelpers -WebElement text "S0010" was received: 
21:33:35.927 INFO  WebHelpers -WebElement text "S0010" was received: 
21:33:35.927 INFO  LoginPageTests -Supplier was created, his Number is: S0010
21:33:35.927 INFO  LoginPageTests -Supplier name is : SUPPLIER_STATUS_NEW_DEMO_SALES_2019/05/31_YBH1HMJP
21:33:35.927 INFO  LoginPageTests -------------------------------------------------------
21:39:07.563 INFO  LoginPageTests -------------------------------------------------------
21:39:07.783 INFO  WebHelpers -Open URL: http://localhost:8080/sos/splashScreen.sos
21:39:08.017 INFO  WebHelpers -Send text to WebElement Login: "VBIBIKSU"
21:39:08.180 INFO  WebHelpers -Send text to WebElement Password: "deadman11"
21:39:08.809 INFO  WebHelpers -Click Button ""
21:39:08.937 INFO  WebHelpers -Click WebElement "Purchasing "
21:39:09.348 INFO  WebHelpers -Click Button  with value - "null" - Supplier - 
21:39:10.532 INFO  WebHelpers -Click Button "Create"
21:39:10.845 INFO  CreateSupplierPage -Field Remit To was field by value
21:39:13.637 INFO  WebHelpers -Click Button  with value - "Save" -  - 
21:39:13.740 INFO  WebHelpers -WebElement text "S0011" was received: 
21:39:13.768 INFO  WebHelpers -WebElement text "S0011" was received: 
21:39:13.768 INFO  LoginPageTests -Supplier was created, his Number is: S0011
21:39:13.768 INFO  LoginPageTests -Supplier name is : SUPPLIER_STATUS_NEW_DEMO_SALES_2019/05/31_R0WXDQHC
21:39:13.768 INFO  LoginPageTests -------------------------------------------------------
21:46:28.812 INFO  LoginPageTests -------------------------------------------------------
21:46:29.070 INFO  WebHelpers -Open URL: http://localhost:8080/sos/splashScreen.sos
21:46:29.320 INFO  WebHelpers -Send text to WebElement Login: "VBIBIKSU"
21:46:29.531 INFO  WebHelpers -Send text to WebElement Password: "deadman11"
21:46:30.532 INFO  WebHelpers -Click Button ""
21:46:30.732 INFO  WebHelpers -Click WebElement "Purchasing "
21:46:31.182 INFO  WebHelpers -Click Button  with value - "null" - Supplier - 
21:46:32.571 INFO  WebHelpers -Click Button "Create"
21:46:32.903 INFO  CreateSupplierPage -Field Remit To was field by value
21:46:37.423 INFO  WebHelpers -Click Button  with value - "Save" -  - 
21:46:37.522 INFO  WebHelpers -WebElement text "S0012" was received: 
21:46:37.550 INFO  WebHelpers -WebElement text "S0012" was received: 
21:46:37.550 INFO  LoginPageTests -Supplier was created, his Number is: S0012
21:46:37.550 INFO  LoginPageTests -Supplier name is : SUPPLIER_STATUS_NEW_DEMO_SALES_2019/05/31_GMSRPUXD
21:46:37.550 INFO  LoginPageTests -------------------------------------------------------
22:01:51.511 INFO  LoginPageTests -------------------------------------------------------
22:01:52.683 INFO  WebHelpers -Open URL: http://localhost:8080/sos/splashScreen.sos
22:01:53.240 INFO  WebHelpers -Send text to WebElement Login: "VBIBIKSU"
22:01:53.449 INFO  WebHelpers -Send text to WebElement Password: "deadman11"
22:01:55.612 INFO  WebHelpers -Click Button ""
22:01:55.786 INFO  WebHelpers -Click WebElement "Purchasing "
22:01:56.383 INFO  WebHelpers -Click Button  with value - "null" - Supplier - 
22:01:57.794 INFO  WebHelpers -Click Button "Create"
22:01:58.113 INFO  CreateSupplierPage -Field Remit To was field by value
22:02:01.944 INFO  WebHelpers -Click Button  with value - "Save" -  - 
22:02:02.072 INFO  WebHelpers -WebElement text "S0013" was received: 
22:02:02.116 INFO  WebHelpers -WebElement text "S0013" was received: 
22:02:02.116 INFO  LoginPageTests -Supplier was created, his Number is: S0013
22:02:02.116 INFO  LoginPageTests -Supplier name is : SUPPLIER_STATUS_NEW_DEMO_SALES_2019/05/31_MIJJ4WEG
22:02:02.116 INFO  LoginPageTests -------------------------------------------------------
22:05:18.983 INFO  LoginPageTests -------------------------------------------------------
22:05:19.241 INFO  WebHelpers -Open URL: http://localhost:8080/sos/splashScreen.sos
22:05:19.480 INFO  WebHelpers -Send text to WebElement Login: "VBIBIKSU"
22:05:19.676 INFO  WebHelpers -Send text to WebElement Password: "deadman11"
22:05:20.688 INFO  WebHelpers -Click Button ""
22:05:20.851 INFO  WebHelpers -Click WebElement "Purchasing "
22:05:21.284 INFO  WebHelpers -Click Button  with value - "null" - Supplier - 
22:05:22.239 INFO  WebHelpers -Click Button "Create"
22:05:22.483 INFO  CreateSupplierPage -Field Remit To was field by value
22:05:25.878 INFO  WebHelpers -Click Button  with value - "Save" -  - 
22:05:25.971 INFO  WebHelpers -WebElement text "S0014" was received: 
22:05:26.006 INFO  WebHelpers -WebElement text "S0014" was received: 
22:05:26.006 INFO  LoginPageTests -Supplier was created, his Number is: S0014
22:05:26.007 INFO  LoginPageTests -Supplier name is : SUPPLIER_STATUS_NEW_DEMO_SALES_2019/05/31_Q0RYX2OU
22:05:26.007 INFO  LoginPageTests -------------------------------------------------------
