19:06:55.107 INFO  CreatePurchaseRequisition -----------------------------------------------------------------------------------------------------------------------
19:06:58.474 INFO  WebHelpers -Open URL: https://www.webtma.net/login.aspx
19:06:58.624 INFO  WebHelpers -Send text to WebElement Login: "sss999"
19:06:58.789 INFO  WebHelpers -Send text to WebElement Password: "tma1"
19:06:58.964 INFO  WebHelpers -Send text to WebElement Client: "Jefferson Test"
19:07:00.785 INFO  WebHelpers -Click Button "Log In"
19:09:27.129 INFO  WebHelpers -Switch to the new window: 
19:09:40.838 INFO  CreatePurchaseRequisition -----------------------------------------------------------------------------------------------------------------------
19:09:47.344 INFO  WebHelpers -Open URL: https://www.webtma.net/login.aspx
19:09:47.506 INFO  WebHelpers -Send text to WebElement Login: "sss999"
19:09:47.651 INFO  WebHelpers -Send text to WebElement Password: "tma1"
19:09:47.893 INFO  WebHelpers -Send text to WebElement Client: "Jefferson Test"
19:09:49.808 INFO  WebHelpers -Click Button "Log In"
19:09:50.868 INFO  WebHelpers -Switch to the new window: WebTMA 5.1.0 - Thomas Jefferson University and Hospital - Synovos Sync (sss999)
19:10:27.238 INFO  WebHelpers -Click WebElement: "Material "
19:10:27.839 INFO  WebHelpers -Wait web element presence: "Purchase Requisitions" for seconds - 5
19:10:31.341 INFO  WebHelpers -Click Button  with value - "null" - Purchase Requisitions - 
19:10:51.480 INFO  WebHelpers -Switch to IFrame: Proxy element for: DefaultElementLocator 'By.id: mainFrame'
19:10:51.730 INFO  WebHelpers -Click Button  with value - "null" - Add - 
19:11:11.847 INFO  WebHelpers -Switch to IFrame: Proxy element for: DefaultElementLocator 'By.id: frameidentity'
19:11:17.722 INFO  WebHelpers -Wait web element presence: "PO" for seconds - 5
19:11:17.949 INFO  WebHelpers -Send text: PO - to the WebElement - [[ChromeDriver: chrome on XP (32c49aa31f6a5d553c7993643f96be45)] -> id: txtType_ComboBox_Input]
19:11:48.624 INFO  CreatePurchaseRequisition -----------------------------------------------------------------------------------------------------------------------
19:11:56.687 INFO  WebHelpers -Open URL: https://www.webtma.net/login.aspx
19:11:56.822 INFO  WebHelpers -Send text to WebElement Login: "sss999"
19:11:56.919 INFO  WebHelpers -Send text to WebElement Password: "tma1"
19:11:57.093 INFO  WebHelpers -Send text to WebElement Client: "Jefferson Test"
19:12:01.050 INFO  WebHelpers -Click Button "Log In"
19:12:02.099 INFO  WebHelpers -Switch to the new window: WebTMA 5.1.0 - Thomas Jefferson University and Hospital - Synovos Sync (sss999)
19:29:29.166 INFO  CreatePurchaseRequisition -----------------------------------------------------------------------------------------------------------------------
19:29:30.834 INFO  WebHelpers -Open URL: https://www.webtma.net/login.aspx
19:29:30.965 INFO  WebHelpers -Send text to WebElement Login: "sss999"
19:29:31.083 INFO  WebHelpers -Send text to WebElement Password: "tma1"
19:29:31.258 INFO  WebHelpers -Send text to WebElement Client: "Jefferson Test"
19:29:33.771 INFO  WebHelpers -Click Button "Log In"
19:29:45.896 INFO  WebHelpers -Switch to the new window: WebTMA 5.1.0 - Thomas Jefferson University and Hospital - Synovos Sync (sss999)
19:29:46.050 INFO  WebHelpers -Click WebElement: "Material "
19:29:46.645 INFO  WebHelpers -Wait web element presence: "Purchase Requisitions" for seconds - 5
19:29:49.608 INFO  WebHelpers -Click Button  with value - "null" - Purchase Requisitions - 
19:30:09.770 INFO  WebHelpers -Switch to IFrame: Proxy element for: DefaultElementLocator 'By.id: mainFrame'
19:30:10.009 INFO  WebHelpers -Click Button  with value - "null" - Add - 
19:30:30.138 INFO  WebHelpers -Switch to IFrame: Proxy element for: DefaultElementLocator 'By.id: frameidentity'
19:30:33.709 INFO  WebHelpers -Wait web element presence: "PO" for seconds - 5
19:30:33.867 INFO  WebHelpers -Send text: PO - to the WebElement - [[ChromeDriver: chrome on XP (87d604fbc1b0ef52fea87e4185a174c2)] -> id: txtType_ComboBox_Input]
19:30:35.757 INFO  WebHelpers -Wait web element presence: "FS" for seconds - 5
19:30:35.879 INFO  WebHelpers -Send text: FS - to the WebElement - [[ChromeDriver: chrome on XP (87d604fbc1b0ef52fea87e4185a174c2)] -> id: txtRepairCenter_ComboBox_Input]
19:30:38.728 INFO  WebHelpers -Click Button  with value - "null" - Add Item - grdPR_ctl00_ctl02_ctl00_lblAddItem
19:30:58.853 INFO  WebHelpers -Switch to IFrame: Proxy element for: DefaultElementLocator 'By.name: PurchReqDialog'
19:30:59.947 INFO  PurchReqDialogIFrame_PurchaseRequisitionEntry -Send text to WebElement - Account: "030-89000-6902"
19:31:01.896 INFO  PurchReqDialogIFrame_PurchaseRequisitionEntry -Send text to WebElement - Part Code: "180017"
19:31:01.950 INFO  WebHelpers -Wait web element presence: "" for seconds - 10
19:31:02.053 INFO  WebHelpers -Send text to WebElement: "[[ChromeDriver: chrome on XP (87d604fbc1b0ef52fea87e4185a174c2)] -> id: txtQuantity]". Text: " 100"
19:31:02.053 INFO  WebHelpers -Just wait for some web element.
19:31:02.851 INFO  WebHelpers -Click Button  with value - "Save & Close" -  - btnSave
19:31:04.065 INFO  WebHelpers -Click Button  with value - " " -  - grdPR_ctl00_ctl04_GECBtnExpandColumn
19:31:07.311 INFO  WebHelpers -Click Button  with value - "null" - Add Distribution - grdPR_ctl00_ctl05_Detail10_ctl02_ctl00_lblAddDistribution
19:31:27.456 INFO  WebHelpers -Switch to IFrame: Proxy element for: DefaultElementLocator 'By.name: PurchaseOrderDistributionDialog'
19:31:32.302 INFO  WebHelpers -Send text to WebElement: "[[ChromeDriver: chrome on XP (87d604fbc1b0ef52fea87e4185a174c2)] -> id: txtRequiredQty]". Text: " 100"
19:31:32.554 INFO  WebHelpers -Click Button  with value - "Save & Close" -  - btnSave
19:31:52.631 INFO  WebHelpers -Switch to IFrame: Proxy element for: DefaultElementLocator 'By.id: mainFrame'
19:31:53.762 INFO  WebHelpers -Click WebElement: " "
