12:44:28.924 INFO  LoginPageTests -------------------------------------------------------
12:44:29.193 INFO  WebHelpers -Open URL: http://localhost:8080/sos/splashScreen.sos
12:44:29.358 INFO  WebHelpers -Send text to WebElement Login: "VBIBIKSU"
12:44:29.464 INFO  WebHelpers -Send text to WebElement Password: "deadman11"
12:44:31.294 INFO  WebHelpers -Click Button ""
12:44:31.374 INFO  WebHelpers -Click WebElement "Purchasing "
12:44:31.654 INFO  WebHelpers -Click Button  with value - "null" - Supplier - 
12:44:37.732 INFO  WebHelpers -Click Button "Create"
12:44:37.957 INFO  CreateSupplierPage -Field Remit To was field by value
12:44:40.911 INFO  WebHelpers -Click Button  with value - "Save" -  - 
12:44:40.976 INFO  WebHelpers -WebElement text "S0477" was received: 
12:44:40.995 INFO  WebHelpers -WebElement text "S0477" was received: 
12:44:40.995 INFO  LoginPageTests -Supplier was created, his Number is: S0477
12:44:40.995 INFO  LoginPageTests -Supplier name is : SUPPLIER_STATUS_NEW_DEMO_SALES_2019/05/08_GLZW4JUS
12:44:40.995 INFO  LoginPageTests -------------------------------------------------------
12:44:45.559 INFO  WebHelpers -Send text to WebElement Login: "VBIBIKSU"
12:44:45.666 INFO  WebHelpers -Send text to WebElement Password: "deadman11"
12:44:45.991 INFO  WebHelpers -Click Button ""
12:44:46.084 INFO  WebHelpers -Click WebElement "Purchasing "
12:44:46.347 INFO  WebHelpers -Click Button  with value - "null" - Supplier - 
12:44:47.144 INFO  WebHelpers -Click Button "Create"
12:44:47.285 INFO  CreateSupplierPage -Field Remit To was field by value
12:44:48.812 INFO  WebHelpers -Click Button  with value - "Send For Approval" -  - 
12:44:49.237 INFO  WebHelpers -Send text to WebElement: "[[ChromeDriver: chrome on XP (49b322a7bd744f944e92688164062b75)] -> id: approvalCommentsHolder]". Text: " Supplier was created and sent for approval with status New Supplier - Pending Approval"
12:44:49.883 INFO  WebHelpers -Click Button  with value - "null" - OK - 
12:44:49.962 INFO  Create_Supplier_Status_Reject -Supplier was created, his Number is: S0478
12:44:49.962 INFO  Create_Supplier_Status_Reject -Supplier name is : SUPPLIER_STATUS_APPROVED_DEMO_SALES_2019/05/08_OST
12:44:49.962 INFO  Create_Supplier_Status_Reject -------------------------------------------------------
12:44:54.563 INFO  WebHelpers -Send text to WebElement Login: "VBIBIKSU"
12:44:54.688 INFO  WebHelpers -Send text to WebElement Password: "deadman11"
12:44:54.997 INFO  WebHelpers -Click Button ""
12:44:55.082 INFO  WebHelpers -Click WebElement "Purchasing "
12:44:55.348 INFO  WebHelpers -Click Button  with value - "null" - Supplier - 
12:44:55.949 INFO  WebHelpers -Click Button "Create"
12:44:56.081 INFO  CreateSupplierPage -Field Remit To was field by value
12:44:57.649 INFO  WebHelpers -Click Button "Send For Approval"
12:44:58.557 INFO  WebHelpers -Click Button  with value - "null" - OK - 
12:44:58.624 INFO  LoginPageTests -Supplier was created, his Number is: S0479
12:44:58.624 INFO  LoginPageTests -------------------------------------------------------
12:45:03.094 INFO  WebHelpers -Send text to WebElement Login: "VBIBIKSU"
12:45:03.173 INFO  WebHelpers -Send text to WebElement Password: "deadman11"
12:45:03.414 INFO  WebHelpers -Click Button ""
12:45:03.505 INFO  WebHelpers -Click WebElement "Purchasing "
12:45:04.609 INFO  WebHelpers -Click Button "null"
12:45:05.543 INFO  LoginPageTests -Approved Supplier number is: S0479
12:45:05.694 INFO  WebHelpers -Click WebElement " "
12:45:05.796 INFO  WebHelpers -Click Button "Approve"
12:45:06.801 INFO  WebHelpers -Click Button "null"
12:45:06.801 INFO  LoginPageTests -Supplier successfully passed first approval stage..
12:45:06.801 INFO  LoginPageTests -------------------------------------------------------
12:45:11.306 INFO  WebHelpers -Send text to WebElement Login: "VBIBIKSU"
12:45:11.397 INFO  WebHelpers -Send text to WebElement Password: "deadman11"
12:45:11.621 INFO  WebHelpers -Click Button ""
12:45:11.706 INFO  WebHelpers -Click WebElement "Purchasing "
12:45:12.279 INFO  WebHelpers -Click Button "null"
12:45:12.950 INFO  LoginPageTests -Supplier was approved, his number is: S0479
12:45:13.548 INFO  WebHelpers -Click WebElement " "
12:45:13.665 INFO  WebHelpers -Click Button "Approve"
12:45:14.487 INFO  WebHelpers -Click Button "null"
12:45:14.487 INFO  LoginPageTests -Supplier successfully passed second approval stage.
12:45:14.487 INFO  LoginPageTests -------------------------------------------------------
12:45:19.339 INFO  WebHelpers -Send text to WebElement Login: "VBIBIKSU"
12:45:19.421 INFO  WebHelpers -Send text to WebElement Password: "deadman11"
12:45:19.774 INFO  WebHelpers -Click Button  with value - "" -  - 
12:45:19.895 INFO  WebHelpers -Click Button  with value - "null" - Purchasing - 
12:45:20.125 INFO  WebHelpers -Click Button  with value - "null" - Supplier - 
12:45:20.710 INFO  WebHelpers -Click Button "Create"
12:45:20.864 INFO  CreateSupplierPage -Field Remit To was field by value
12:45:22.340 INFO  WebHelpers -Click Button "Send For Approval"
12:45:23.086 INFO  WebHelpers -Click Button  with value - "null" - OK - 
12:45:23.133 INFO  Create_Supplier_Status_Emergancy -Emergency Supplier was created, his number is: S0480
12:45:23.133 INFO  Create_Supplier_Status_Emergancy -------------------------------------------------------
12:45:27.602 INFO  WebHelpers -Send text to WebElement Login: "VBIBIKSU"
12:45:27.679 INFO  WebHelpers -Send text to WebElement Password: "deadman11"
12:45:27.996 INFO  WebHelpers -Click Button ""
12:45:28.103 INFO  WebHelpers -Click WebElement "Purchasing "
12:45:28.367 INFO  WebHelpers -Click Button  with value - "null" - Supplier - 
12:45:28.963 INFO  WebHelpers -Click Button "Create"
12:45:29.107 INFO  CreateSupplierPage -Field Remit To was field by value
12:45:30.631 INFO  WebHelpers -Click Button  with value - "Send For Approval" -  - 
12:45:31.093 INFO  WebHelpers -Send text to WebElement: "[[ChromeDriver: chrome on XP (8ddf0bca9ea61cdd894d5b66685639e5)] -> id: approvalCommentsHolder]". Text: " Supplier was created and sent for approval with status New Supplier - Pending Approval"
12:45:31.508 INFO  WebHelpers -Click Button  with value - "null" - OK - 
12:45:31.563 INFO  Create_Supplier_Status_Reject -Supplier name is : SUPPLIER_STATUS_APPROVED_DEMO_SALES_2019/05/08_DRN
12:45:31.579 INFO  Create_Supplier_Status_Reject -Supplier was created, his Number is: S0481
12:45:31.579 INFO  Create_Supplier_Status_Reject -------------------------------------------------------
12:45:36.389 INFO  WebHelpers -Send text to WebElement Login: "VBIBIKSU"
12:45:36.476 INFO  WebHelpers -Send text to WebElement Password: "deadman11"
12:45:37.300 INFO  WebHelpers -Click Button ""
12:45:37.379 INFO  WebHelpers -Click WebElement "Purchasing "
12:45:38.066 INFO  WebHelpers -Click Button "null"
12:45:39.136 INFO  Create_Supplier_Status_Reject -Supplier was chosen for Rejecting, his number is: S0481
12:45:39.243 INFO  WebHelpers -Click Button "Reject"
12:45:39.400 INFO  WebHelpers -Send text to WebElement: "[[ChromeDriver: chrome on XP (a60d1c6e6256ac58bec8383b226e8711)] -> id: decisionCommentsHolder]". Text: " Supplier_was_rejected"
12:45:39.936 INFO  WebHelpers -Click Button "null"
12:45:39.936 INFO  Create_Supplier_Status_Reject -Supplier was Rejected
12:45:39.936 INFO  Create_Supplier_Status_Reject -------------------------------------------------------
12:45:59.466 INFO  LoginPageTests -------------------------------------------------------
12:45:59.664 INFO  WebHelpers -Open URL: http://localhost:8080/sos/splashScreen.sos
12:45:59.784 INFO  WebHelpers -Send text to WebElement Login: "VBIBIKSU"
12:45:59.875 INFO  WebHelpers -Send text to WebElement Password: "deadman11"
12:46:00.148 INFO  WebHelpers -Click Button ""
12:46:00.241 INFO  WebHelpers -Click WebElement "Purchasing "
12:46:00.483 INFO  WebHelpers -Click Button  with value - "null" - Supplier - 
12:46:00.986 INFO  WebHelpers -Click Button "Create"
12:46:01.143 INFO  CreateSupplierPage -Field Remit To was field by value
12:46:02.999 INFO  WebHelpers -Click Button  with value - "Save" -  - 
12:46:03.055 INFO  WebHelpers -WebElement text "S0482" was received: 
12:46:03.070 INFO  WebHelpers -WebElement text "S0482" was received: 
12:46:03.070 INFO  LoginPageTests -Supplier was created, his Number is: S0482
12:46:03.070 INFO  LoginPageTests -Supplier name is : SUPPLIER_STATUS_NEW_DEMO_SALES_2019/05/08_YNEA3T1C
12:46:03.070 INFO  LoginPageTests -------------------------------------------------------
12:46:12.194 INFO  LoginPageTests -------------------------------------------------------
12:46:12.334 INFO  WebHelpers -Open URL: http://localhost:8080/sos/splashScreen.sos
12:46:12.460 INFO  WebHelpers -Send text to WebElement Login: "VBIBIKSU"
12:46:12.537 INFO  WebHelpers -Send text to WebElement Password: "deadman11"
12:46:12.809 INFO  WebHelpers -Click Button ""
12:46:12.894 INFO  WebHelpers -Click WebElement "Purchasing "
12:46:13.127 INFO  WebHelpers -Click Button  with value - "null" - Supplier - 
12:46:13.643 INFO  WebHelpers -Click Button "Create"
12:46:13.854 INFO  CreateSupplierPage -Field Remit To was field by value
12:46:15.567 INFO  WebHelpers -Click Button  with value - "Save" -  - 
12:46:15.658 INFO  WebHelpers -WebElement text "S0483" was received: 
12:46:15.675 INFO  WebHelpers -WebElement text "S0483" was received: 
12:46:15.675 INFO  LoginPageTests -Supplier was created, his Number is: S0483
12:46:15.675 INFO  LoginPageTests -Supplier name is : SUPPLIER_STATUS_NEW_DEMO_SALES_2019/05/08_GU98OW8Q
12:46:15.675 INFO  LoginPageTests -------------------------------------------------------
13:31:44.940 INFO  LoginPageTests -------------------------------------------------------
13:31:45.240 INFO  WebHelpers -Open URL: http://localhost:8080/sos/splashScreen.sos
13:31:45.397 INFO  WebHelpers -Send text to WebElement Login: "VBIBIKSU"
13:31:45.489 INFO  WebHelpers -Send text to WebElement Password: "deadman11"
13:31:45.851 INFO  WebHelpers -Click Button ""
13:31:45.967 INFO  WebHelpers -Click WebElement "Purchasing "
13:31:46.232 INFO  WebHelpers -Click Button  with value - "null" - Supplier - 
13:31:46.934 INFO  WebHelpers -Click Button "Create"
13:31:47.153 INFO  CreateSupplierPage -Field Remit To was field by value
13:31:49.280 INFO  WebHelpers -Click Button  with value - "Save" -  - 
13:31:49.339 INFO  WebHelpers -WebElement text "S0484" was received: 
13:31:49.356 INFO  WebHelpers -WebElement text "S0484" was received: 
13:31:49.356 INFO  LoginPageTests -Supplier was created, his Number is: S0484
13:31:49.356 INFO  LoginPageTests -Supplier name is : SUPPLIER_STATUS_NEW_DEMO_SALES_2019/05/08_ULQOJNSV
13:31:49.356 INFO  LoginPageTests -------------------------------------------------------
13:44:18.075 INFO  LoginPageTests -------------------------------------------------------
13:44:18.275 INFO  WebHelpers -Open URL: http://localhost:8080/sos/splashScreen.sos
13:44:18.394 INFO  WebHelpers -Send text to WebElement Login: "VBIBIKSU"
13:44:18.489 INFO  WebHelpers -Send text to WebElement Password: "deadman11"
13:44:18.819 INFO  WebHelpers -Click Button ""
13:44:18.909 INFO  WebHelpers -Click WebElement "Purchasing "
13:44:19.136 INFO  WebHelpers -Click Button  with value - "null" - Supplier - 
13:44:19.675 INFO  WebHelpers -Click Button "Create"
13:44:19.816 INFO  CreateSupplierPage -Field Remit To was field by value
13:44:21.634 INFO  WebHelpers -Click Button  with value - "Save" -  - 
13:44:21.721 INFO  WebHelpers -WebElement text "S0485" was received: 
13:44:21.738 INFO  WebHelpers -WebElement text "S0485" was received: 
13:44:21.738 INFO  LoginPageTests -Supplier was created, his Number is: S0485
13:44:21.738 INFO  LoginPageTests -Supplier name is : SUPPLIER_STATUS_NEW_DEMO_SALES_2019/05/08_LY1HNI8V
13:44:21.738 INFO  LoginPageTests -------------------------------------------------------
14:22:52.894 INFO  WebHelpers -Send text to WebElement Login: "VBIBIKSU"
14:22:53.001 INFO  WebHelpers -Send text to WebElement Password: "deadman11"
14:22:53.345 INFO  WebHelpers -Click Button ""
14:22:53.465 INFO  WebHelpers -Click WebElement "Purchasing "
14:22:53.748 INFO  WebHelpers -Click Button  with value - "null" - Supplier - 
14:22:54.388 INFO  WebHelpers -Click Button "Create"
14:22:54.529 INFO  CreateSupplierPage -Field Remit To was field by value
14:22:56.092 INFO  WebHelpers -Click Button  with value - "Send For Approval" -  - 
14:22:56.511 INFO  WebHelpers -Send text to WebElement: "[[ChromeDriver: chrome on XP (2eea2af0f79d7b7fb763ec55c66f4ef1)] -> id: approvalCommentsHolder]". Text: " Supplier was created and sent for approval with status New Supplier - Pending Approval"
14:22:56.994 INFO  WebHelpers -Click Button  with value - "null" - OK - 
14:22:57.051 INFO  Create_Supplier_Status_Reject -Supplier name is : SUPPLIER_STATUS_APPROVED_DEMO_SALES_2019/05/08_JPU
14:22:57.066 INFO  Create_Supplier_Status_Reject -Supplier was created, his Number is: S0486
14:22:57.067 INFO  Create_Supplier_Status_Reject -------------------------------------------------------
14:23:01.766 INFO  WebHelpers -Send text to WebElement Login: "VBIBIKSU"
14:23:01.861 INFO  WebHelpers -Send text to WebElement Password: "deadman11"
14:23:02.079 INFO  WebHelpers -Click Button ""
14:23:02.180 INFO  WebHelpers -Click WebElement "Purchasing "
14:23:02.873 INFO  WebHelpers -Click Button "null"
14:23:03.649 INFO  Create_Supplier_Status_Reject -Supplier was chosen for Rejecting, his number is: S0486
14:23:03.765 INFO  WebHelpers -Click Button "Reject"
14:23:03.958 INFO  WebHelpers -Send text to WebElement: "[[ChromeDriver: chrome on XP (ad38c03bcf6e876fb328eff501c19c8a)] -> id: decisionCommentsHolder]". Text: " Supplier_was_rejected"
14:23:04.442 INFO  WebHelpers -Click Button "null"
14:23:04.442 INFO  Create_Supplier_Status_Reject -Supplier was Rejected
14:23:04.442 INFO  Create_Supplier_Status_Reject -------------------------------------------------------
