14:24:49.607 INFO  WebHelpers -Send text to WebElement Login: "VBIBIKSU"
14:24:49.801 INFO  WebHelpers -Send text to WebElement Password: "deadman11"
14:24:50.915 INFO  WebHelpers -Click Button ""
14:24:51.152 INFO  WebHelpers -Click WebElement "Purchasing "
14:24:51.739 INFO  WebHelpers -Click Button  with value - "null" - Supplier - 
14:24:52.856 INFO  WebHelpers -Click Button "Create"
14:24:53.107 INFO  CreateSupplierPage -Field Remit To was field by value
14:24:55.890 INFO  WebHelpers -Click Button "Save"
14:24:56.683 INFO  LoginPageTests -Supplier was created, his Number is: SUPPLIER_STATUS_APPROVED_DEMO_SOS_2019/06/05_CI7U1
14:24:56.683 INFO  LoginPageTests -------------------------------------------------------
14:36:25.484 INFO  WebHelpers -Send text to WebElement Login: "VBIBIKSU"
14:36:26.033 INFO  WebHelpers -Send text to WebElement Password: "deadman11"
14:36:28.035 INFO  WebHelpers -Click Button ""
14:36:28.255 INFO  WebHelpers -Click WebElement "Purchasing "
14:36:29.199 INFO  WebHelpers -Click Button  with value - "null" - Supplier - 
14:36:30.966 INFO  WebHelpers -Click Button "Create"
14:36:31.454 INFO  CreateSupplierPage -Field Remit To was field by value
14:36:35.888 INFO  WebHelpers -Click Button "Save"
14:36:39.597 INFO  LoginPageTests -Supplier was created, his Number is: SUPPLIER_STATUS_APPROVED_DEMO_SOS_2019/06/05_TLCWD
14:36:39.597 INFO  LoginPageTests -------------------------------------------------------
14:39:33.002 INFO  WebHelpers -Send text to WebElement Login: "VBIBIKSU"
14:39:33.236 INFO  WebHelpers -Send text to WebElement Password: "deadman11"
14:39:34.097 INFO  WebHelpers -Click Button ""
14:39:34.385 INFO  WebHelpers -Click WebElement "Purchasing "
14:39:34.971 INFO  WebHelpers -Click Button  with value - "null" - Supplier - 
14:39:36.225 INFO  WebHelpers -Click Button "Create"
14:39:36.588 INFO  CreateSupplierPage -Field Remit To was field by value
14:39:39.495 INFO  WebHelpers -Click Button "Save"
14:39:40.410 INFO  LoginPageTests -Supplier was created, his Number is: SUPPLIER_STATUS_APPROVED_DEMO_SOS_2019/06/05_G3LZ2
14:39:40.410 INFO  LoginPageTests -------------------------------------------------------
14:48:29.219 INFO  LoginPageTests -------------------------------------------------------
14:48:29.582 INFO  WebHelpers -Open URL: http://localhost:8080/sos/splashScreen.sos
14:48:29.944 INFO  WebHelpers -Send text to WebElement Login: "VBIBIKSU"
14:48:30.182 INFO  WebHelpers -Send text to WebElement Password: "deadman11"
14:48:31.517 INFO  WebHelpers -Click Button ""
14:48:31.697 INFO  WebHelpers -Click WebElement "Purchasing "
14:48:32.277 INFO  WebHelpers -Click Button  with value - "null" - Supplier - 
14:48:33.681 INFO  WebHelpers -Click Button "Create"
14:48:34.049 INFO  CreateSupplierPage -Field Remit To was field by value
14:48:38.287 INFO  WebHelpers -Click Button  with value - "Save" -  - 
14:48:38.379 INFO  WebHelpers -WebElement text "S0025" was received: 
14:48:38.409 INFO  WebHelpers -WebElement text "S0025" was received: 
14:48:38.410 INFO  LoginPageTests -Supplier was created, his Number is: S0025
14:48:38.410 INFO  LoginPageTests -Supplier name is : SUPPLIER_STATUS_NEW_DEMO_SALES_2019/06/05_DCWF9QV9
14:48:38.410 INFO  LoginPageTests -------------------------------------------------------
14:53:03.597 INFO  LoginPageTests -------------------------------------------------------
14:53:03.944 INFO  WebHelpers -Open URL: http://localhost:8080/sos/splashScreen.sos
14:53:04.519 INFO  WebHelpers -Send text to WebElement Login: "VBIBIKSU"
14:53:04.734 INFO  WebHelpers -Send text to WebElement Password: "deadman11"
14:53:05.713 INFO  WebHelpers -Click Button ""
14:53:05.946 INFO  WebHelpers -Click WebElement "Purchasing "
14:53:43.356 INFO  LoginPageTests -------------------------------------------------------
14:53:43.640 INFO  WebHelpers -Open URL: http://localhost:8080/sos/splashScreen.sos
14:53:44.053 INFO  WebHelpers -Send text to WebElement Login: "VBIBIKSU"
14:53:44.302 INFO  WebHelpers -Send text to WebElement Password: "deadman11"
14:53:45.262 INFO  WebHelpers -Click Button ""
14:53:45.440 INFO  WebHelpers -Click WebElement "Purchasing "
14:53:45.925 INFO  WebHelpers -Click Button  with value - "null" - Supplier - 
14:53:47.426 INFO  WebHelpers -Click Button "Create"
14:53:47.803 INFO  CreateSupplierPage -Field Remit To was field by value
14:53:51.928 INFO  WebHelpers -Click Button  with value - "Save" -  - 
14:53:52.040 INFO  WebHelpers -WebElement text "S0026" was received: 
14:53:52.074 INFO  WebHelpers -WebElement text "S0026" was received: 
14:53:52.074 INFO  LoginPageTests -Supplier was created, his Number is: S0026
14:53:52.074 INFO  LoginPageTests -Supplier name is : SUPPLIER_STATUS_NEW_DEMO_SALES_2019/06/05_TE2ZTAU4
14:53:52.074 INFO  LoginPageTests -------------------------------------------------------
15:01:29.450 INFO  WebHelpers -Send text to WebElement Login: "VBIBIKSU"
15:01:29.702 INFO  WebHelpers -Send text to WebElement Password: "deadman11"
15:01:30.664 INFO  WebHelpers -Click Button ""
15:01:30.878 INFO  WebHelpers -Click WebElement "Purchasing "
15:01:31.531 INFO  WebHelpers -Click Button  with value - "null" - Supplier - 
15:01:32.670 INFO  WebHelpers -Click Button "Create"
15:01:32.962 INFO  CreateSupplierPage -Field Remit To was field by value
15:01:35.932 INFO  WebHelpers -Click Button "Save"
15:01:37.012 INFO  LoginPageTests -Supplier was created, his Number is: SUPPLIER_STATUS_APPROVED_DEMO_SOS_2019/06/05_1PZ6X
15:01:37.012 INFO  LoginPageTests -------------------------------------------------------
15:05:06.507 INFO  WebHelpers -Send text to WebElement Login: "VBIBIKSU"
15:05:06.758 INFO  WebHelpers -Send text to WebElement Password: "deadman11"
15:05:07.645 INFO  WebHelpers -Click Button ""
15:05:07.813 INFO  WebHelpers -Click WebElement "Purchasing "
15:05:08.341 INFO  WebHelpers -Click Button  with value - "null" - Supplier - 
15:05:09.490 INFO  WebHelpers -Click Button "Create"
15:05:09.860 INFO  CreateSupplierPage -Field Remit To was field by value
15:05:12.912 INFO  WebHelpers -Click Button "Save"
15:05:13.793 INFO  LoginPageTests -Supplier was created, his Number is: SUPPLIER_STATUS_APPROVED_DEMO_SOS_2019/06/05_SWHXR
15:05:13.793 INFO  LoginPageTests -------------------------------------------------------
15:10:07.060 INFO  WebHelpers -Send text to WebElement Login: "VBIBIKSU"
15:10:07.200 INFO  WebHelpers -Send text to WebElement Password: "deadman11"
15:10:07.619 INFO  WebHelpers -Click Button ""
15:10:07.824 INFO  WebHelpers -Click WebElement "Purchasing "
15:10:08.131 INFO  WebHelpers -Click Button  with value - "null" - Supplier - 
15:10:08.706 INFO  WebHelpers -Click Button "Create"
15:10:08.920 INFO  CreateSupplierPage -Field Remit To was field by value
15:10:11.077 INFO  WebHelpers -Click Button "Save"
15:10:11.726 INFO  LoginPageTests -Supplier was created, his Number is: SUPPLIER_STATUS_APPROVED_DEMO_SOS_2019/06/05_ZZMVZ
15:10:11.726 INFO  LoginPageTests -------------------------------------------------------
15:40:54.250 INFO  LoginPageTests -------------------------------------------------------
15:40:55.212 INFO  WebHelpers -Open URL: http://localhost:8080/sos/splashScreen.sos
15:40:55.578 INFO  WebHelpers -Send text to WebElement Login: "VBIBIKSU"
15:40:55.811 INFO  WebHelpers -Send text to WebElement Password: "deadman11"
15:40:56.978 INFO  WebHelpers -Click Button ""
15:40:57.135 INFO  WebHelpers -Click WebElement "Purchasing "
15:40:59.437 INFO  WebHelpers -Click Button  with value - "null" - Supplier - 
15:41:07.110 INFO  WebHelpers -Click Button "Create"
15:41:07.492 INFO  CreateSupplierPage -Field Remit To was field by value
15:41:16.036 INFO  WebHelpers -Click Button  with value - "Save" -  - 
15:41:16.164 INFO  WebHelpers -WebElement text "S0190" was received: 
15:41:16.194 INFO  WebHelpers -WebElement text "S0190" was received: 
15:41:16.195 INFO  LoginPageTests -Supplier was created, his Number is: S0190
15:41:16.195 INFO  LoginPageTests -Supplier name is : SUPPLIER_STATUS_NEW_DEMO_SALES_2019/06/05_MKZ3ZXWI
15:41:16.195 INFO  LoginPageTests -------------------------------------------------------
15:42:25.949 INFO  WebHelpers -Send text to WebElement Login: "VBIBIKSU"
15:42:26.895 INFO  WebHelpers -Send text to WebElement Password: "deadman11"
15:42:29.841 INFO  WebHelpers -Click Button ""
15:42:30.391 INFO  WebHelpers -Click WebElement "Purchasing "
15:42:31.190 INFO  WebHelpers -Click Button  with value - "null" - Supplier - 
15:42:32.298 INFO  WebHelpers -Send text to WebElement Login: "VBIBIKSU"
15:42:32.591 INFO  WebHelpers -Send text to WebElement Password: "deadman11"
15:42:34.329 INFO  WebHelpers -Click Button ""
15:42:34.811 INFO  WebHelpers -Click Button "Create"
15:42:34.911 INFO  WebHelpers -Click WebElement "Purchasing "
15:42:35.360 INFO  CreateSupplierPage -Field Remit To was field by value
15:42:38.775 INFO  WebHelpers -Click Button "Save"
15:42:40.296 INFO  LoginPageTests -Supplier was created, his Number is: SUPPLIER_STATUS_APPROVED_DEMO_SOS_2019/06/05_KCSLO
15:42:40.297 INFO  LoginPageTests -------------------------------------------------------
15:43:04.282 INFO  WebHelpers -Send text to WebElement Login: "VBIBIKSU"
15:43:04.491 INFO  WebHelpers -Send text to WebElement Password: "deadman11"
15:43:04.975 INFO  WebHelpers -Click Button ""
15:43:05.184 INFO  WebHelpers -Click WebElement "Purchasing "
15:43:05.625 INFO  WebHelpers -Click Button  with value - "null" - Supplier - 
15:43:06.611 INFO  WebHelpers -Click Button "Create"
15:43:06.886 INFO  CreateSupplierPage -Field Remit To was field by value
15:43:09.345 INFO  WebHelpers -Click Button "Save"
15:43:10.766 INFO  LoginPageTests -Supplier was created, his Number is: SUPPLIER_STATUS_APPROVED_DEMO_SOS_2019/06/05_5IKEK
15:43:10.767 INFO  LoginPageTests -------------------------------------------------------
15:44:50.752 INFO  WebHelpers -Send text to WebElement Login: "VBIBIKSU"
15:44:50.973 INFO  WebHelpers -Send text to WebElement Password: "deadman11"
15:44:51.992 INFO  WebHelpers -Click Button ""
15:44:52.165 INFO  WebHelpers -Click WebElement "Purchasing "
15:44:52.643 INFO  WebHelpers -Click Button  with value - "null" - Supplier - 
15:44:53.792 INFO  WebHelpers -Click Button "Create"
15:44:54.064 INFO  CreateSupplierPage -Field Remit To was field by value
15:44:57.863 INFO  WebHelpers -Click Button "Save"
15:44:59.255 INFO  LoginPageTests -Supplier was created, his Number is: SUPPLIER_STATUS_APPROVED_DEMO_SOS_2019/06/05_C0LBS
15:44:59.256 INFO  LoginPageTests -------------------------------------------------------
15:46:42.663 INFO  WebHelpers -Send text to WebElement Login: "VBIBIKSU"
15:46:42.838 INFO  WebHelpers -Send text to WebElement Password: "deadman11"
15:46:43.583 INFO  WebHelpers -Click Button ""
15:46:43.726 INFO  WebHelpers -Click WebElement "Purchasing "
15:46:44.210 INFO  WebHelpers -Click Button  with value - "null" - Supplier - 
15:46:45.251 INFO  WebHelpers -Click Button "Create"
15:46:45.503 INFO  CreateSupplierPage -Field Remit To was field by value
15:46:48.342 INFO  WebHelpers -Click Button  with value - "true" -  - tbdSupplier
15:46:48.434 INFO  WebHelpers -Click Button "Save"
15:46:49.358 INFO  LoginPageTests -Supplier was created, his Number is: SUPPLIER_STATUS_APPROVED_DEMO_SOS_2019/06/05_VCOLZ
15:46:49.358 INFO  LoginPageTests -------------------------------------------------------
15:46:54.816 INFO  WebHelpers -Send text to WebElement Login: "VBIBIKSU"
15:46:54.984 INFO  WebHelpers -Send text to WebElement Password: "deadman11"
15:46:55.437 INFO  WebHelpers -Click Button ""
15:46:55.634 INFO  WebHelpers -Click WebElement "Purchasing "
15:46:55.989 INFO  WebHelpers -Click Button  with value - "null" - Supplier - 
15:46:57.016 INFO  WebHelpers -Click Button "Create"
15:46:58.027 INFO  WebHelpers -Send text to WebElement: "[[ChromeDriver: chrome on XP (771a9d6ab81009be6e6993f88cc15983)] -> id: supplierName]". Text: " Supplier_status_APPROVED_DEMO_SOS_2019/06/05_5mI8RakUB4"
15:46:58.213 INFO  WebHelpers -Click Button  with value - "true" -  - tbdSupplier
15:46:58.321 INFO  WebHelpers -Click Button "Save"
15:46:59.426 INFO  LoginPageTests -Supplier was created, his Number is: SUPPLIER_STATUS_APPROVED_DEMO_SOS_2019/06/05_5MI8R
15:46:59.426 INFO  LoginPageTests -------------------------------------------------------
15:53:51.839 INFO  WebHelpers -Send text to WebElement Login: "VBIBIKSU"
15:53:52.080 INFO  WebHelpers -Send text to WebElement Password: "deadman11"
15:53:52.760 INFO  WebHelpers -Click Button ""
15:53:52.948 INFO  WebHelpers -Click WebElement "Purchasing "
15:53:53.401 INFO  WebHelpers -Click Button  with value - "null" - Supplier - 
15:53:54.901 INFO  WebHelpers -Click Button "Create"
15:53:55.295 INFO  CreateSupplierPage -Field Remit To was field by value
15:53:57.803 INFO  WebHelpers -Click Button "Save"
15:53:58.869 INFO  LoginPageTests -Supplier was created, his Number is: SUPPLIER_STATUS_APPROVED_DEMO_SOS_2019/06/05_Z7OIC
15:53:58.869 INFO  LoginPageTests -------------------------------------------------------
15:57:03.332 INFO  WebHelpers -Send text to WebElement Login: "VBIBIKSU"
15:57:03.486 INFO  WebHelpers -Send text to WebElement Password: "deadman11"
15:57:04.157 INFO  WebHelpers -Click Button ""
15:57:04.343 INFO  WebHelpers -Click WebElement "Purchasing "
15:57:29.483 INFO  WebHelpers -Send text to WebElement Login: "VBIBIKSU"
15:57:29.697 INFO  WebHelpers -Send text to WebElement Password: "deadman11"
15:57:30.243 INFO  WebHelpers -Click Button ""
15:57:30.427 INFO  WebHelpers -Click WebElement "Purchasing "
15:57:30.871 INFO  WebHelpers -Click Button  with value - "null" - Supplier - 
15:57:32.028 INFO  WebHelpers -Click Button "Create"
15:57:32.362 INFO  CreateSupplierPage -Field Remit To was field by value
15:57:37.009 INFO  WebHelpers -Click Button "Save"
15:57:38.718 INFO  LoginPageTests -Supplier was created, his Number is: SUPPLIER_STATUS_APPROVED_DEMO_SOS_2019/06/05_GLP70
15:57:38.718 INFO  LoginPageTests -------------------------------------------------------
16:00:40.408 INFO  WebHelpers -Send text to WebElement Login: "VBIBIKSU"
16:00:40.737 INFO  WebHelpers -Send text to WebElement Password: "deadman11"
16:00:41.771 INFO  WebHelpers -Click Button ""
16:00:41.930 INFO  WebHelpers -Click WebElement "Purchasing "
16:00:42.387 INFO  WebHelpers -Click Button  with value - "null" - Supplier - 
16:00:43.736 INFO  WebHelpers -Click Button "Create"
16:00:44.121 INFO  CreateSupplierPage -Field Remit To was field by value
16:00:48.041 INFO  WebHelpers -Click Button  with value - "true" -  - tbdSupplier
16:00:48.240 INFO  WebHelpers -Click Button "Save"
16:00:49.228 INFO  LoginPageTests -Supplier was created, his Number is: SUPPLIER_STATUS_APPROVED_DEMO_SOS_2019/06/05_T2GVB
16:00:49.228 INFO  LoginPageTests -------------------------------------------------------
16:00:55.159 INFO  WebHelpers -Send text to WebElement Login: "VBIBIKSU"
16:00:55.341 INFO  WebHelpers -Send text to WebElement Password: "deadman11"
16:00:56.025 INFO  WebHelpers -Click Button ""
16:00:56.170 INFO  WebHelpers -Click WebElement "Purchasing "
16:00:56.556 INFO  WebHelpers -Click Button  with value - "null" - Supplier - 
16:00:57.527 INFO  WebHelpers -Click Button "Create"
16:00:58.462 INFO  WebHelpers -Send text to WebElement: "[[ChromeDriver: chrome on XP (268d09817bc9ace6354af41f1ad113d5)] -> id: supplierName]". Text: " Supplier_status_APPROVED_DEMO_SOS_2019/06/05_9TfoYBH2kJ"
16:00:58.648 INFO  WebHelpers -Click Button  with value - "true" -  - tbdSupplier
16:00:58.772 INFO  WebHelpers -Click Button "Save"
16:00:59.605 INFO  LoginPageTests -Supplier was created, his Number is: SUPPLIER_STATUS_APPROVED_DEMO_SOS_2019/06/05_9TFOY
16:00:59.605 INFO  LoginPageTests -------------------------------------------------------
16:14:24.644 INFO  LoginPageTests -------------------------------------------------------
16:14:24.978 INFO  WebHelpers -Open URL: http://localhost:8080/sos/splashScreen.sos
16:14:25.334 INFO  WebHelpers -Send text to WebElement Login: "VBIBIKSU"
16:14:25.650 INFO  WebHelpers -Send text to WebElement Password: "deadman11"
16:14:26.893 INFO  WebHelpers -Click Button ""
16:14:27.020 INFO  WebHelpers -Click WebElement "Purchasing "
16:14:27.412 INFO  WebHelpers -Click Button  with value - "null" - Supplier - 
16:14:28.268 INFO  WebHelpers -Click Button "Create"
16:14:28.512 INFO  CreateSupplierPage -Field Remit To was field by value
16:14:31.919 INFO  WebHelpers -Click Button  with value - "Save" -  - 
16:14:32.008 INFO  WebHelpers -WebElement text "S0027" was received: 
16:14:32.045 INFO  WebHelpers -WebElement text "S0027" was received: 
16:14:32.046 INFO  LoginPageTests -Supplier was created, his Number is: S0027
16:14:32.046 INFO  LoginPageTests -Supplier name is : SUPPLIER_STATUS_NEW_DEMO_SALES_2019/06/05_WMN7OIYZ
16:14:32.046 INFO  LoginPageTests -------------------------------------------------------
16:24:25.224 INFO  LoginPageTests -------------------------------------------------------
16:24:25.549 INFO  WebHelpers -Open URL: http://localhost:8080/sos/splashScreen.sos
16:24:25.775 INFO  WebHelpers -Send text to WebElement Login: "VBIBIKSU"
16:24:25.926 INFO  WebHelpers -Send text to WebElement Password: "deadman11"
16:24:26.679 INFO  WebHelpers -Click Button ""
16:24:26.823 INFO  WebHelpers -Click WebElement "Purchasing "
16:24:27.216 INFO  WebHelpers -Click Button  with value - "null" - Supplier - 
16:24:28.089 INFO  WebHelpers -Click Button "Create"
16:24:28.311 INFO  CreateSupplierPage -Field Remit To was field by value
16:24:31.380 INFO  WebHelpers -Click Button  with value - "Save" -  - 
16:24:31.575 INFO  WebHelpers -WebElement text "S0028" was received: 
16:24:31.619 INFO  WebHelpers -WebElement text "S0028" was received: 
16:24:31.619 INFO  LoginPageTests -Supplier was created, his Number is: S0028
16:24:31.619 INFO  LoginPageTests -Supplier name is : SUPPLIER_STATUS_NEW_DEMO_SALES_2019/06/05_CNZJY0NQ
16:24:31.619 INFO  LoginPageTests -------------------------------------------------------
16:52:47.542 INFO  WebHelpers -Send text to WebElement Login: "VBIBIKSU"
16:52:47.742 INFO  WebHelpers -Send text to WebElement Password: "deadman11"
16:52:48.395 INFO  WebHelpers -Click Button ""
16:52:48.512 INFO  WebHelpers -Click WebElement "Purchasing "
16:52:48.896 INFO  WebHelpers -Click Button  with value - "null" - Supplier - 
16:52:49.824 INFO  WebHelpers -Click Button "Create"
16:52:50.094 INFO  CreateSupplierPage -Field Remit To was field by value
16:52:52.139 INFO  WebHelpers -Click Button "Save"
16:52:52.755 INFO  LoginPageTests -Supplier was created, his Number is: SUPPLIER_STATUS_APPROVED_DEMO_SOS_2019/06/05_YUKU2
16:52:52.755 INFO  LoginPageTests -------------------------------------------------------
17:02:34.568 INFO  WebHelpers -Send text to WebElement Login: "VBIBIKSU"
17:02:34.708 INFO  WebHelpers -Send text to WebElement Password: "deadman11"
17:02:35.205 INFO  WebHelpers -Click Button ""
17:02:35.317 INFO  WebHelpers -Click WebElement "Purchasing "
17:02:35.674 INFO  WebHelpers -Click Button  with value - "null" - Supplier - 
17:02:36.469 INFO  WebHelpers -Click Button "Create"
17:02:36.684 INFO  CreateSupplierPage -Field Remit To was field by value
17:02:38.818 INFO  WebHelpers -Click Button "Save"
17:02:39.438 INFO  LoginPageTests -Supplier was created, his Number is: SUPPLIER_STATUS_APPROVED_DEMO_SOS_2019/06/05_N4COF
17:02:39.438 INFO  LoginPageTests -------------------------------------------------------
18:16:55.345 INFO  WebHelpers -Send text to WebElement Login: "VBIBIKSU"
18:16:55.625 INFO  WebHelpers -Send text to WebElement Password: "deadman11"
18:16:57.076 INFO  WebHelpers -Click Button ""
18:16:57.255 INFO  WebHelpers -Click WebElement "Purchasing "
18:16:58.734 INFO  WebHelpers -Click Button  with value - "null" - Supplier - 
18:17:04.839 INFO  WebHelpers -Click Button "Create"
18:17:05.176 INFO  CreateSupplierPage -Field Remit To was field by value
18:17:09.085 INFO  WebHelpers -Click Button "Save"
18:17:13.253 INFO  LoginPageTests -Supplier was created, his Number is: SUPPLIER_STATUS_APPROVED_DEMO_SOS_2019/06/05_JBWGN
18:17:13.253 INFO  LoginPageTests -------------------------------------------------------
18:19:20.173 INFO  WebHelpers -Send text to WebElement Login: "VBIBIKSU"
18:19:20.378 INFO  WebHelpers -Send text to WebElement Password: "deadman11"
18:19:21.132 INFO  WebHelpers -Click Button ""
18:19:21.307 INFO  WebHelpers -Click WebElement "Purchasing "
18:19:21.779 INFO  WebHelpers -Click Button  with value - "null" - Supplier - 
18:19:23.001 INFO  WebHelpers -Click Button "Create"
18:19:23.361 INFO  CreateSupplierPage -Field Remit To was field by value
18:19:26.307 INFO  WebHelpers -Click Button "Save"
18:19:27.587 INFO  LoginPageTests -Supplier was created, his Number is: SUPPLIER_STATUS_APPROVED_DEMO_SOS_2019/06/05_MJ0VX
18:19:27.587 INFO  LoginPageTests -------------------------------------------------------
18:31:57.213 INFO  LoginPageTests -------------------------------------------------------
18:31:57.518 INFO  WebHelpers -Open URL: http://localhost:8080/sos/splashScreen.sos
18:31:57.767 INFO  WebHelpers -Send text to WebElement Login: "VBIBIKSU"
18:31:57.962 INFO  WebHelpers -Send text to WebElement Password: "deadman11"
18:31:59.048 INFO  WebHelpers -Click Button ""
18:31:59.251 INFO  WebHelpers -Click WebElement "Purchasing "
18:32:41.755 INFO  LoginPageTests -------------------------------------------------------
18:32:42.036 INFO  WebHelpers -Open URL: http://localhost:8080/sos/splashScreen.sos
18:32:42.344 INFO  WebHelpers -Send text to WebElement Login: "VBIBIKSU"
18:32:42.536 INFO  WebHelpers -Send text to WebElement Password: "deadman11"
18:32:43.518 INFO  WebHelpers -Click Button ""
18:32:43.694 INFO  WebHelpers -Click WebElement "Purchasing "
18:32:44.285 INFO  WebHelpers -Click Button  with value - "null" - Supplier - 
18:32:45.717 INFO  WebHelpers -Click Button "Create"
18:32:45.993 INFO  CreateSupplierPage -Field Remit To was field by value
18:32:50.633 INFO  WebHelpers -Click Button  with value - "Save" -  - 
18:32:50.747 INFO  WebHelpers -WebElement text "S0032" was received: 
18:32:50.779 INFO  WebHelpers -WebElement text "S0032" was received: 
18:32:50.779 INFO  LoginPageTests -Supplier was created, his Number is: S0032
18:32:50.779 INFO  LoginPageTests -Supplier name is : SUPPLIER_STATUS_NEW_DEMO_SALES_2019/06/05_R5BPTSKU
18:32:50.779 INFO  LoginPageTests -------------------------------------------------------
18:34:16.877 INFO  WebHelpers -Send text to WebElement Login: "VBIBIKSU"
18:34:17.199 INFO  WebHelpers -Send text to WebElement Password: "deadman11"
18:34:19.238 INFO  WebHelpers -Click Button ""
18:34:19.670 INFO  WebHelpers -Click WebElement "Purchasing "
18:34:20.507 INFO  WebHelpers -Click Button  with value - "null" - Supplier - 
18:34:23.107 INFO  WebHelpers -Click Button "Create"
18:34:23.510 INFO  CreateSupplierPage -Field Remit To was field by value
18:34:27.175 INFO  WebHelpers -Click Button "Send For Approval"
18:34:28.961 INFO  WebHelpers -Click Button  with value - "null" - OK - 
18:34:29.099 INFO  LoginPageTests -Supplier was created, his Number is: S0033
18:34:29.100 INFO  LoginPageTests -------------------------------------------------------
18:34:35.467 INFO  WebHelpers -Send text to WebElement Login: "VBIBIKSU"
18:34:35.670 INFO  WebHelpers -Send text to WebElement Password: "deadman11"
18:34:36.522 INFO  WebHelpers -Click Button ""
18:34:36.715 INFO  WebHelpers -Click WebElement "Purchasing "
18:34:38.371 INFO  WebHelpers -Click Button "null"
18:34:39.604 INFO  LoginPageTests -Approved Supplier number is: S0033
18:34:39.996 INFO  WebHelpers -Click WebElement " "
18:34:40.212 INFO  WebHelpers -Click Button "Approve"
18:34:41.818 INFO  WebHelpers -Click Button "null"
18:34:41.818 INFO  LoginPageTests -Supplier successfully passed first approval stage..
18:34:41.818 INFO  LoginPageTests -------------------------------------------------------
18:34:48.889 INFO  WebHelpers -Send text to WebElement Login: "VBIBIKSU"
18:34:49.321 INFO  WebHelpers -Send text to WebElement Password: "deadman11"
18:34:50.169 INFO  WebHelpers -Click Button ""
18:34:50.519 INFO  WebHelpers -Click WebElement "Purchasing "
18:34:52.072 INFO  WebHelpers -Click Button "null"
18:34:53.550 INFO  LoginPageTests -Supplier was approved, his number is: S0033
18:34:54.524 INFO  WebHelpers -Click WebElement " "
18:34:54.727 INFO  WebHelpers -Click Button "Approve"
18:34:56.026 INFO  WebHelpers -Click Button "null"
18:34:56.027 INFO  LoginPageTests -Supplier successfully passed second approval stage.
18:34:56.027 INFO  LoginPageTests -------------------------------------------------------
18:37:11.935 INFO  LoginPageTests -------------------------------------------------------
18:37:12.212 INFO  WebHelpers -Open URL: http://localhost:8080/sos/splashScreen.sos
18:37:12.485 INFO  WebHelpers -Send text to WebElement Login: "VBIBIKSU"
18:37:12.678 INFO  WebHelpers -Send text to WebElement Password: "deadman11"
18:37:13.479 INFO  WebHelpers -Click Button ""
18:37:13.643 INFO  WebHelpers -Click WebElement "Purchasing "
18:37:14.310 INFO  WebHelpers -Click Button  with value - "null" - Supplier - 
18:37:15.860 INFO  WebHelpers -Click Button "Create"
18:37:16.161 INFO  CreateSupplierPage -Field Remit To was field by value
18:37:20.222 INFO  WebHelpers -Click Button  with value - "Save" -  - 
18:37:20.317 INFO  WebHelpers -WebElement text "S0034" was received: 
18:37:20.363 INFO  WebHelpers -WebElement text "S0034" was received: 
18:37:20.363 INFO  LoginPageTests -Supplier was created, his Number is: S0034
18:37:20.363 INFO  LoginPageTests -Supplier name is : SUPPLIER_STATUS_NEW_DEMO_SALES_2019/06/05_W7CHH7Z4
18:37:20.363 INFO  LoginPageTests -------------------------------------------------------
18:38:23.298 INFO  WebHelpers -Send text to WebElement Login: "VBIBIKSU"
18:38:23.537 INFO  WebHelpers -Send text to WebElement Password: "deadman11"
18:38:24.396 INFO  WebHelpers -Click Button ""
18:38:24.569 INFO  WebHelpers -Click WebElement "Purchasing "
18:38:25.054 INFO  WebHelpers -Click Button  with value - "null" - Supplier - 
18:38:26.980 INFO  WebHelpers -Click Button "Create"
18:38:27.346 INFO  CreateSupplierPage -Field Remit To was field by value
18:38:30.665 INFO  WebHelpers -Click Button "Save"
18:38:31.727 INFO  LoginPageTests -Supplier was created, his Number is: SUPPLIER_STATUS_APPROVED_DEMO_SOS_2019/06/05_HR6II
18:38:31.728 INFO  LoginPageTests -------------------------------------------------------
18:46:22.440 INFO  WebHelpers -Send text to WebElement Login: "VBIBIKSU"
18:46:22.723 INFO  WebHelpers -Send text to WebElement Password: "deadman11"
18:46:24.215 INFO  WebHelpers -Click Button ""
18:46:24.396 INFO  WebHelpers -Click WebElement "Purchasing "
18:46:24.929 INFO  WebHelpers -Click Button  with value - "null" - Supplier - 
18:46:25.962 INFO  WebHelpers -Click Button "Create"
18:46:26.291 INFO  CreateSupplierPage -Field Remit To was field by value
18:46:29.253 INFO  WebHelpers -Click Button  with value - "true" -  - tbdSupplier
18:46:29.406 INFO  WebHelpers -Click Button "Save"
18:46:30.728 INFO  LoginPageTests -Supplier was created, his Number is: SUPPLIER_STATUS_APPROVED_DEMO_SOS_2019/06/05_VP4M9
18:46:30.728 INFO  LoginPageTests -------------------------------------------------------
18:46:37.008 INFO  WebHelpers -Send text to WebElement Login: "VBIBIKSU"
18:46:37.244 INFO  WebHelpers -Send text to WebElement Password: "deadman11"
18:46:38.072 INFO  WebHelpers -Click Button ""
18:46:38.252 INFO  WebHelpers -Click WebElement "Purchasing "
18:46:38.795 INFO  WebHelpers -Click Button  with value - "null" - Supplier - 
18:46:40.110 INFO  WebHelpers -Click Button "Create"
18:46:41.378 INFO  WebHelpers -Send text to WebElement: "[[ChromeDriver: chrome on XP (e5d21867d1b4d923673041995a179a43)] -> id: supplierName]". Text: " Supplier_status_APPROVED_DEMO_SOS_2019/06/05_km0ZyLMAnD"
18:46:41.605 INFO  WebHelpers -Click Button  with value - "true" -  - tbdSupplier
18:46:41.752 INFO  WebHelpers -Click Button "Save"
18:46:42.654 INFO  LoginPageTests -Supplier was created, his Number is: SUPPLIER_STATUS_APPROVED_DEMO_SOS_2019/06/05_KM0ZY
18:46:42.654 INFO  LoginPageTests -------------------------------------------------------
19:00:09.607 INFO  WebHelpers -Send text to WebElement Login: "VBIBIKSU"
19:00:09.805 INFO  WebHelpers -Send text to WebElement Password: "deadman11"
19:00:10.913 INFO  WebHelpers -Click Button ""
19:00:11.093 INFO  WebHelpers -Click WebElement "Purchasing "
19:00:11.561 INFO  WebHelpers -Click Button  with value - "null" - Supplier - 
19:00:12.898 INFO  WebHelpers -Click Button "Create"
19:00:13.212 INFO  CreateSupplierPage -Field Remit To was field by value
19:00:16.385 INFO  WebHelpers -Click Button "Save"
19:00:17.869 INFO  LoginPageTests -Supplier was created, his Number is: SUPPLIER_STATUS_APPROVED_DEMO_SOS_2019/06/05_X7D9R
19:00:17.870 INFO  LoginPageTests -------------------------------------------------------
19:04:42.640 INFO  WebHelpers -Send text to WebElement Login: "VBIBIKSU"
19:04:42.947 INFO  WebHelpers -Send text to WebElement Password: "deadman11"
19:04:44.295 INFO  WebHelpers -Click Button ""
19:04:44.682 INFO  WebHelpers -Click WebElement "Purchasing "
19:04:45.383 INFO  WebHelpers -Click Button  with value - "null" - Supplier - 
19:04:47.385 INFO  WebHelpers -Click Button "Create"
19:04:47.985 INFO  CreateSupplierPage -Field Remit To was field by value
19:04:52.740 INFO  WebHelpers -Click Button "Save"
19:04:55.336 INFO  LoginPageTests -Supplier was created, his Number is: SUPPLIER_STATUS_APPROVED_DEMO_SOS_2019/06/05_XSYL1
19:04:55.336 INFO  LoginPageTests -------------------------------------------------------
20:24:41.177 INFO  LoginPageTests -------------------------------------------------------
20:24:41.398 INFO  WebHelpers -Open URL: http://localhost:8080/sos/splashScreen.sos
20:24:41.732 INFO  WebHelpers -Send text to WebElement Login: "VBIBIKSU"
20:24:41.908 INFO  WebHelpers -Send text to WebElement Password: "deadman11"
20:24:42.642 INFO  WebHelpers -Click Button ""
20:24:42.782 INFO  WebHelpers -Click WebElement "Purchasing "
20:24:43.195 INFO  WebHelpers -Click Button  with value - "null" - Supplier - 
20:24:44.182 INFO  WebHelpers -Click Button "Create"
20:24:44.531 INFO  CreateSupplierPage -Field Remit To was field by value
20:24:47.870 INFO  WebHelpers -Click Button  with value - "Save" -  - 
20:24:47.998 INFO  WebHelpers -WebElement text "S0035" was received: 
20:24:48.056 INFO  WebHelpers -WebElement text "S0035" was received: 
20:24:48.056 INFO  LoginPageTests -Supplier was created, his Number is: S0035
20:24:48.056 INFO  LoginPageTests -Supplier name is : SUPPLIER_STATUS_NEW_DEMO_SALES_2019/06/05_UCVSATMW
20:24:48.056 INFO  LoginPageTests -------------------------------------------------------
20:25:26.695 INFO  LoginPageTests -------------------------------------------------------
20:25:26.955 INFO  WebHelpers -Open URL: http://localhost:8080/sos/splashScreen.sos
20:25:27.249 INFO  WebHelpers -Send text to WebElement Login: "VBIBIKSU"
20:25:27.439 INFO  WebHelpers -Send text to WebElement Password: "deadman11"
20:25:27.952 INFO  WebHelpers -Click Button ""
20:25:28.152 INFO  WebHelpers -Click WebElement "Purchasing "
20:25:28.640 INFO  WebHelpers -Click Button  with value - "null" - Supplier - 
20:25:29.560 INFO  WebHelpers -Click Button "Create"
20:25:29.943 INFO  CreateSupplierPage -Field Remit To was field by value
20:25:34.016 INFO  WebHelpers -Click Button  with value - "Save" -  - 
20:25:34.117 INFO  WebHelpers -WebElement text "S0036" was received: 
20:25:34.142 INFO  WebHelpers -WebElement text "S0036" was received: 
20:25:34.142 INFO  LoginPageTests -Supplier was created, his Number is: S0036
20:25:34.143 INFO  LoginPageTests -Supplier name is : SUPPLIER_STATUS_NEW_DEMO_SALES_2019/06/05_YDRQIPAM
20:25:34.143 INFO  LoginPageTests -------------------------------------------------------
20:29:23.671 INFO  LoginPageTests -------------------------------------------------------
20:29:23.993 INFO  WebHelpers -Open URL: http://localhost:8080/sos/splashScreen.sos
20:29:24.289 INFO  WebHelpers -Send text to WebElement Login: "VBIBIKSU"
20:29:24.513 INFO  WebHelpers -Send text to WebElement Password: "deadman11"
20:29:25.430 INFO  WebHelpers -Click Button ""
20:29:25.620 INFO  WebHelpers -Click WebElement "Purchasing "
20:29:26.184 INFO  WebHelpers -Click Button  with value - "null" - Supplier - 
20:29:27.487 INFO  WebHelpers -Click Button "Create"
20:29:27.901 INFO  CreateSupplierPage -Field Remit To was field by value
20:29:32.125 INFO  WebHelpers -Click Button  with value - "Save" -  - 
20:29:32.288 INFO  WebHelpers -WebElement text "S0037" was received: 
20:29:32.330 INFO  WebHelpers -WebElement text "S0037" was received: 
20:29:32.330 INFO  LoginPageTests -Supplier was created, his Number is: S0037
20:29:32.330 INFO  LoginPageTests -Supplier name is : SUPPLIER_STATUS_NEW_DEMO_SALES_2019/06/05_UYA8XCSA
20:29:32.330 INFO  LoginPageTests -------------------------------------------------------
20:37:00.470 INFO  WebHelpers -Send text to WebElement Login: "VBIBIKSU"
20:37:00.723 INFO  WebHelpers -Send text to WebElement Password: "deadman11"
20:37:01.918 INFO  WebHelpers -Click Button ""
20:37:02.099 INFO  WebHelpers -Click WebElement "Purchasing "
20:37:02.615 INFO  WebHelpers -Click Button  with value - "null" - Supplier - 
20:37:03.794 INFO  WebHelpers -Click Button "Create"
20:37:04.119 INFO  CreateSupplierPage -Field Remit To was field by value
20:37:07.109 INFO  WebHelpers -Click Button "Send For Approval"
20:37:09.048 INFO  WebHelpers -Click Button  with value - "null" - OK - 
20:37:09.197 INFO  LoginPageTests -Supplier was created, his Number is: S0038
20:37:09.197 INFO  LoginPageTests -------------------------------------------------------
20:37:15.431 INFO  WebHelpers -Send text to WebElement Login: "VBIBIKSU"
20:37:15.622 INFO  WebHelpers -Send text to WebElement Password: "deadman11"
20:37:16.402 INFO  WebHelpers -Click Button ""
20:37:16.581 INFO  WebHelpers -Click WebElement "Purchasing "
20:37:17.952 INFO  WebHelpers -Click Button "null"
20:37:19.277 INFO  LoginPageTests -Approved Supplier number is: S0038
20:37:19.616 INFO  WebHelpers -Click WebElement " "
20:37:19.839 INFO  WebHelpers -Click Button "Approve"
20:37:21.309 INFO  WebHelpers -Click Button "null"
20:37:21.310 INFO  LoginPageTests -Supplier successfully passed first approval stage..
20:37:21.310 INFO  LoginPageTests -------------------------------------------------------
20:37:27.504 INFO  WebHelpers -Send text to WebElement Login: "VBIBIKSU"
20:37:27.734 INFO  WebHelpers -Send text to WebElement Password: "deadman11"
20:37:28.290 INFO  WebHelpers -Click Button ""
20:37:28.565 INFO  WebHelpers -Click WebElement "Purchasing "
20:37:29.906 INFO  WebHelpers -Click Button "null"
20:37:31.147 INFO  LoginPageTests -Supplier was approved, his number is: S0038
20:37:32.035 INFO  WebHelpers -Click WebElement " "
20:37:32.279 INFO  WebHelpers -Click Button "Approve"
20:37:33.718 INFO  WebHelpers -Click Button "null"
20:37:33.719 INFO  LoginPageTests -Supplier successfully passed second approval stage.
20:37:33.719 INFO  LoginPageTests -------------------------------------------------------
20:45:20.755 INFO  LoginPageTests -------------------------------------------------------
20:45:20.968 INFO  WebHelpers -Open URL: http://localhost:8080/sos/splashScreen.sos
20:45:21.328 INFO  WebHelpers -Send text to WebElement Login: "VBIBIKSU"
20:45:21.571 INFO  WebHelpers -Send text to WebElement Password: "deadman11"
20:45:22.478 INFO  WebHelpers -Click Button ""
20:45:22.639 INFO  WebHelpers -Click WebElement "Purchasing "
20:45:23.170 INFO  WebHelpers -Click Button  with value - "null" - Supplier - 
20:45:24.397 INFO  WebHelpers -Click Button "Create"
20:45:24.849 INFO  CreateSupplierPage -Field Remit To was field by value
20:45:28.143 INFO  WebHelpers -Click Button  with value - "true" -  - tbdSupplier
20:45:29.244 INFO  WebHelpers -Click Button  with value - "Save" -  - 
20:45:29.332 INFO  WebHelpers -WebElement text "S0039" was received: 
20:45:29.364 INFO  WebHelpers -WebElement text "S0039" was received: 
20:45:29.365 INFO  LoginPageTests -Supplier was created, his Number is: S0039
20:45:29.365 INFO  LoginPageTests -Supplier name is : SUPPLIER_STATUS_NEW_DEMO_SALES_2019/06/05_XIGURSCP
20:45:29.365 INFO  LoginPageTests -------------------------------------------------------
20:49:28.823 INFO  LoginPageTests -------------------------------------------------------
20:49:29.037 INFO  WebHelpers -Open URL: http://localhost:8080/sos/splashScreen.sos
20:49:29.443 INFO  WebHelpers -Send text to WebElement Login: "VBIBIKSU"
20:49:29.724 INFO  WebHelpers -Send text to WebElement Password: "deadman11"
20:49:30.539 INFO  WebHelpers -Click Button ""
20:49:30.732 INFO  WebHelpers -Click WebElement "Purchasing "
20:49:31.274 INFO  WebHelpers -Click Button  with value - "null" - Supplier - 
20:49:32.673 INFO  WebHelpers -Click Button "Create"
20:49:32.988 INFO  CreateSupplierPage -Field Remit To was field by value
20:49:36.264 INFO  WebHelpers -Click Button  with value - "true" -  - tbdSupplier
20:49:37.196 INFO  WebHelpers -Click Button  with value - "Save" -  - 
20:49:37.292 INFO  WebHelpers -WebElement text "S0191" was received: 
20:49:37.325 INFO  WebHelpers -WebElement text "S0191" was received: 
20:49:37.325 INFO  LoginPageTests -Supplier was created, his Number is: S0191
20:49:37.325 INFO  LoginPageTests -Supplier name is : SUPPLIER_STATUS_NEW_DEMO_SALES_2019/06/05_BMDWFBNI
20:49:37.325 INFO  LoginPageTests -------------------------------------------------------
20:54:22.020 INFO  LoginPageTests -------------------------------------------------------
20:54:22.321 INFO  WebHelpers -Open URL: http://localhost:8080/sos/splashScreen.sos
20:54:22.605 INFO  WebHelpers -Send text to WebElement Login: "VBIBIKSU"
20:54:22.783 INFO  WebHelpers -Send text to WebElement Password: "deadman11"
20:54:23.542 INFO  WebHelpers -Click Button ""
20:54:23.754 INFO  WebHelpers -Click WebElement "Purchasing "
20:54:24.392 INFO  WebHelpers -Click Button  with value - "null" - Supplier - 
20:54:25.649 INFO  WebHelpers -Click Button "Create"
20:54:25.935 INFO  CreateSupplierPage -Field Remit To was field by value
20:54:29.228 INFO  WebHelpers -Click Button  with value - "true" -  - tbdSupplier
20:54:30.760 INFO  WebHelpers -Click Button  with value - "Save" -  - 
20:54:30.924 INFO  WebHelpers -WebElement text "S0040" was received: 
20:54:30.997 INFO  WebHelpers -WebElement text "S0040" was received: 
20:54:30.997 INFO  LoginPageTests -Supplier was created, his Number is: S0040
20:54:30.997 INFO  LoginPageTests -Supplier name is : SUPPLIER_STATUS_NEW_DEMO_SALES_2019/06/05_M4QI0NRE
20:54:30.997 INFO  LoginPageTests -------------------------------------------------------
20:57:34.693 INFO  WebHelpers -Send text to WebElement Login: "VBIBIKSU"
20:57:34.915 INFO  WebHelpers -Send text to WebElement Password: "deadman11"
20:57:35.760 INFO  WebHelpers -Click Button ""
20:57:35.942 INFO  WebHelpers -Click WebElement "Purchasing "
20:57:36.426 INFO  WebHelpers -Click Button  with value - "null" - Supplier - 
20:57:37.740 INFO  WebHelpers -Click Button "Create"
20:57:38.112 INFO  CreateSupplierPage -Field Remit To was field by value
20:57:41.470 INFO  WebHelpers -Click Button "Save"
20:57:42.578 INFO  LoginPageTests -Supplier was created, his Number is: SUPPLIER_STATUS_APPROVED_DEMO_SOS_2019/06/05_RI1SP
20:57:42.578 INFO  LoginPageTests -------------------------------------------------------
21:01:21.879 INFO  LoginPageTests -------------------------------------------------------
21:01:22.080 INFO  WebHelpers -Open URL: http://localhost:8080/sos/splashScreen.sos
21:01:22.373 INFO  WebHelpers -Send text to WebElement Login: "VBIBIKSU"
21:01:22.561 INFO  WebHelpers -Send text to WebElement Password: "deadman11"
21:01:23.261 INFO  WebHelpers -Click Button ""
21:01:23.429 INFO  WebHelpers -Click WebElement "Purchasing "
21:01:23.917 INFO  WebHelpers -Click Button  with value - "null" - Supplier - 
21:01:25.146 INFO  WebHelpers -Click Button "Create"
21:01:25.423 INFO  CreateSupplierPage -Field Remit To was field by value
21:01:59.967 INFO  LoginPageTests -------------------------------------------------------
21:02:00.242 INFO  WebHelpers -Open URL: http://localhost:8080/sos/splashScreen.sos
21:02:00.515 INFO  WebHelpers -Send text to WebElement Login: "VBIBIKSU"
21:02:00.732 INFO  WebHelpers -Send text to WebElement Password: "deadman11"
21:02:01.360 INFO  WebHelpers -Click Button ""
21:02:01.515 INFO  WebHelpers -Click WebElement "Purchasing "
21:02:01.973 INFO  WebHelpers -Click Button  with value - "null" - Supplier - 
21:02:02.979 INFO  WebHelpers -Click Button "Create"
21:02:03.315 INFO  CreateSupplierPage -Field Remit To was field by value
21:02:06.173 INFO  WebHelpers -Click Button  with value - "true" -  - tbdSupplier
21:02:07.207 INFO  WebHelpers -Click Button  with value - "Save" -  - 
21:02:07.320 INFO  WebHelpers -WebElement text "S0041" was received: 
21:02:07.353 INFO  WebHelpers -WebElement text "S0041" was received: 
21:02:07.353 INFO  LoginPageTests -Supplier was created, his Number is: S0041
21:02:07.353 INFO  LoginPageTests -Supplier name is : SUPPLIER_STATUS_NEW_DEMO_SALES_2019/06/05_LJNWV3CY
21:02:07.353 INFO  LoginPageTests -------------------------------------------------------
21:03:56.945 INFO  LoginPageTests -------------------------------------------------------
21:03:57.184 INFO  WebHelpers -Open URL: http://localhost:8080/sos/splashScreen.sos
21:03:57.450 INFO  WebHelpers -Send text to WebElement Login: "VBIBIKSU"
21:03:57.643 INFO  WebHelpers -Send text to WebElement Password: "deadman11"
21:03:58.589 INFO  WebHelpers -Click Button ""
21:03:58.760 INFO  WebHelpers -Click WebElement "Purchasing "
21:04:27.334 INFO  LoginPageTests -------------------------------------------------------
21:04:27.626 INFO  WebHelpers -Open URL: http://localhost:8080/sos/splashScreen.sos
21:04:27.875 INFO  WebHelpers -Send text to WebElement Login: "VBIBIKSU"
21:04:28.098 INFO  WebHelpers -Send text to WebElement Password: "deadman11"
21:04:28.934 INFO  WebHelpers -Click Button ""
21:04:29.126 INFO  WebHelpers -Click WebElement "Purchasing "
21:04:29.657 INFO  WebHelpers -Click Button  with value - "null" - Supplier - 
21:04:30.806 INFO  WebHelpers -Click Button "Create"
21:04:31.067 INFO  CreateSupplierPage -Field Remit To was field by value
21:04:34.806 INFO  WebHelpers -Click Button  with value - "Save" -  - 
21:04:34.910 INFO  WebHelpers -WebElement text "S0042" was received: 
21:04:34.943 INFO  WebHelpers -WebElement text "S0042" was received: 
21:04:34.944 INFO  LoginPageTests -Supplier was created, his Number is: S0042
21:04:34.944 INFO  LoginPageTests -Supplier name is : SUPPLIER_STATUS_NEW_DEMO_SALES_2019/06/05_43NCVLUX
21:04:34.944 INFO  LoginPageTests -------------------------------------------------------
