13:51:08.802 INFO  LoginPageTests -------------------------------------------------------
13:51:09.261 INFO  WebHelpers -Open URL: http://localhost:8080/sos/splashScreen.sos
13:51:09.560 INFO  WebHelpers -Send text to WebElement Login: "VBIBIKSU"
13:51:09.743 INFO  WebHelpers -Send text to WebElement Password: "deadman11"
13:51:11.146 INFO  WebHelpers -Click Button ""
13:51:11.337 INFO  WebHelpers -Click WebElement "Purchasing "
13:51:12.095 INFO  WebHelpers -Click Button  with value - "null" - Supplier - 
13:51:14.345 INFO  WebHelpers -Click Button "Create"
13:51:14.716 INFO  CreateSupplierPage -Field Remit To was field by value
13:51:20.006 INFO  WebHelpers -Click Button  with value - "Save" -  - 
13:51:20.137 INFO  WebHelpers -WebElement text "S0148" was received: 
13:51:20.164 INFO  WebHelpers -WebElement text "S0148" was received: 
13:51:20.164 INFO  LoginPageTests -Supplier was created, his Number is: S0148
13:51:20.164 INFO  LoginPageTests -Supplier name is : SUPPLIER_STATUS_NEW_DEMO_SALES_2019/05/28_RPPZUUL5
13:51:20.164 INFO  LoginPageTests -------------------------------------------------------
14:12:12.436 INFO  LoginPageTests -------------------------------------------------------
14:12:12.844 INFO  WebHelpers -Open URL: http://localhost:8080/sos/splashScreen.sos
14:12:13.039 INFO  WebHelpers -Send text to WebElement Login: "VBIBIKSU"
14:12:13.162 INFO  WebHelpers -Send text to WebElement Password: "deadman11"
14:12:14.055 INFO  WebHelpers -Click Button ""
14:12:14.332 INFO  WebHelpers -Click WebElement "Purchasing "
14:12:14.830 INFO  WebHelpers -Click Button  with value - "null" - Supplier - 
14:12:16.245 INFO  WebHelpers -Click Button "Create"
14:12:16.608 INFO  CreateSupplierPage -Field Remit To was field by value
14:12:19.592 INFO  WebHelpers -Click Button  with value - "Save" -  - 
14:13:04.137 INFO  LoginPageTests -------------------------------------------------------
14:13:04.407 INFO  WebHelpers -Open URL: http://localhost:8080/sos/splashScreen.sos
14:13:04.624 INFO  WebHelpers -Send text to WebElement Login: "VBIBIKSU"
14:13:04.799 INFO  WebHelpers -Send text to WebElement Password: "deadman11"
14:13:05.372 INFO  WebHelpers -Click Button ""
14:13:05.554 INFO  WebHelpers -Click WebElement "Purchasing "
14:13:05.948 INFO  WebHelpers -Click Button  with value - "null" - Supplier - 
14:13:06.989 INFO  WebHelpers -Click Button "Create"
14:13:07.236 INFO  CreateSupplierPage -Field Remit To was field by value
14:13:10.920 INFO  WebHelpers -Click Button  with value - "Save" -  - 
14:13:10.979 INFO  LoginPageTests -S0149
14:13:10.979 INFO  LoginPageTests -----
14:13:11.675 INFO  WebHelpers -Click Button  with value - "Edit" -  - 
14:13:12.014 INFO  WebHelpers -Click Button  with value - "Send For Approval" -  - sendPaymentTermsForApproval
14:13:13.496 INFO  WebHelpers -Click Button  with value - "null" - OK - 
14:13:13.615 INFO  WebHelpers -Click WebElement "Purchasing "
14:13:14.943 INFO  WebHelpers -Click WebElement: " "
14:13:16.142 INFO  WebHelpers -Click WebElement " "
14:13:16.369 INFO  WebHelpers -Click Button  with value - "Approve" -  - 
14:13:17.511 INFO  WebHelpers -Click Button  with value - "null" - OK - 
16:13:46.876 INFO  LoginPageTests -------------------------------------------------------
16:13:47.389 INFO  WebHelpers -Open URL: http://localhost:8080/sos/splashScreen.sos
16:13:47.690 INFO  WebHelpers -Send text to WebElement Login: "VBIBIKSU"
16:13:47.895 INFO  WebHelpers -Send text to WebElement Password: "deadman11"
16:13:49.284 INFO  WebHelpers -Click Button ""
16:13:49.739 INFO  WebHelpers -Click WebElement "Purchasing "
16:13:50.431 INFO  WebHelpers -Click Button  with value - "null" - Supplier - 
16:13:51.740 INFO  WebHelpers -Click Button "Create"
16:13:52.067 INFO  CreateSupplierPage -Field Remit To was field by value
16:13:55.422 INFO  WebHelpers -Click Button  with value - "Save" -  - 
16:13:55.488 INFO  LoginPageTests -SUPPLIER_STATUS_NEW_DEMO_SALES_2019/05/28_K6ZUOKXJ
16:13:55.488 INFO  LoginPageTests -----
16:13:56.093 INFO  WebHelpers -Click Button  with value - "Edit" -  - 
16:13:56.407 INFO  WebHelpers -Click Button  with value - "Send For Approval" -  - sendPaymentTermsForApproval
16:13:57.885 INFO  WebHelpers -Click Button  with value - "null" - OK - 
16:13:58.007 INFO  WebHelpers -Click WebElement "Purchasing "
16:13:59.397 INFO  WebHelpers -Click WebElement: " "
16:14:03.795 INFO  WebHelpers -Click WebElement " "
16:14:04.034 INFO  WebHelpers -Click Button  with value - "Approve" -  - 
16:14:05.090 INFO  WebHelpers -Click Button  with value - "null" - OK - 
16:19:50.399 INFO  LoginPageTests -------------------------------------------------------
16:19:50.672 INFO  WebHelpers -Open URL: http://localhost:8080/sos/splashScreen.sos
16:19:50.894 INFO  WebHelpers -Send text to WebElement Login: "VBIBIKSU"
16:19:51.090 INFO  WebHelpers -Send text to WebElement Password: "deadman11"
16:19:51.997 INFO  WebHelpers -Click Button ""
16:19:52.163 INFO  WebHelpers -Click WebElement "Purchasing "
16:19:52.568 INFO  WebHelpers -Click Button  with value - "null" - Supplier - 
16:19:53.667 INFO  WebHelpers -Click Button "Create"
16:19:53.928 INFO  CreateSupplierPage -Field Remit To was field by value
16:19:57.736 INFO  WebHelpers -Click Button  with value - "Save" -  - 
16:19:57.815 INFO  LoginPageTests -SUPPLIER_STATUS_NEW_DEMO_SALES_2019/05/28_BKVHZ1QP
16:19:57.815 INFO  LoginPageTests -----
16:19:58.420 INFO  WebHelpers -Click Button  with value - "Edit" -  - 
16:19:58.694 INFO  WebHelpers -Click Button  with value - "Send For Approval" -  - sendPaymentTermsForApproval
16:19:59.881 INFO  WebHelpers -Click Button  with value - "null" - OK - 
16:20:00.012 INFO  WebHelpers -Click WebElement "Purchasing "
16:20:00.885 INFO  WebHelpers -Click WebElement: " "
16:20:01.851 INFO  WebHelpers -Click WebElement " "
16:20:02.132 INFO  WebHelpers -Click Button  with value - "Approve" -  - 
16:20:03.309 INFO  WebHelpers -Click Button  with value - "null" - OK - 
16:20:08.304 INFO  LoginPageTests -------------------------------------------------------
16:20:08.631 INFO  WebHelpers -Open URL: http://localhost:8080/sos/splashScreen.sos
16:20:08.952 INFO  WebHelpers -Send text to WebElement Login: "VBIBIKSU"
16:20:09.168 INFO  WebHelpers -Send text to WebElement Password: "deadman11"
16:20:09.724 INFO  WebHelpers -Click Button ""
16:20:09.882 INFO  WebHelpers -Click WebElement "Purchasing "
16:20:10.025 INFO  WebHelpers -Click WebElement: "Purchasing "
16:20:10.376 INFO  WebHelpers -Click WebElement: " "
16:20:11.669 INFO  WebHelpers -Click Button  with value - "Search" -  - 
16:38:47.288 INFO  Test_6_ApprovePaymentTermsPreviouslyValidated -------------------------------------------------------
16:38:47.582 INFO  WebHelpers -Open URL: http://localhost:8080/sos/splashScreen.sos
16:38:47.880 INFO  WebHelpers -Send text to WebElement Login: "VBIBIKSU"
16:38:48.212 INFO  WebHelpers -Send text to WebElement Password: "deadman11"
16:38:48.939 INFO  WebHelpers -Click Button ""
16:38:49.056 INFO  WebHelpers -Click WebElement "Purchasing "
16:38:49.390 INFO  WebHelpers -Click Button  with value - "null" - Supplier - 
16:38:50.231 INFO  WebHelpers -Click Button "Create"
16:38:50.513 INFO  CreateSupplierPage -Field Remit To was field by value
16:38:53.693 INFO  WebHelpers -Click Button  with value - "Save" -  - 
16:38:53.729 INFO  EditSupplierPage -SUPPLIER_STATUS_NEW_DEMO_SALES_2019/05/28_VQBF8K7S
16:38:53.730 INFO  EditSupplierPage -----
16:38:54.224 INFO  WebHelpers -Click Button  with value - "Edit" -  - 
16:38:54.436 INFO  WebHelpers -Click Button  with value - "Send For Approval" -  - sendPaymentTermsForApproval
16:38:55.499 INFO  WebHelpers -Click Button  with value - "null" - OK - 
16:38:55.622 INFO  WebHelpers -Click WebElement "Purchasing "
16:38:56.399 INFO  WebHelpers -Click WebElement: " "
16:38:57.349 INFO  WebHelpers -Click WebElement " "
16:38:57.585 INFO  WebHelpers -Click Button  with value - "Approve" -  - 
16:38:58.821 INFO  WebHelpers -Click Button  with value - "null" - OK - 
16:39:04.256 INFO  Test_6_ApprovePaymentTermsPreviouslyValidated -------------------------------------------------------
16:39:04.496 INFO  WebHelpers -Open URL: http://localhost:8080/sos/splashScreen.sos
16:39:04.811 INFO  WebHelpers -Send text to WebElement Login: "VBIBIKSU"
16:39:05.200 INFO  WebHelpers -Send text to WebElement Password: "deadman11"
16:39:05.746 INFO  WebHelpers -Click Button ""
16:39:06.023 INFO  WebHelpers -Click WebElement "Purchasing "
16:39:06.226 INFO  WebHelpers -Click WebElement: "Purchasing "
16:39:06.726 INFO  WebHelpers -Click WebElement: " "
16:39:08.238 INFO  WebHelpers -Click Button  with value - "Search" -  - 
16:39:08.238 INFO  EditSupplierPage -SUPPLIER_STATUS_NEW_DEMO_SALES_2019/05/28_VQBF8K7S
16:39:08.238 INFO  EditSupplierPage -----
16:41:00.443 INFO  Test_6_ApprovePaymentTermsPreviouslyValidated -------------------------------------------------------
16:41:00.750 INFO  WebHelpers -Open URL: http://localhost:8080/sos/splashScreen.sos
16:41:00.971 INFO  WebHelpers -Send text to WebElement Login: "VBIBIKSU"
16:41:01.176 INFO  WebHelpers -Send text to WebElement Password: "deadman11"
16:41:01.685 INFO  WebHelpers -Click Button ""
16:41:01.828 INFO  WebHelpers -Click WebElement "Purchasing "
16:41:02.195 INFO  WebHelpers -Click Button  with value - "null" - Supplier - 
16:41:03.127 INFO  WebHelpers -Click Button "Create"
16:41:03.375 INFO  CreateSupplierPage -Field Remit To was field by value
16:41:06.693 INFO  WebHelpers -Click Button  with value - "Save" -  - 
16:41:06.741 INFO  EditSupplierPage -SUPPLIER_STATUS_NEW_DEMO_SALES_2019/05/28_Y2H8HDUC
16:41:06.741 INFO  EditSupplierPage -----
16:41:07.340 INFO  WebHelpers -Click Button  with value - "Edit" -  - 
16:41:07.705 INFO  WebHelpers -Click Button  with value - "Send For Approval" -  - sendPaymentTermsForApproval
16:41:08.836 INFO  WebHelpers -Click Button  with value - "null" - OK - 
16:41:08.945 INFO  WebHelpers -Click WebElement "Purchasing "
16:41:09.602 INFO  WebHelpers -Click WebElement: " "
16:41:10.541 INFO  WebHelpers -Click WebElement " "
16:41:10.754 INFO  WebHelpers -Click Button  with value - "Approve" -  - 
16:41:11.663 INFO  WebHelpers -Click Button  with value - "null" - OK - 
16:41:15.615 INFO  Test_6_ApprovePaymentTermsPreviouslyValidated -------------------------------------------------------
16:41:15.947 INFO  WebHelpers -Open URL: http://localhost:8080/sos/splashScreen.sos
16:41:16.151 INFO  WebHelpers -Send text to WebElement Login: "VBIBIKSU"
16:41:16.347 INFO  WebHelpers -Send text to WebElement Password: "deadman11"
16:41:16.720 INFO  WebHelpers -Click Button ""
16:41:16.857 INFO  WebHelpers -Click WebElement "Purchasing "
16:41:16.962 INFO  WebHelpers -Click WebElement: "Purchasing "
16:41:17.279 INFO  WebHelpers -Click WebElement: " "
16:41:18.379 INFO  WebHelpers -Click Button  with value - "Search" -  - 
16:41:18.379 INFO  EditSupplierPage -SUPPLIER_STATUS_NEW_DEMO_SALES_2019/05/28_Y2H8HDUC
16:41:18.379 INFO  EditSupplierPage -----
16:42:27.782 INFO  Test_6_ApprovePaymentTermsPreviouslyValidated -------------------------------------------------------
16:42:28.035 INFO  WebHelpers -Open URL: http://localhost:8080/sos/splashScreen.sos
16:42:28.487 INFO  WebHelpers -Send text to WebElement Login: "VBIBIKSU"
16:42:28.743 INFO  WebHelpers -Send text to WebElement Password: "deadman11"
16:42:29.617 INFO  WebHelpers -Click Button ""
16:42:29.849 INFO  WebHelpers -Click WebElement "Purchasing "
16:42:30.293 INFO  WebHelpers -Click Button  with value - "null" - Supplier - 
16:42:31.366 INFO  WebHelpers -Click Button "Create"
16:42:31.571 INFO  CreateSupplierPage -Field Remit To was field by value
16:42:34.432 INFO  WebHelpers -Click Button  with value - "Save" -  - 
16:42:34.473 INFO  EditSupplierPage -SUPPLIER_STATUS_NEW_DEMO_SALES_2019/05/28_YSEVXG4H
16:42:34.473 INFO  EditSupplierPage -----
16:42:35.006 INFO  WebHelpers -Click Button  with value - "Edit" -  - 
16:42:35.204 INFO  WebHelpers -Click Button  with value - "Send For Approval" -  - sendPaymentTermsForApproval
16:42:36.243 INFO  WebHelpers -Click Button  with value - "null" - OK - 
16:42:36.360 INFO  WebHelpers -Click WebElement "Purchasing "
16:42:36.999 INFO  WebHelpers -Click WebElement: " "
16:42:38.123 INFO  WebHelpers -Click WebElement " "
16:42:38.366 INFO  WebHelpers -Click Button  with value - "Approve" -  - 
16:42:39.128 INFO  WebHelpers -Click Button  with value - "null" - OK - 
16:42:43.668 INFO  Test_6_ApprovePaymentTermsPreviouslyValidated -------------------------------------------------------
16:42:44.061 INFO  WebHelpers -Open URL: http://localhost:8080/sos/splashScreen.sos
16:42:44.361 INFO  WebHelpers -Send text to WebElement Login: "VBIBIKSU"
16:42:44.551 INFO  WebHelpers -Send text to WebElement Password: "deadman11"
16:42:45.413 INFO  WebHelpers -Click Button ""
16:42:45.548 INFO  WebHelpers -Click WebElement "Purchasing "
16:42:45.692 INFO  WebHelpers -Click WebElement: "Purchasing "
16:42:46.175 INFO  WebHelpers -Click WebElement: " "
16:42:47.300 INFO  WebHelpers -Click Button  with value - "Search" -  - 
16:42:47.301 INFO  EditSupplierPage -SUPPLIER_STATUS_NEW_DEMO_SALES_2019/05/28_YSEVXG4H
16:42:47.301 INFO  EditSupplierPage -----
16:44:22.979 INFO  Test_6_ApprovePaymentTermsPreviouslyValidated -------------------------------------------------------
16:44:23.237 INFO  WebHelpers -Open URL: http://localhost:8080/sos/splashScreen.sos
16:44:23.490 INFO  WebHelpers -Send text to WebElement Login: "VBIBIKSU"
16:44:23.644 INFO  WebHelpers -Send text to WebElement Password: "deadman11"
16:44:24.137 INFO  WebHelpers -Click Button ""
16:44:24.404 INFO  WebHelpers -Click WebElement "Purchasing "
16:44:24.955 INFO  WebHelpers -Click Button  with value - "null" - Supplier - 
16:44:26.041 INFO  WebHelpers -Click Button "Create"
16:44:26.343 INFO  CreateSupplierPage -Field Remit To was field by value
16:44:28.914 INFO  WebHelpers -Click Button  with value - "Save" -  - 
16:44:28.962 INFO  EditSupplierPage -SUPPLIER_STATUS_NEW_DEMO_SALES_2019/05/28_DKI9XTPU
16:44:28.962 INFO  EditSupplierPage -----
16:44:29.600 INFO  WebHelpers -Click Button  with value - "Edit" -  - 
16:44:29.893 INFO  WebHelpers -Click Button  with value - "Send For Approval" -  - sendPaymentTermsForApproval
16:44:31.069 INFO  WebHelpers -Click Button  with value - "null" - OK - 
16:44:31.215 INFO  WebHelpers -Click WebElement "Purchasing "
16:44:32.008 INFO  WebHelpers -Click WebElement: " "
16:44:32.894 INFO  WebHelpers -Click WebElement " "
16:44:33.170 INFO  WebHelpers -Click Button  with value - "Approve" -  - 
16:44:34.023 INFO  WebHelpers -Click Button  with value - "null" - OK - 
16:44:38.494 INFO  Test_6_ApprovePaymentTermsPreviouslyValidated -------------------------------------------------------
16:44:38.847 INFO  WebHelpers -Open URL: http://localhost:8080/sos/splashScreen.sos
16:44:39.255 INFO  WebHelpers -Send text to WebElement Login: "VBIBIKSU"
16:44:39.421 INFO  WebHelpers -Send text to WebElement Password: "deadman11"
16:44:40.268 INFO  WebHelpers -Click Button ""
16:44:40.457 INFO  WebHelpers -Click WebElement "Purchasing "
16:44:40.642 INFO  WebHelpers -Click WebElement: "Purchasing "
16:44:41.087 INFO  WebHelpers -Click WebElement: " "
16:44:42.720 INFO  WebHelpers -Click Button  with value - "Search" -  - 
16:44:42.720 INFO  EditSupplierPage -SUPPLIER_STATUS_NEW_DEMO_SALES_2019/05/28_DKI9XTPU
16:44:42.720 INFO  EditSupplierPage -----
16:44:44.246 INFO  WebHelpers -Click Button  with value - "Edit" -  - 
16:44:44.549 INFO  WebHelpers -Click Button  with value - "Send For Approval" -  - sendPaymentTermsForApproval
16:44:45.752 INFO  WebHelpers -Click Button  with value - "null" - OK - 
16:53:49.454 INFO  WebHelpers -Open URL: http://localhost:8080/sos/splashScreen.sos
16:53:49.683 INFO  WebHelpers -Send text to WebElement Login: "VBIBIKSU"
16:53:49.823 INFO  WebHelpers -Send text to WebElement Password: "deadman11"
16:53:50.394 INFO  WebHelpers -Click Button ""
16:53:50.638 INFO  WebHelpers -Click WebElement "Purchasing "
16:53:51.191 INFO  WebHelpers -Click Button  with value - "null" - Supplier - 
16:54:20.547 INFO  WebHelpers -Open URL: http://localhost:8080/sos/splashScreen.sos
16:54:20.851 INFO  WebHelpers -Send text to WebElement Login: "VBIBIKSU"
16:54:21.027 INFO  WebHelpers -Send text to WebElement Password: "deadman11"
16:54:21.533 INFO  WebHelpers -Click Button ""
16:54:21.765 INFO  WebHelpers -Click WebElement "Purchasing "
16:54:22.161 INFO  WebHelpers -Click Button  with value - "null" - Supplier - 
16:54:23.016 INFO  WebHelpers -Click Button "Create"
16:54:23.298 INFO  CreateSupplierPage -Field Remit To was field by value
16:54:26.038 INFO  WebHelpers -Click Button "Send For Approval"
16:54:27.276 INFO  WebHelpers -Click Button  with value - "null" - OK - 
16:54:27.333 INFO  Create_Supplier_Status_Reject -Supplier was created, his Number is: S0156
16:54:27.333 INFO  Create_Supplier_Status_Reject -------------------------------------------------------
16:54:32.546 INFO  WebHelpers -Open URL: http://localhost:8080/sos/splashScreen.sos
16:54:32.780 INFO  WebHelpers -Send text to WebElement Login: "VBIBIKSU"
16:54:32.925 INFO  WebHelpers -Send text to WebElement Password: "deadman11"
16:54:33.346 INFO  WebHelpers -Click Button ""
16:54:33.568 INFO  WebHelpers -Click WebElement "Purchasing "
16:54:34.472 INFO  WebHelpers -Click Button "null"
16:54:36.080 INFO  Create_Supplier_Status_Reject -Approved Supplier number is: S0156
16:54:36.364 INFO  WebHelpers -Click WebElement " "
16:54:36.501 INFO  WebHelpers -Click Button "Approve"
16:54:39.336 INFO  WebHelpers -Click Button "null"
16:54:39.336 INFO  Create_Supplier_Status_Reject -Supplier successfully passed first approval stage..
16:54:39.336 INFO  Create_Supplier_Status_Reject -------------------------------------------------------
16:54:44.708 INFO  WebHelpers -Open URL: http://localhost:8080/sos/splashScreen.sos
16:54:45.224 INFO  WebHelpers -Send text to WebElement Login: "VBIBIKSU"
16:54:45.459 INFO  WebHelpers -Send text to WebElement Password: "deadman11"
16:54:45.977 INFO  WebHelpers -Click Button ""
16:54:46.278 INFO  WebHelpers -Click WebElement "Purchasing "
16:54:47.067 INFO  WebHelpers -Click Button "null"
16:54:47.931 INFO  Create_Supplier_Status_Reject -Supplier was approved, his number is: S0156
16:54:48.689 INFO  WebHelpers -Click WebElement " "
16:54:48.850 INFO  WebHelpers -Click Button "Approve"
16:54:49.866 INFO  WebHelpers -Click Button "null"
16:54:49.866 INFO  Create_Supplier_Status_Reject -Supplier successfully passed second approval stage.
16:54:49.866 INFO  Create_Supplier_Status_Reject -------------------------------------------------------
16:54:55.057 INFO  WebHelpers -Open URL: http://localhost:8080/sos/splashScreen.sos
16:54:55.280 INFO  WebHelpers -Send text to WebElement Login: "VBIBIKSU"
16:54:55.521 INFO  WebHelpers -Send text to WebElement Password: "deadman11"
16:54:55.855 INFO  WebHelpers -Click Button ""
16:54:55.996 INFO  WebHelpers -Click WebElement "Purchasing "
16:54:56.266 INFO  WebHelpers -Click Button "null"
16:54:56.919 INFO  WebHelpers -Click Button  with value - "Search" -  - 
16:56:44.471 INFO  WebHelpers -Open URL: http://localhost:8080/sos/splashScreen.sos
16:56:44.712 INFO  WebHelpers -Send text to WebElement Login: "VBIBIKSU"
16:56:44.862 INFO  WebHelpers -Send text to WebElement Password: "deadman11"
16:56:45.201 INFO  WebHelpers -Click Button ""
16:56:45.453 INFO  WebHelpers -Click WebElement "Purchasing "
16:56:45.780 INFO  WebHelpers -Click Button  with value - "null" - Supplier - 
16:56:46.399 INFO  WebHelpers -Click Button "Create"
16:56:46.605 INFO  CreateSupplierPage -Field Remit To was field by value
16:56:50.237 INFO  WebHelpers -Click Button "Send For Approval"
16:56:52.430 INFO  WebHelpers -Click Button  with value - "null" - OK - 
16:56:52.483 INFO  Create_Supplier_Status_Reject -Supplier was created, his Number is: S0157
16:56:52.483 INFO  Create_Supplier_Status_Reject -------------------------------------------------------
16:56:56.797 INFO  WebHelpers -Open URL: http://localhost:8080/sos/splashScreen.sos
16:56:57.335 INFO  WebHelpers -Send text to WebElement Login: "VBIBIKSU"
16:56:57.580 INFO  WebHelpers -Send text to WebElement Password: "deadman11"
16:56:58.040 INFO  WebHelpers -Click Button ""
16:56:58.381 INFO  WebHelpers -Click WebElement "Purchasing "
16:56:59.102 INFO  WebHelpers -Click Button "null"
16:56:59.936 INFO  Create_Supplier_Status_Reject -Approved Supplier number is: S0157
16:57:00.450 INFO  WebHelpers -Click WebElement " "
16:57:00.941 INFO  WebHelpers -Click Button "Approve"
16:57:02.384 INFO  WebHelpers -Click Button "null"
16:57:02.384 INFO  Create_Supplier_Status_Reject -Supplier successfully passed first approval stage..
16:57:02.384 INFO  Create_Supplier_Status_Reject -------------------------------------------------------
16:57:06.616 INFO  WebHelpers -Open URL: http://localhost:8080/sos/splashScreen.sos
16:57:06.960 INFO  WebHelpers -Send text to WebElement Login: "VBIBIKSU"
16:57:07.161 INFO  WebHelpers -Send text to WebElement Password: "deadman11"
16:57:07.560 INFO  WebHelpers -Click Button ""
16:57:07.716 INFO  WebHelpers -Click WebElement "Purchasing "
16:57:08.685 INFO  WebHelpers -Click Button "null"
16:57:09.945 INFO  Create_Supplier_Status_Reject -Supplier was approved, his number is: S0157
16:57:10.741 INFO  WebHelpers -Click WebElement " "
16:57:10.953 INFO  WebHelpers -Click Button "Approve"
16:57:12.133 INFO  WebHelpers -Click Button "null"
16:57:12.133 INFO  Create_Supplier_Status_Reject -Supplier successfully passed second approval stage.
16:57:12.133 INFO  Create_Supplier_Status_Reject -------------------------------------------------------
16:57:16.715 INFO  WebHelpers -Open URL: http://localhost:8080/sos/splashScreen.sos
16:57:16.912 INFO  WebHelpers -Send text to WebElement Login: "VBIBIKSU"
16:57:17.086 INFO  WebHelpers -Send text to WebElement Password: "deadman11"
16:57:17.603 INFO  WebHelpers -Click Button ""
16:57:17.828 INFO  WebHelpers -Click WebElement "Purchasing "
16:57:18.262 INFO  WebHelpers -Click Button "null"
16:57:19.642 INFO  WebHelpers -Click Button  with value - "Search" -  - 
16:57:20.010 INFO  WebHelpers -Click WebElement: "Supplier # "
16:57:20.800 INFO  Create_Supplier_Status_Reject -Supplier was chosen for Approve, his number is: S0157
16:57:21.592 INFO  WebHelpers -Click Button  with value - "Edit" -  - 
16:57:21.961 INFO  WebHelpers -Click Button  with value - "Send For Approval" -  - sendPaymentTermsForApproval
16:57:23.227 INFO  WebHelpers -Click Button  with value - "null" - OK - 
16:57:23.411 INFO  WebHelpers -Click WebElement "Purchasing "
16:57:24.151 INFO  WebHelpers -Click WebElement: " "
16:57:25.477 INFO  WebHelpers -Click Button  with value - "Approve" -  - 
16:57:27.029 INFO  WebHelpers -Click Button  with value - "null" - OK - 
16:58:52.350 INFO  WebHelpers -Send text to WebElement Login: "VBIBIKSU"
16:58:52.603 INFO  WebHelpers -Send text to WebElement Password: "deadman11"
16:58:53.076 INFO  WebHelpers -Click Button ""
16:58:53.241 INFO  WebHelpers -Click WebElement "Purchasing "
16:58:53.610 INFO  WebHelpers -Click Button  with value - "null" - Supplier - 
16:58:54.545 INFO  WebHelpers -Click Button "Create"
16:58:54.735 INFO  CreateSupplierPage -Field Remit To was field by value
16:58:57.078 INFO  WebHelpers -Click Button  with value - "Send For Approval" -  - 
16:58:59.994 INFO  WebHelpers -Click Button  with value - "null" - OK - 
16:59:00.245 INFO  Create_Supplier_Status_Reject -Supplier was created, his Number is: S0158
16:59:00.245 INFO  Create_Supplier_Status_Reject -------------------------------------------------------
16:59:06.545 INFO  WebHelpers -Send text to WebElement Login: "VBIBIKSU"
16:59:06.827 INFO  WebHelpers -Send text to WebElement Password: "deadman11"
16:59:07.473 INFO  WebHelpers -Click Button ""
16:59:07.679 INFO  WebHelpers -Click WebElement "Purchasing "
16:59:08.696 INFO  WebHelpers -Click Button "null"
16:59:09.721 INFO  WebHelpers -WebElement text "S0158" was received: 
16:59:09.745 INFO  WebHelpers -WebElement text "S0158" was received: 
16:59:09.745 INFO  Create_Supplier_Status_Reject -Supplier was chosen for Rejecting, his number is: S0158
16:59:09.977 INFO  WebHelpers -Click WebElement " "
16:59:10.130 INFO  WebHelpers -Click Button "Reject"
16:59:11.075 INFO  WebHelpers -Click Button "null"
16:59:11.075 INFO  Create_Supplier_Status_Reject -Supplier was Rejected
16:59:11.075 INFO  Create_Supplier_Status_Reject -------------------------------------------------------
16:59:16.448 INFO  WebHelpers -Send text to WebElement Login: "VBIBIKSU"
16:59:16.686 INFO  WebHelpers -Send text to WebElement Password: "deadman11"
16:59:17.324 INFO  WebHelpers -Click Button ""
16:59:17.461 INFO  WebHelpers -Click WebElement "Purchasing "
16:59:17.743 INFO  WebHelpers -Click Button "null"
16:59:18.432 INFO  WebHelpers -Click WebElement: " "
16:59:18.926 INFO  WebHelpers -Click Button  with value - "Search" -  - 
16:59:19.342 INFO  WebHelpers -Click Button  with value - "null" - Supplier # - 
16:59:20.053 INFO  WebHelpers -WebElement text "S0158" was received: 
16:59:20.091 INFO  WebHelpers -WebElement text "S0158" was received: 
16:59:20.091 INFO  Create_Supplier_Status_Reject -Supplier was chosen for Rejecting, his number is: S0158
16:59:20.848 INFO  WebHelpers -Click Button  with value - "Edit" -  - 
16:59:21.152 INFO  WebHelpers -Click Button  with value - "Send For Approval" -  - sendPaymentTermsForApproval
16:59:22.158 INFO  WebHelpers -Click Button  with value - "null" - OK - 
16:59:22.271 INFO  WebHelpers -Click WebElement "Purchasing "
16:59:22.714 INFO  WebHelpers -Click WebElement: " "
16:59:23.295 INFO  WebHelpers -Click Button  with value - "Approve" -  - 
17:05:40.786 INFO  WebHelpers -Send text to WebElement Login: "VBIBIKSU"
17:05:41.044 INFO  WebHelpers -Send text to WebElement Password: "deadman11"
17:05:41.919 INFO  WebHelpers -Click Button ""
17:05:42.134 INFO  WebHelpers -Click WebElement "Purchasing "
17:05:42.513 INFO  WebHelpers -Click Button  with value - "null" - Supplier - 
17:05:43.794 INFO  WebHelpers -Click Button "Create"
17:05:44.316 INFO  CreateSupplierPage -Field Remit To was field by value
17:05:46.988 INFO  WebHelpers -Click Button  with value - "Send For Approval" -  - 
17:05:49.028 INFO  WebHelpers -Click Button  with value - "null" - OK - 
17:05:49.153 INFO  Create_Supplier_Status_Reject -Supplier was created, his Number is: S0159
17:05:49.153 INFO  Create_Supplier_Status_Reject -------------------------------------------------------
17:05:54.115 INFO  WebHelpers -Send text to WebElement Login: "VBIBIKSU"
17:05:54.242 INFO  WebHelpers -Send text to WebElement Password: "deadman11"
17:05:54.585 INFO  WebHelpers -Click Button ""
17:05:54.734 INFO  WebHelpers -Click WebElement "Purchasing "
17:06:09.572 INFO  WebHelpers -Send text to WebElement Login: "VBIBIKSU"
17:06:09.754 INFO  WebHelpers -Send text to WebElement Password: "deadman11"
17:06:22.119 INFO  WebHelpers -Send text to WebElement Login: "VBIBIKSU"
17:06:22.306 INFO  WebHelpers -Send text to WebElement Password: "deadman11"
17:06:22.725 INFO  WebHelpers -Click Button ""
17:06:22.891 INFO  WebHelpers -Click WebElement "Purchasing "
17:06:23.187 INFO  WebHelpers -Click Button  with value - "null" - Supplier - 
17:06:23.703 INFO  WebHelpers -Click Button "Create"
17:06:23.865 INFO  CreateSupplierPage -Field Remit To was field by value
17:06:25.671 INFO  WebHelpers -Click Button  with value - "Send For Approval" -  - 
17:06:26.846 INFO  WebHelpers -Click Button  with value - "null" - OK - 
17:06:26.911 INFO  Create_Supplier_Status_Reject -Supplier was created, his Number is: S0160
17:06:26.911 INFO  Create_Supplier_Status_Reject -------------------------------------------------------
17:06:31.350 INFO  WebHelpers -Send text to WebElement Login: "VBIBIKSU"
17:06:31.553 INFO  WebHelpers -Send text to WebElement Password: "deadman11"
17:06:32.077 INFO  WebHelpers -Click Button ""
17:06:32.280 INFO  WebHelpers -Click WebElement "Purchasing "
17:06:33.698 INFO  WebHelpers -Click Button "null"
17:06:34.830 INFO  WebHelpers -WebElement text "S0158" was received: 
17:06:34.871 INFO  WebHelpers -WebElement text "S0158" was received: 
17:06:34.871 INFO  Create_Supplier_Status_Reject -Supplier was chosen for Rejecting, his number is: S0158
17:06:35.170 INFO  WebHelpers -Click WebElement " "
17:06:35.421 INFO  WebHelpers -Click Button "Reject"
17:06:36.456 INFO  WebHelpers -Click Button "null"
17:06:36.457 INFO  Create_Supplier_Status_Reject -Supplier was Rejected
17:06:36.457 INFO  Create_Supplier_Status_Reject -------------------------------------------------------
17:06:41.231 INFO  WebHelpers -Send text to WebElement Login: "VBIBIKSU"
17:06:41.389 INFO  WebHelpers -Send text to WebElement Password: "deadman11"
17:06:43.270 INFO  WebHelpers -Click Button ""
17:06:43.507 INFO  WebHelpers -Click WebElement "Purchasing "
17:06:43.940 INFO  WebHelpers -Click Button "null"
17:06:44.598 INFO  WebHelpers -Click WebElement: " "
17:06:45.147 INFO  WebHelpers -Click Button  with value - "Search" -  - 
17:06:45.429 INFO  WebHelpers -Click Button  with value - "null" - Supplier # - 
17:06:46.307 INFO  WebHelpers -WebElement text "S0158" was received: 
17:06:46.341 INFO  WebHelpers -WebElement text "S0158" was received: 
17:06:46.341 INFO  Create_Supplier_Status_Reject -Supplier was chosen for Rejecting, his number is: S0158
17:06:46.978 INFO  WebHelpers -Click Button  with value - "Edit" -  - 
17:06:47.342 INFO  WebHelpers -Click Button  with value - "Send For Approval" -  - sendPaymentTermsForApproval
17:06:48.731 INFO  WebHelpers -Click Button  with value - "null" - OK - 
17:06:48.876 INFO  WebHelpers -Click WebElement "Purchasing "
17:06:49.649 INFO  WebHelpers -Click WebElement: " "
17:06:50.663 INFO  WebHelpers -Click Button  with value - "Approve" -  - 
17:09:49.676 INFO  WebHelpers -Send text to WebElement Login: "VBIBIKSU"
17:09:49.896 INFO  WebHelpers -Send text to WebElement Password: "deadman11"
17:09:50.660 INFO  WebHelpers -Click Button ""
17:09:50.907 INFO  WebHelpers -Click WebElement "Purchasing "
17:09:51.332 INFO  WebHelpers -Click Button  with value - "null" - Supplier - 
17:09:52.597 INFO  WebHelpers -Click Button "Create"
17:09:52.838 INFO  CreateSupplierPage -Field Remit To was field by value
17:09:57.828 INFO  WebHelpers -Click Button  with value - "Send For Approval" -  - 
17:10:00.563 INFO  WebHelpers -Click Button  with value - "null" - OK - 
17:10:00.660 INFO  Create_Supplier_Status_Reject -Supplier was created, his Number is: S0161
17:10:00.660 INFO  Create_Supplier_Status_Reject -------------------------------------------------------
17:10:05.337 INFO  WebHelpers -Send text to WebElement Login: "VBIBIKSU"
17:10:05.515 INFO  WebHelpers -Send text to WebElement Password: "deadman11"
17:10:06.077 INFO  WebHelpers -Click Button ""
17:10:06.222 INFO  WebHelpers -Click WebElement "Purchasing "
17:10:07.164 INFO  WebHelpers -Click Button "null"
17:10:08.151 INFO  WebHelpers -WebElement text "S0158" was received: 
17:10:08.185 INFO  WebHelpers -WebElement text "S0158" was received: 
17:10:08.185 INFO  Create_Supplier_Status_Reject -Supplier was chosen for Rejecting, his number is: S0158
17:10:08.488 INFO  WebHelpers -Click WebElement " "
17:10:08.674 INFO  WebHelpers -Click Button "Reject"
17:10:09.859 INFO  WebHelpers -Click Button "null"
17:10:09.859 INFO  Create_Supplier_Status_Reject -Supplier was Rejected
17:10:09.859 INFO  Create_Supplier_Status_Reject -------------------------------------------------------
17:10:15.180 INFO  WebHelpers -Send text to WebElement Login: "VBIBIKSU"
17:10:15.362 INFO  WebHelpers -Send text to WebElement Password: "deadman11"
17:10:16.280 INFO  WebHelpers -Click Button ""
17:10:16.433 INFO  WebHelpers -Click WebElement "Purchasing "
17:10:16.861 INFO  WebHelpers -Click Button "null"
17:10:17.550 INFO  WebHelpers -Click WebElement: " "
17:10:17.969 INFO  WebHelpers -Click Button  with value - "Search" -  - 
17:10:18.342 INFO  WebHelpers -Click Button  with value - "null" - Supplier # - 
17:10:19.332 INFO  WebHelpers -WebElement text "S0158" was received: 
17:10:19.367 INFO  WebHelpers -WebElement text "S0158" was received: 
17:10:19.368 INFO  Create_Supplier_Status_Reject -Supplier was chosen for Rejecting, his number is: S0158
17:10:21.135 INFO  WebHelpers -Click Button  with value - "Edit" -  - 
17:10:21.482 INFO  WebHelpers -Click Button  with value - "Send For Approval" -  - sendPaymentTermsForApproval
17:10:22.871 INFO  WebHelpers -Click Button  with value - "null" - OK - 
17:10:23.036 INFO  WebHelpers -Click WebElement "Purchasing "
17:10:24.087 INFO  WebHelpers -Click WebElement: " "
17:10:25.202 INFO  WebHelpers -Click Button  with value - "Approve" -  - 
17:11:11.777 INFO  WebHelpers -Send text to WebElement Login: "VBIBIKSU"
17:11:11.959 INFO  WebHelpers -Send text to WebElement Password: "deadman11"
17:11:12.764 INFO  WebHelpers -Click Button ""
17:11:12.902 INFO  WebHelpers -Click WebElement "Purchasing "
17:11:13.313 INFO  WebHelpers -Click Button  with value - "null" - Supplier - 
17:11:14.718 INFO  WebHelpers -Click Button "Create"
17:11:15.003 INFO  CreateSupplierPage -Field Remit To was field by value
17:11:17.768 INFO  WebHelpers -Click Button  with value - "Send For Approval" -  - 
17:11:19.806 INFO  WebHelpers -Click Button  with value - "null" - OK - 
17:11:19.863 INFO  Create_Supplier_Status_Reject -Supplier was created, his Number is: S0162
17:11:19.863 INFO  Create_Supplier_Status_Reject -------------------------------------------------------
17:11:24.880 INFO  WebHelpers -Send text to WebElement Login: "VBIBIKSU"
17:11:25.031 INFO  WebHelpers -Send text to WebElement Password: "deadman11"
17:11:25.386 INFO  WebHelpers -Click Button ""
17:11:25.542 INFO  WebHelpers -Click WebElement "Purchasing "
17:11:26.501 INFO  WebHelpers -Click Button "null"
17:11:27.376 INFO  WebHelpers -WebElement text "S0158" was received: 
17:11:27.459 INFO  WebHelpers -WebElement text "S0158" was received: 
17:11:27.459 INFO  Create_Supplier_Status_Reject -Supplier was chosen for Rejecting, his number is: S0158
17:11:27.751 INFO  WebHelpers -Click WebElement " "
17:11:27.900 INFO  WebHelpers -Click Button "Reject"
17:11:28.982 INFO  WebHelpers -Click Button "null"
17:11:28.982 INFO  Create_Supplier_Status_Reject -Supplier was Rejected
17:11:28.982 INFO  Create_Supplier_Status_Reject -------------------------------------------------------
17:11:34.738 INFO  WebHelpers -Send text to WebElement Login: "VBIBIKSU"
17:11:34.895 INFO  WebHelpers -Send text to WebElement Password: "deadman11"
17:11:35.373 INFO  WebHelpers -Click Button ""
17:11:35.601 INFO  WebHelpers -Click WebElement "Purchasing "
17:11:35.970 INFO  WebHelpers -Click Button "null"
17:11:36.533 INFO  WebHelpers -Click WebElement: " "
17:11:37.177 INFO  WebHelpers -Click Button  with value - "Search" -  - 
17:11:37.522 INFO  WebHelpers -Click Button  with value - "null" - Supplier # - 
17:11:38.195 INFO  WebHelpers -WebElement text "S0158" was received: 
17:11:38.253 INFO  WebHelpers -WebElement text "S0158" was received: 
17:11:38.253 INFO  Create_Supplier_Status_Reject -Supplier was chosen for Rejecting, his number is: S0158
17:11:38.833 INFO  WebHelpers -Click Button  with value - "Edit" -  - 
17:11:39.108 INFO  WebHelpers -Click Button  with value - "Send For Approval" -  - sendPaymentTermsForApproval
17:11:40.465 INFO  WebHelpers -Click Button  with value - "null" - OK - 
17:11:40.639 INFO  WebHelpers -Click WebElement "Purchasing "
17:11:41.822 INFO  WebHelpers -Click WebElement: " "
17:11:42.977 INFO  WebHelpers -Click Button  with value - "true" -  - paymentTermsApproved
17:11:43.195 INFO  WebHelpers -Click Button  with value - "Approve" -  - 
17:11:44.990 INFO  WebHelpers -Click Button  with value - "null" - OK - 
17:15:10.083 INFO  WebHelpers -Send text to WebElement Login: "VBIBIKSU"
17:15:10.909 INFO  WebHelpers -Send text to WebElement Password: "deadman11"
17:15:12.677 INFO  WebHelpers -Click Button  with value - "" -  - 
17:15:13.006 INFO  WebHelpers -Click Button  with value - "null" - Purchasing - 
17:15:14.032 INFO  WebHelpers -Click Button  with value - "null" - Supplier - 
17:15:16.187 INFO  WebHelpers -Click Button "Create"
17:15:16.650 INFO  CreateSupplierPage -Field Remit To was field by value
17:15:21.196 INFO  WebHelpers -Click Button "Send For Approval"
17:15:22.896 INFO  WebHelpers -Click Button  with value - "null" - OK - 
17:15:22.971 INFO  Create_Supplier_Status_Emergancy -Emergency Supplier was created, his number is: S0163
17:15:22.971 INFO  Create_Supplier_Status_Emergancy -------------------------------------------------------
17:15:23.610 INFO  WebHelpers -Click Button  with value - "Edit" -  - 
17:16:24.694 INFO  WebHelpers -Send text to WebElement Login: "VBIBIKSU"
17:16:24.830 INFO  WebHelpers -Send text to WebElement Password: "deadman11"
17:16:25.551 INFO  WebHelpers -Click Button  with value - "" -  - 
17:16:25.776 INFO  WebHelpers -Click Button  with value - "null" - Purchasing - 
17:16:26.161 INFO  WebHelpers -Click Button  with value - "null" - Supplier - 
17:16:26.948 INFO  WebHelpers -Click Button "Create"
17:16:27.159 INFO  CreateSupplierPage -Field Remit To was field by value
17:16:29.440 INFO  WebHelpers -Click Button "Send For Approval"
17:16:30.766 INFO  WebHelpers -Click Button  with value - "null" - OK - 
17:16:30.849 INFO  Create_Supplier_Status_Emergancy -Emergency Supplier was created, his number is: S0164
17:16:30.850 INFO  Create_Supplier_Status_Emergancy -------------------------------------------------------
17:16:31.442 INFO  WebHelpers -Click Button  with value - "Edit" -  - 
17:17:03.513 INFO  LoginPageTests -------------------------------------------------------
17:17:03.844 INFO  WebHelpers -Open URL: http://localhost:8080/sos/splashScreen.sos
17:17:04.283 INFO  WebHelpers -Send text to WebElement Login: "VBIBIKSU"
17:17:04.474 INFO  WebHelpers -Send text to WebElement Password: "deadman11"
17:17:05.262 INFO  WebHelpers -Click Button ""
17:17:05.452 INFO  WebHelpers -Click WebElement "Purchasing "
17:17:06.895 INFO  WebHelpers -Click Button  with value - "null" - Supplier - 
17:17:10.002 INFO  WebHelpers -Click Button "Create"
17:17:10.473 INFO  CreateSupplierPage -Field Remit To was field by value
17:17:13.858 INFO  WebHelpers -Click Button  with value - "Send For Approval" -  - 
17:17:14.647 INFO  WebHelpers -Send text to WebElement: "[[ChromeDriver: chrome on XP (27b2705cbdecb813c19e234a1c12eec8)] -> id: approvalCommentsHolder]". Text: " Supplier was created and sent for approval with status New Supplier - Pending Approval"
17:17:15.690 INFO  WebHelpers -Click Button  with value - "null" - OK - 
17:17:15.764 INFO  LoginPageTests -Supplier was created, his Number is: S0165
17:17:15.764 INFO  LoginPageTests -------------------------------------------------------
17:17:17.016 INFO  WebHelpers -Click Button  with value - "Edit" -  - 
18:07:38.803 INFO  WebHelpers -Send text to WebElement Login: "VBIBIKSU"
18:07:39.103 INFO  WebHelpers -Send text to WebElement Password: "deadman11"
18:07:40.958 INFO  WebHelpers -Click Button ""
18:07:41.214 INFO  WebHelpers -Click WebElement "Purchasing "
18:07:42.001 INFO  WebHelpers -Click Button  with value - "null" - Supplier - 
18:07:43.554 INFO  WebHelpers -Click Button "Create"
18:07:43.988 INFO  CreateSupplierPage -Field Remit To was field by value
18:07:47.790 INFO  WebHelpers -Click Button  with value - "Send For Approval" -  - 
18:07:49.106 INFO  WebHelpers -Send text to WebElement: "[[ChromeDriver: chrome on XP (20fd5c2d5db22b11dff4ff5b813ac7e2)] -> id: approvalCommentsHolder]". Text: " Supplier was created and sent for approval with status New Supplier - Pending Approval"
18:07:51.057 INFO  WebHelpers -Click Button  with value - "null" - OK - 
18:07:51.238 INFO  Create_Supplier_Status_Reject -Supplier was created, his Number is: S0166
18:07:51.238 INFO  Create_Supplier_Status_Reject -------------------------------------------------------
18:07:57.986 INFO  WebHelpers -Send text to WebElement Login: "VBIBIKSU"
18:07:58.266 INFO  WebHelpers -Send text to WebElement Password: "deadman11"
18:07:59.287 INFO  WebHelpers -Click Button ""
18:07:59.496 INFO  WebHelpers -Click WebElement "Purchasing "
18:08:00.135 INFO  WebHelpers -Click Button  with value - "null" - Supplier - 
18:08:01.239 INFO  WebHelpers -Click Button "Create"
18:08:01.682 INFO  CreateSupplierPage -Field Remit To was field by value
18:08:04.908 INFO  WebHelpers -Click Button "Send For Approval"
18:08:06.720 INFO  WebHelpers -Click Button  with value - "null" - OK - 
18:08:06.826 INFO  Create_Supplier_Status_Reject -Emergency Supplier was created, his number is: S0167
18:08:06.826 INFO  Create_Supplier_Status_Reject -------------------------------------------------------
18:08:13.028 INFO  WebHelpers -Send text to WebElement Login: "VBIBIKSU"
18:08:13.267 INFO  WebHelpers -Send text to WebElement Password: "deadman11"
18:08:14.093 INFO  WebHelpers -Click Button ""
18:08:14.302 INFO  WebHelpers -Click WebElement "Purchasing "
18:08:21.336 INFO  WebHelpers -Click Button  with value - "null" - Approve Supplier - 
18:08:27.773 INFO  WebHelpers -Send text to WebElement Login: "VBIBIKSU"
18:08:27.964 INFO  WebHelpers -Send text to WebElement Password: "deadman11"
18:08:29.255 INFO  WebHelpers -Click Button ""
18:08:29.484 INFO  WebHelpers -Click WebElement "Purchasing "
18:08:31.276 INFO  WebHelpers -Click Button  with value - "null" - Approve Supplier - 
18:09:06.282 INFO  LoginPageTests -------------------------------------------------------
18:09:06.834 INFO  WebHelpers -Open URL: http://localhost:8080/sos/splashScreen.sos
18:09:07.218 INFO  WebHelpers -Send text to WebElement Login: "VBIBIKSU"
18:09:07.503 INFO  WebHelpers -Send text to WebElement Password: "deadman11"
18:09:08.482 INFO  WebHelpers -Click Button ""
18:09:08.669 INFO  WebHelpers -Click WebElement "Purchasing "
18:09:09.244 INFO  WebHelpers -Click Button  with value - "null" - Supplier - 
18:09:10.589 INFO  WebHelpers -Click Button "Create"
18:09:10.962 INFO  CreateSupplierPage -Field Remit To was field by value
18:10:43.215 INFO  LoginPageTests -------------------------------------------------------
18:10:43.592 INFO  WebHelpers -Open URL: http://localhost:8080/sos/splashScreen.sos
18:10:43.995 INFO  WebHelpers -Send text to WebElement Login: "VBIBIKSU"
18:10:44.243 INFO  WebHelpers -Send text to WebElement Password: "deadman11"
18:10:44.943 INFO  WebHelpers -Click Button ""
18:10:45.146 INFO  WebHelpers -Click WebElement "Purchasing "
18:10:45.600 INFO  WebHelpers -Click Button  with value - "null" - Supplier - 
18:10:46.746 INFO  WebHelpers -Click Button "Create"
18:10:47.031 INFO  CreateSupplierPage -Field Remit To was field by value
18:10:51.149 INFO  WebHelpers -Click Button  with value - "Save" -  - 
18:10:51.241 INFO  LoginPageTests -Supplier was created, his Number is: S0168
18:10:51.242 INFO  LoginPageTests ----------  ---------------------------------------------
18:10:52.214 INFO  WebHelpers -Click Button  with value - "Deactivate" -  - 
18:10:52.596 INFO  WebHelpers -Click Button  with value - "Activate" -  - 
18:10:54.072 INFO  WebHelpers -Click Button  with value - "null" - OK - 
18:10:59.202 INFO  LoginPageTests -------------------------------------------------------
18:10:59.654 INFO  WebHelpers -Open URL: http://localhost:8080/sos/splashScreen.sos
18:10:59.955 INFO  WebHelpers -Send text to WebElement Login: "VBIBIKSU"
18:11:00.193 INFO  WebHelpers -Send text to WebElement Password: "deadman11"
18:11:00.723 INFO  WebHelpers -Click Button ""
18:11:00.961 INFO  WebHelpers -Click WebElement "Purchasing "
18:11:02.090 INFO  WebHelpers -Click Button "null"
18:11:03.248 INFO  LoginPageTests -Approved Supplier number is: S0168
18:11:03.522 INFO  WebHelpers -Click WebElement " "
18:11:03.771 INFO  WebHelpers -Click Button "Approve"
18:11:05.233 INFO  WebHelpers -Click Button "null"
18:11:05.233 INFO  LoginPageTests -Supplier successfully passed first approval stage..
18:11:05.233 INFO  LoginPageTests -------------------------------------------------------
18:11:10.335 INFO  LoginPageTests -------------------------------------------------------
18:11:10.688 INFO  WebHelpers -Open URL: http://localhost:8080/sos/splashScreen.sos
18:11:10.985 INFO  WebHelpers -Send text to WebElement Login: "VBIBIKSU"
18:11:11.201 INFO  WebHelpers -Send text to WebElement Password: "deadman11"
18:11:11.706 INFO  WebHelpers -Click Button ""
18:11:12.037 INFO  WebHelpers -Click WebElement "Purchasing "
18:11:13.233 INFO  WebHelpers -Click Button "null"
18:11:14.270 INFO  LoginPageTests -Supplier was approved, his number is: S0168
18:11:15.215 INFO  WebHelpers -Click WebElement " "
18:11:15.386 INFO  WebHelpers -Click Button "Approve"
18:11:16.810 INFO  WebHelpers -Click Button "null"
18:11:16.811 INFO  LoginPageTests -Supplier successfully passed second approval stage.
18:11:16.812 INFO  LoginPageTests -------------------------------------------------------
18:11:22.113 INFO  LoginPageTests -------------------------------------------------------
18:11:22.331 INFO  WebHelpers -Open URL: http://localhost:8080/sos/splashScreen.sos
18:11:22.699 INFO  WebHelpers -Send text to WebElement Login: "VBIBIKSU"
18:11:22.902 INFO  WebHelpers -Send text to WebElement Password: "deadman11"
18:11:23.498 INFO  WebHelpers -Click Button ""
18:11:23.930 INFO  WebHelpers -Click WebElement "Purchasing "
18:11:24.296 INFO  WebHelpers -Click Button "null"
18:33:39.732 INFO  LoginPageTests -------------------------------------------------------
18:33:40.262 INFO  WebHelpers -Open URL: http://localhost:8080/sos/splashScreen.sos
18:33:40.538 INFO  WebHelpers -Send text to WebElement Login: "VBIBIKSU"
18:33:40.780 INFO  WebHelpers -Send text to WebElement Password: "deadman11"
18:33:42.014 INFO  WebHelpers -Click Button ""
18:33:42.170 INFO  WebHelpers -Click WebElement "Purchasing "
18:33:42.690 INFO  WebHelpers -Click Button  with value - "null" - Supplier - 
18:33:43.800 INFO  WebHelpers -Click Button "Create"
18:33:44.166 INFO  CreateSupplierPage -Field Remit To was field by value
18:33:47.837 INFO  WebHelpers -Click Button  with value - "Save" -  - 
18:33:47.971 INFO  WebHelpers -WebElement text "S0169" was received: 
18:33:48.088 INFO  WebHelpers -WebElement text "S0169" was received: 
18:33:48.088 INFO  LoginPageTests -Supplier was created, his Number is: S0169
18:33:48.088 INFO  LoginPageTests -Supplier name is : SUPPLIER_STATUS_NEW_DEMO_SALES_2019/05/28_5JKXQR4V
18:33:48.088 INFO  LoginPageTests -------------------------------------------------------
18:37:37.645 INFO  LoginPageTests -------------------------------------------------------
18:37:37.848 INFO  WebHelpers -Open URL: http://localhost:8080/sos/splashScreen.sos
18:37:38.224 INFO  WebHelpers -Send text to WebElement Login: "VBIBIKSU"
18:37:38.459 INFO  WebHelpers -Send text to WebElement Password: "deadman11"
18:37:39.398 INFO  WebHelpers -Click Button ""
18:37:39.568 INFO  WebHelpers -Click WebElement "Purchasing "
18:37:39.978 INFO  WebHelpers -Click Button  with value - "null" - Supplier - 
18:37:41.128 INFO  WebHelpers -Click Button "Create"
18:37:41.428 INFO  CreateSupplierPage -Field Remit To was field by value
18:37:44.870 INFO  WebHelpers -Click Button  with value - "Save" -  - 
18:37:45.047 INFO  WebHelpers -WebElement text "S0170" was received: 
18:37:45.075 INFO  WebHelpers -WebElement text "S0170" was received: 
18:37:45.075 INFO  LoginPageTests -Supplier was created, his Number is: S0170
18:37:45.075 INFO  LoginPageTests -Supplier name is : SUPPLIER_STATUS_NEW_DEMO_SALES_2019/05/28_4XVRFGOZ
18:37:45.075 INFO  LoginPageTests -------------------------------------------------------
18:51:10.289 INFO  LoginPageTests -------------------------------------------------------
18:51:10.692 INFO  WebHelpers -Open URL: http://localhost:8080/sos/splashScreen.sos
18:51:11.046 INFO  WebHelpers -Send text to WebElement Login: "VBIBIKSU"
18:51:11.221 INFO  WebHelpers -Send text to WebElement Password: "deadman11"
18:51:11.848 INFO  WebHelpers -Click Button ""
18:51:11.953 INFO  WebHelpers -Click WebElement "Purchasing "
18:51:12.320 INFO  WebHelpers -Click Button  with value - "null" - Supplier - 
18:51:13.372 INFO  WebHelpers -Click Button "Create"
18:51:13.684 INFO  CreateSupplierPage -Field Remit To was field by value
18:51:16.369 INFO  WebHelpers -Click Button  with value - "Save" -  - 
18:51:16.406 INFO  LoginPageTests -Supplier was created, his Number is: SUPPLIER_STATUS_APPROVED_DEMO_SALES_2019/05/28_7VF
18:51:16.406 INFO  LoginPageTests ----------  ---------------------------------------------
18:51:16.888 INFO  WebHelpers -Click Button  with value - "Deactivate" -  - 
18:51:17.118 INFO  WebHelpers -Click Button  with value - "Activate" -  - 
18:51:17.700 INFO  WebHelpers -Click Button  with value - "null" - OK - 
18:51:22.398 INFO  LoginPageTests -------------------------------------------------------
18:51:22.657 INFO  WebHelpers -Open URL: http://localhost:8080/sos/splashScreen.sos
18:51:23.596 INFO  WebHelpers -Send text to WebElement Login: "VBIBIKSU"
18:51:23.848 INFO  WebHelpers -Send text to WebElement Password: "deadman11"
18:51:24.357 INFO  WebHelpers -Click Button ""
18:51:24.630 INFO  WebHelpers -Click WebElement "Purchasing "
18:51:25.855 INFO  WebHelpers -Click Button "null"
18:51:27.442 INFO  LoginPageTests -Approved Supplier number is: S0171
18:51:27.768 INFO  WebHelpers -Click WebElement " "
18:51:27.994 INFO  WebHelpers -Click Button "Approve"
18:51:29.017 INFO  WebHelpers -Click Button "null"
18:51:29.017 INFO  LoginPageTests -Supplier successfully passed first approval stage..
18:51:29.017 INFO  LoginPageTests -------------------------------------------------------
18:51:34.143 INFO  LoginPageTests -------------------------------------------------------
18:51:34.407 INFO  WebHelpers -Open URL: http://localhost:8080/sos/splashScreen.sos
18:51:34.827 INFO  WebHelpers -Send text to WebElement Login: "VBIBIKSU"
18:51:35.109 INFO  WebHelpers -Send text to WebElement Password: "deadman11"
18:51:35.538 INFO  WebHelpers -Click Button ""
18:51:35.675 INFO  WebHelpers -Click WebElement "Purchasing "
18:51:36.745 INFO  WebHelpers -Click Button "null"
18:51:38.085 INFO  LoginPageTests -Supplier was approved, his number is: S0171
18:51:38.874 INFO  WebHelpers -Click WebElement " "
18:51:39.078 INFO  WebHelpers -Click Button "Approve"
18:51:40.177 INFO  WebHelpers -Click Button "null"
18:51:40.177 INFO  LoginPageTests -Supplier successfully passed second approval stage.
18:51:40.177 INFO  LoginPageTests -------------------------------------------------------
18:51:45.019 INFO  LoginPageTests -------------------------------------------------------
18:51:45.327 INFO  WebHelpers -Open URL: http://localhost:8080/sos/splashScreen.sos
18:51:45.767 INFO  WebHelpers -Send text to WebElement Login: "VBIBIKSU"
18:51:45.926 INFO  WebHelpers -Send text to WebElement Password: "deadman11"
18:51:46.263 INFO  WebHelpers -Click Button ""
18:51:46.406 INFO  WebHelpers -Click WebElement "Purchasing "
18:51:46.602 INFO  WebHelpers -Click Button "null"
18:53:02.196 INFO  LoginPageTests -------------------------------------------------------
18:53:02.527 INFO  WebHelpers -Open URL: http://localhost:8080/sos/splashScreen.sos
18:53:02.954 INFO  WebHelpers -Send text to WebElement Login: "VBIBIKSU"
18:53:03.141 INFO  WebHelpers -Send text to WebElement Password: "deadman11"
18:53:03.566 INFO  WebHelpers -Click Button ""
18:53:03.723 INFO  WebHelpers -Click WebElement "Purchasing "
18:53:04.215 INFO  WebHelpers -Click Button  with value - "null" - Supplier - 
18:53:04.808 INFO  WebHelpers -Click Button "Create"
18:53:05.027 INFO  CreateSupplierPage -Field Remit To was field by value
18:53:07.431 INFO  WebHelpers -Click Button  with value - "Save" -  - 
18:53:07.479 INFO  LoginPageTests -Supplier was created, his Number is: SUPPLIER_STATUS_APPROVED_DEMO_SALES_2019/05/28_GZA
18:53:07.480 INFO  LoginPageTests ----------  ---------------------------------------------
18:53:08.054 INFO  WebHelpers -Click Button  with value - "Deactivate" -  - 
18:53:08.395 INFO  WebHelpers -Click Button  with value - "Activate" -  - 
18:53:09.379 INFO  WebHelpers -Click Button  with value - "null" - OK - 
18:53:16.332 INFO  LoginPageTests -------------------------------------------------------
18:53:16.528 INFO  WebHelpers -Open URL: http://localhost:8080/sos/splashScreen.sos
18:53:16.776 INFO  WebHelpers -Send text to WebElement Login: "VBIBIKSU"
18:53:16.938 INFO  WebHelpers -Send text to WebElement Password: "deadman11"
18:53:17.533 INFO  WebHelpers -Click Button ""
18:53:17.678 INFO  WebHelpers -Click WebElement "Purchasing "
18:53:18.819 INFO  WebHelpers -Click Button "null"
18:53:19.537 INFO  LoginPageTests -Approved Supplier number is: S0172
18:53:19.797 INFO  WebHelpers -Click WebElement " "
18:53:19.904 INFO  WebHelpers -Click Button "Approve"
18:53:20.995 INFO  WebHelpers -Click Button "null"
18:53:20.995 INFO  LoginPageTests -Supplier successfully passed first approval stage..
18:53:20.995 INFO  LoginPageTests -------------------------------------------------------
18:53:25.616 INFO  LoginPageTests -------------------------------------------------------
18:53:25.888 INFO  WebHelpers -Open URL: http://localhost:8080/sos/splashScreen.sos
18:53:26.193 INFO  WebHelpers -Send text to WebElement Login: "VBIBIKSU"
18:53:26.363 INFO  WebHelpers -Send text to WebElement Password: "deadman11"
18:53:26.719 INFO  WebHelpers -Click Button ""
18:53:26.841 INFO  WebHelpers -Click WebElement "Purchasing "
18:53:27.706 INFO  WebHelpers -Click Button "null"
18:53:28.770 INFO  LoginPageTests -Supplier was approved, his number is: S0172
18:53:29.618 INFO  WebHelpers -Click WebElement " "
18:53:29.777 INFO  WebHelpers -Click Button "Approve"
18:53:31.166 INFO  WebHelpers -Click Button "null"
18:53:31.166 INFO  LoginPageTests -Supplier successfully passed second approval stage.
18:53:31.166 INFO  LoginPageTests -------------------------------------------------------
18:53:36.042 INFO  LoginPageTests -------------------------------------------------------
18:53:36.311 INFO  WebHelpers -Open URL: http://localhost:8080/sos/splashScreen.sos
18:53:36.664 INFO  WebHelpers -Send text to WebElement Login: "VBIBIKSU"
18:53:36.858 INFO  WebHelpers -Send text to WebElement Password: "deadman11"
18:53:37.324 INFO  WebHelpers -Click Button ""
18:53:37.513 INFO  WebHelpers -Click WebElement "Purchasing "
18:53:37.741 INFO  WebHelpers -Click Button "null"
18:53:38.900 INFO  WebHelpers -Click Button  with value - "Search" -  - 
18:53:39.207 INFO  WebHelpers -Click Button  with value - "null" - Supplier # - 
18:53:39.705 INFO  LoginPageTests -Supplier was approved, his number is: S0172
