18:25:38.771 INFO  WebHelpers -Send text to WebElement Login: "VBIBIKSU"
18:25:38.921 INFO  WebHelpers -Send text to WebElement Password: "deadman11"
18:25:39.273 INFO  WebHelpers -Click Button ""
18:25:39.384 INFO  WebHelpers -Click WebElement "Purchasing "
18:25:39.630 INFO  WebHelpers -Click Button  with value - "null" - Supplier - 
18:25:40.276 INFO  WebHelpers -Click Button "Create"
18:25:40.487 INFO  CreateSupplierPage -Field Remit To was field by value
18:25:42.212 INFO  WebHelpers -Click Button "Send For Approval"
18:25:42.982 INFO  WebHelpers -Click Button  with value - "null" - OK - 
18:25:43.087 INFO  LoginPageTests -Supplier was created, his Number is: S0487
18:25:43.087 INFO  LoginPageTests -------------------------------------------------------
18:25:48.034 INFO  WebHelpers -Send text to WebElement Login: "VBIBIKSU"
18:25:48.150 INFO  WebHelpers -Send text to WebElement Password: "deadman11"
18:25:48.435 INFO  WebHelpers -Click Button ""
18:25:48.528 INFO  WebHelpers -Click WebElement "Purchasing "
18:25:49.207 INFO  WebHelpers -Click Button "null"
18:25:49.753 INFO  LoginPageTests -Approved Supplier number is: S0487
18:25:49.909 INFO  WebHelpers -Click WebElement " "
18:25:50.065 INFO  WebHelpers -Click Button "Approve"
18:25:50.802 INFO  WebHelpers -Click Button "null"
18:25:50.802 INFO  LoginPageTests -Supplier successfully passed first approval stage..
18:25:50.802 INFO  LoginPageTests -------------------------------------------------------
18:25:55.254 INFO  WebHelpers -Send text to WebElement Login: "VBIBIKSU"
18:25:55.357 INFO  WebHelpers -Send text to WebElement Password: "deadman11"
18:25:55.637 INFO  WebHelpers -Click Button ""
18:25:55.727 INFO  WebHelpers -Click WebElement "Purchasing "
18:25:56.237 INFO  WebHelpers -Click Button "null"
18:25:56.797 INFO  LoginPageTests -Supplier was approved, his number is: S0487
18:25:57.382 INFO  WebHelpers -Click WebElement " "
18:25:57.468 INFO  WebHelpers -Click Button "Approve"
18:25:58.038 INFO  WebHelpers -Click Button "null"
18:25:58.038 INFO  LoginPageTests -Supplier successfully passed second approval stage.
18:25:58.038 INFO  LoginPageTests -------------------------------------------------------
