16:38:42.584 INFO  LoginPageTests -------------------------------------------------------
16:38:43.510 INFO  WebHelpers -Open URL: http://localhost:8080/sos/splashScreen.sos
16:38:43.925 INFO  WebHelpers -Send text to WebElement Login: "VBIBIKSU"
16:38:44.150 INFO  WebHelpers -Send text to WebElement Password: "deadman11"
16:38:45.397 INFO  WebHelpers -Click Button ""
16:38:45.676 INFO  WebHelpers -Click WebElement "Purchasing "
16:38:46.111 INFO  WebHelpers -Click Button  with value - "null" - Supplier - 
16:38:47.738 INFO  WebHelpers -Click Button "Create"
16:38:48.202 INFO  CreateSupplierPage -Field Remit To was field by value
16:38:52.461 INFO  WebHelpers -Click Button  with value - "Save" -  - 
16:38:52.573 INFO  WebHelpers -WebElement text "S0097" was received: 
16:38:52.612 INFO  WebHelpers -WebElement text "S0097" was received: 
16:38:52.612 INFO  LoginPageTests -Supplier was created, his Number is: S0097
16:38:52.612 INFO  LoginPageTests -Supplier name is : SUPPLIER_STATUS_NEW_DEMO_SALES_2019/05/16_RVPCBD5N
16:38:52.612 INFO  LoginPageTests -------------------------------------------------------
16:47:04.053 INFO  LoginPageTests -------------------------------------------------------
16:47:04.429 INFO  WebHelpers -Open URL: http://localhost:8080/sos/splashScreen.sos
16:47:04.636 INFO  WebHelpers -Send text to WebElement Login: "VBIBIKSU"
16:47:04.803 INFO  WebHelpers -Send text to WebElement Password: "deadman11"
16:47:05.371 INFO  WebHelpers -Click Button ""
16:47:05.574 INFO  WebHelpers -Click WebElement "Purchasing "
16:47:06.222 INFO  WebHelpers -Click Button  with value - "null" - Supplier - 
16:47:07.372 INFO  WebHelpers -Click Button "Create"
16:47:07.636 INFO  CreateSupplierPage -Field Remit To was field by value
16:47:10.365 INFO  WebHelpers -Click Button  with value - "Save" -  - 
16:47:10.506 INFO  WebHelpers -WebElement text "S0098" was received: 
16:47:10.556 INFO  WebHelpers -WebElement text "S0098" was received: 
16:47:10.556 INFO  LoginPageTests -Supplier was created, his Number is: S0098
16:47:10.556 INFO  LoginPageTests -Supplier name is : SUPPLIER_STATUS_NEW_DEMO_SALES_2019/05/16_6NRHZ8PC
16:47:10.556 INFO  LoginPageTests -------------------------------------------------------
16:47:31.943 INFO  WebHelpers -Send text to WebElement Login: "VBIBIKSU"
16:47:32.180 INFO  WebHelpers -Send text to WebElement Password: "deadman11"
16:47:32.719 INFO  WebHelpers -Click Button  with value - "" -  - 
16:47:33.032 INFO  WebHelpers -Click Button  with value - "null" - Purchasing - 
16:47:33.838 INFO  WebHelpers -Click Button  with value - "null" - Supplier - 
16:47:35.439 INFO  WebHelpers -Click Button "Create"
16:47:35.708 INFO  CreateSupplierPage -Field Remit To was field by value
16:47:38.284 INFO  WebHelpers -Click Button "Send For Approval"
16:47:40.932 INFO  WebHelpers -Click Button  with value - "null" - OK - 
16:47:41.055 INFO  Create_Supplier_Status_Emergancy -Emergency Supplier was created, his number is: S0099
16:47:41.055 INFO  Create_Supplier_Status_Emergancy -------------------------------------------------------
16:47:56.408 INFO  WebHelpers -Send text to WebElement Login: "VBIBIKSU"
16:47:56.771 INFO  WebHelpers -Send text to WebElement Password: "deadman11"
16:47:57.522 INFO  WebHelpers -Click Button ""
16:47:57.656 INFO  WebHelpers -Click WebElement "Purchasing "
16:47:58.104 INFO  WebHelpers -Click Button  with value - "null" - Supplier - 
16:47:58.886 INFO  WebHelpers -Click Button "Create"
16:47:59.189 INFO  CreateSupplierPage -Field Remit To was field by value
16:48:01.580 INFO  WebHelpers -Click Button  with value - "Send For Approval" -  - 
16:48:02.295 INFO  WebHelpers -Send text to WebElement: "[[ChromeDriver: chrome on XP (a1609ab6f00a9106f75c243b4092499f)] -> id: approvalCommentsHolder]". Text: " Supplier was created and sent for approval with status New Supplier - Pending Approval"
16:48:03.167 INFO  WebHelpers -Click Button  with value - "null" - OK - 
16:48:03.253 INFO  Create_Supplier_Status_Reject -Supplier name is : SUPPLIER_STATUS_APPROVED_DEMO_SALES_2019/05/16_EKU
16:48:03.282 INFO  Create_Supplier_Status_Reject -Supplier was created, his Number is: S0100
16:48:03.282 INFO  Create_Supplier_Status_Reject -------------------------------------------------------
16:48:08.806 INFO  WebHelpers -Send text to WebElement Login: "VBIBIKSU"
16:48:08.964 INFO  WebHelpers -Send text to WebElement Password: "deadman11"
16:48:09.422 INFO  WebHelpers -Click Button ""
16:48:09.572 INFO  WebHelpers -Click WebElement "Purchasing "
16:48:10.942 INFO  WebHelpers -Click Button "null"
16:48:12.085 INFO  Create_Supplier_Status_Reject -Supplier was chosen for Rejecting, his number is: S0100
16:48:12.293 INFO  WebHelpers -Click Button "Reject"
16:48:12.623 INFO  WebHelpers -Send text to WebElement: "[[ChromeDriver: chrome on XP (19f2d4aa1c58da798c96991b07c94776)] -> id: decisionCommentsHolder]". Text: " Supplier_was_rejected"
16:48:13.399 INFO  WebHelpers -Click Button "null"
16:48:13.399 INFO  Create_Supplier_Status_Reject -Supplier was Rejected
16:48:13.399 INFO  Create_Supplier_Status_Reject -------------------------------------------------------
16:48:30.618 INFO  WebHelpers -Send text to WebElement Login: "VBIBIKSU"
16:48:30.836 INFO  WebHelpers -Send text to WebElement Password: "deadman11"
16:48:31.433 INFO  WebHelpers -Click Button ""
16:48:31.656 INFO  WebHelpers -Click WebElement "Purchasing "
16:48:32.121 INFO  WebHelpers -Click Button  with value - "null" - Supplier - 
16:48:33.137 INFO  WebHelpers -Click Button "Create"
16:48:33.359 INFO  CreateSupplierPage -Field Remit To was field by value
16:48:36.044 INFO  WebHelpers -Click Button "Send For Approval"
16:48:37.985 INFO  WebHelpers -Click Button  with value - "null" - OK - 
16:48:38.121 INFO  LoginPageTests -Supplier was created, his Number is: S0101
16:48:38.121 INFO  LoginPageTests -------------------------------------------------------
16:48:44.269 INFO  WebHelpers -Send text to WebElement Login: "VBIBIKSU"
16:48:44.642 INFO  WebHelpers -Send text to WebElement Password: "deadman11"
16:48:45.149 INFO  WebHelpers -Click Button ""
16:48:45.356 INFO  WebHelpers -Click WebElement "Purchasing "
16:48:46.653 INFO  WebHelpers -Click Button "null"
16:48:47.923 INFO  LoginPageTests -Approved Supplier number is: S0101
16:48:48.464 INFO  WebHelpers -Click WebElement " "
16:48:48.622 INFO  WebHelpers -Click Button "Approve"
16:48:49.773 INFO  WebHelpers -Click Button "null"
16:48:49.773 INFO  LoginPageTests -Supplier successfully passed first approval stage..
16:48:49.773 INFO  LoginPageTests -------------------------------------------------------
16:48:55.516 INFO  WebHelpers -Send text to WebElement Login: "VBIBIKSU"
16:48:55.745 INFO  WebHelpers -Send text to WebElement Password: "deadman11"
16:48:56.316 INFO  WebHelpers -Click Button ""
16:48:56.564 INFO  WebHelpers -Click WebElement "Purchasing "
16:48:58.928 INFO  WebHelpers -Click Button "null"
16:49:01.102 INFO  LoginPageTests -Supplier was approved, his number is: S0101
16:49:02.089 INFO  WebHelpers -Click WebElement " "
16:49:02.234 INFO  WebHelpers -Click Button "Approve"
16:49:03.484 INFO  WebHelpers -Click Button "null"
16:49:03.484 INFO  LoginPageTests -Supplier successfully passed second approval stage.
16:49:03.484 INFO  LoginPageTests -------------------------------------------------------
18:46:08.774 INFO  LoginPageTests -------------------------------------------------------
18:46:09.048 INFO  WebHelpers -Open URL: http://localhost:8080/sos/splashScreen.sos
18:46:09.367 INFO  WebHelpers -Send text to WebElement Login: "VBIBIKSU"
18:46:09.541 INFO  WebHelpers -Send text to WebElement Password: "deadman11"
18:46:10.791 INFO  WebHelpers -Click Button ""
18:46:11.101 INFO  WebHelpers -Click WebElement "Purchasing "
18:46:11.633 INFO  WebHelpers -Click Button  with value - "null" - Supplier - 
18:46:13.153 INFO  WebHelpers -Click Button "Create"
18:46:13.550 INFO  CreateSupplierPage -Field Remit To was field by value
18:46:16.880 INFO  WebHelpers -Click Button  with value - "Save" -  - 
18:46:17.059 INFO  WebHelpers -WebElement text "S0102" was received: 
18:46:17.093 INFO  WebHelpers -WebElement text "S0102" was received: 
18:46:17.093 INFO  LoginPageTests -Supplier was created, his Number is: S0102
18:46:17.093 INFO  LoginPageTests -Supplier name is : SUPPLIER_STATUS_NEW_DEMO_SALES_2019/05/16_6R6QIOU7
18:46:17.093 INFO  LoginPageTests -------------------------------------------------------
