20:26:38.212 INFO  LoginPageTests -----------------------------------------------------------------------------------------------------------------------
20:26:45.627 INFO  WebHelpers -Open URL: us01.dynamicseam.com
20:26:46.896 INFO  WebHelpers -Click Button  with value - "null" - Enterprise Applications - 
20:27:07.101 INFO  WebHelpers -Switch to IFrame: Proxy element for: DefaultElementLocator 'By.id: contentIFrame'
20:27:07.389 INFO  WebHelpers -Click Button  with value - "null" - Finance Site Settings - 
20:27:08.444 INFO  WebHelpers -Switch to the new window: Finance Site Settings
20:27:08.869 INFO  WebHelpers -Click Button  with value - "null" - Export to Excel - a_export
20:27:09.612 INFO  WebHelpers -Click Button  with value - "null" - Transmission Summary (last 3 months) - a_export1
20:27:14.498 INFO  LoginPageTests -----------------------------------------------------------------------------------------------------------------------
20:27:19.777 INFO  WebHelpers -Open URL: us01.dynamicseam.com
20:27:21.212 INFO  WebHelpers -Click Button  with value - "null" - Enterprise Applications - 
20:27:41.377 INFO  WebHelpers -Switch to IFrame: Proxy element for: DefaultElementLocator 'By.id: contentIFrame'
20:27:41.672 INFO  WebHelpers -Click Button  with value - "null" - Finance Site Settings - 
20:27:42.761 INFO  WebHelpers -Switch to the new window: Finance Site Settings
20:27:47.490 INFO  LoginPageTests -----------------------------------------------------------------------------------------------------------------------
20:27:54.160 INFO  WebHelpers -Open URL: us01.dynamicseam.com
20:27:55.309 INFO  WebHelpers -Click Button  with value - "null" - Enterprise Applications - 
20:28:15.431 INFO  WebHelpers -Switch to IFrame: Proxy element for: DefaultElementLocator 'By.id: contentIFrame'
20:28:15.769 INFO  WebHelpers -Click Button  with value - "null" - Finance Site Settings - 
20:28:16.823 INFO  WebHelpers -Switch to the new window: Finance Site Settings
20:28:21.659 INFO  LoginPageTests -----------------------------------------------------------------------------------------------------------------------
20:28:27.600 INFO  WebHelpers -Open URL: us01.dynamicseam.com
20:28:28.789 INFO  WebHelpers -Click Button  with value - "null" - Enterprise Applications - 
20:28:48.981 INFO  WebHelpers -Switch to IFrame: Proxy element for: DefaultElementLocator 'By.id: contentIFrame'
20:28:49.245 INFO  WebHelpers -Click Button  with value - "null" - Finance Site Settings - 
20:28:50.292 INFO  WebHelpers -Switch to the new window: Finance Site Settings
20:28:55.051 INFO  LoginPageTests -----------------------------------------------------------------------------------------------------------------------
20:29:00.363 INFO  WebHelpers -Open URL: us01.dynamicseam.com
20:29:01.407 INFO  WebHelpers -Click Button  with value - "null" - Enterprise Applications - 
20:29:21.542 INFO  WebHelpers -Switch to IFrame: Proxy element for: DefaultElementLocator 'By.id: contentIFrame'
20:29:21.794 INFO  WebHelpers -Click Button  with value - "null" - Finance Site Settings - 
20:29:22.867 INFO  WebHelpers -Switch to the new window: Finance Site Settings
20:29:23.170 INFO  WebHelpers -Click Button  with value - "null" - Transmission Summary (last 3 months) - a_export1
20:29:27.818 INFO  LoginPageTests -----------------------------------------------------------------------------------------------------------------------
20:29:33.413 INFO  WebHelpers -Open URL: us01.dynamicseam.com
20:29:34.657 INFO  WebHelpers -Click Button  with value - "null" - Enterprise Applications - 
20:29:54.821 INFO  WebHelpers -Switch to IFrame: Proxy element for: DefaultElementLocator 'By.id: contentIFrame'
20:29:55.093 INFO  WebHelpers -Click Button  with value - "null" - Finance Site Settings - 
20:29:56.157 INFO  WebHelpers -Switch to the new window: Finance Site Settings
