14:33:47.010 INFO  FinanceSiteSettingsPageTests -----------------------------------------------------------------------------------------------------------------------
14:34:07.900 INFO  WebHelpers -Open URL: us01.dynamicseam.com
14:34:09.102 INFO  WebHelpers -Click Button  with value - "null" - Enterprise Applications - 
14:34:29.198 INFO  WebHelpers -Switch to IFrame: Proxy element for: DefaultElementLocator 'By.id: contentIFrame'
14:34:29.643 INFO  WebHelpers -Click Button  with value - "null" - Items without Manufacturer (Created in 30 days) - 
14:34:30.702 INFO  WebHelpers -Switch to the new window: Items without Manufacturer (Created in 30 days)
14:34:34.738 INFO  FinanceSiteSettingsPageTests -----------------------------------------------------------------------------------------------------------------------
14:34:39.797 INFO  WebHelpers -Open URL: us01.dynamicseam.com
14:34:41.083 INFO  WebHelpers -Click Button  with value - "null" - Enterprise Applications - 
14:35:01.149 INFO  WebHelpers -Switch to IFrame: Proxy element for: DefaultElementLocator 'By.id: contentIFrame'
14:35:01.344 INFO  WebHelpers -Click Button  with value - "null" - MR Line Details (Waiting for a Quote/Client Price) - 
14:35:02.385 INFO  WebHelpers -Switch to the new window: MR Line Details (Waiting for a Quote/Client Price)
14:35:06.436 INFO  FinanceSiteSettingsPageTests -----------------------------------------------------------------------------------------------------------------------
14:35:13.402 INFO  WebHelpers -Open URL: us01.dynamicseam.com
14:35:15.173 INFO  WebHelpers -Click Button  with value - "null" - Enterprise Applications - 
14:35:35.291 INFO  WebHelpers -Switch to IFrame: Proxy element for: DefaultElementLocator 'By.id: contentIFrame'
14:35:35.479 INFO  WebHelpers -Click Button  with value - "null" - Finance Site Settings - 
14:35:36.528 INFO  WebHelpers -Switch to the new window: Finance Site Settings
14:35:40.636 INFO  FinanceSiteSettingsPageTests -----------------------------------------------------------------------------------------------------------------------
14:35:45.898 INFO  WebHelpers -Open URL: us01.dynamicseam.com
14:35:46.950 INFO  WebHelpers -Click Button  with value - "null" - Enterprise Applications - 
14:36:07.031 INFO  WebHelpers -Switch to IFrame: Proxy element for: DefaultElementLocator 'By.id: contentIFrame'
14:36:07.211 INFO  WebHelpers -Click Button  with value - "null" - MR Line Summary (Waiting for a Quote/Client Price) - 
14:36:08.245 INFO  WebHelpers -Switch to the new window: MR Line Summary (Waiting for a Quote/Client Price)
14:36:12.309 INFO  FinanceSiteSettingsPageTests -----------------------------------------------------------------------------------------------------------------------
14:36:17.876 INFO  WebHelpers -Open URL: us01.dynamicseam.com
14:36:18.917 INFO  WebHelpers -Click Button  with value - "null" - Enterprise Applications - 
14:36:39.037 INFO  WebHelpers -Switch to IFrame: Proxy element for: DefaultElementLocator 'By.id: contentIFrame'
14:36:39.226 INFO  WebHelpers -Click Button  with value - "null" - Invoicing Status/Transmission - 
14:36:40.262 INFO  WebHelpers -Switch to the new window: Invoicing Status/Transmission
14:36:44.292 INFO  FinanceSiteSettingsPageTests -----------------------------------------------------------------------------------------------------------------------
14:36:50.048 INFO  WebHelpers -Open URL: us01.dynamicseam.com
14:36:51.057 INFO  WebHelpers -Click Button  with value - "null" - Enterprise Applications - 
14:37:11.150 INFO  WebHelpers -Switch to IFrame: Proxy element for: DefaultElementLocator 'By.id: contentIFrame'
14:37:11.340 INFO  WebHelpers -Click Button  with value - "null" - PGT List Price Requests - 
14:37:12.473 INFO  WebHelpers -Switch to the new window: PGT List Price Requests
14:37:16.508 INFO  FinanceSiteSettingsPageTests -----------------------------------------------------------------------------------------------------------------------
14:37:23.363 INFO  WebHelpers -Open URL: us01.dynamicseam.com
14:37:25.447 INFO  WebHelpers -Click Button  with value - "null" - Enterprise Applications - 
14:37:45.520 INFO  WebHelpers -Switch to IFrame: Proxy element for: DefaultElementLocator 'By.id: contentIFrame'
14:37:45.696 INFO  WebHelpers -Click Button  with value - "null" - PGT Manufacture Focused Sourcing - 
14:37:46.938 INFO  WebHelpers -Switch to the new window: PGT Manufacture Focused Sourcing
14:37:50.976 INFO  FinanceSiteSettingsPageTests -----------------------------------------------------------------------------------------------------------------------
14:38:00.470 INFO  WebHelpers -Open URL: us01.dynamicseam.com
14:38:01.603 INFO  WebHelpers -Click Button  with value - "null" - Enterprise Applications - 
14:38:21.725 INFO  WebHelpers -Switch to IFrame: Proxy element for: DefaultElementLocator 'By.id: contentIFrame'
14:38:21.911 INFO  WebHelpers -Click Button  with value - "null" - Vendor Approval - 
14:38:22.962 INFO  WebHelpers -Switch to the new window: Vendor Approval
