18:06:28.421 INFO  LoginPageTests -------------------------------------------------------
18:06:28.677 INFO  WebHelpers -Open URL: http://localhost:8080/sos/splashScreen.sos
18:06:28.945 INFO  WebHelpers -Send text to WebElement Login: "VBIBIKSU"
18:06:29.123 INFO  WebHelpers -Send text to WebElement Password: "deadman11"
18:06:29.575 INFO  WebHelpers -Click Button ""
18:06:29.722 INFO  WebHelpers -Click WebElement "Purchasing "
18:06:30.158 INFO  WebHelpers -Click Button  with value - "null" - Supplier - 
18:06:31.172 INFO  WebHelpers -Click Button "Create"
18:06:31.464 INFO  CreateSupplierPage -Field Remit To was field by value
18:06:34.128 INFO  WebHelpers -Click Button "Send For Approval"
18:06:49.692 INFO  WebHelpers -Send text to WebElement Login: "VBIBIKSU"
18:06:49.863 INFO  WebHelpers -Send text to WebElement Password: "deadman11"
18:06:50.450 INFO  WebHelpers -Click Button ""
18:06:50.595 INFO  WebHelpers -Click WebElement "Purchasing "
18:06:50.992 INFO  WebHelpers -Click Button  with value - "null" - Supplier - 
18:06:52.324 INFO  WebHelpers -Click Button "Create"
18:06:52.733 INFO  CreateSupplierPage -Field Remit To was field by value
18:06:55.561 INFO  WebHelpers -Click Button "Send For Approval"
18:06:56.840 INFO  WebHelpers -Click Button  with value - "null" - OK - 
18:06:56.912 INFO  Create_Supplier_Status_Reject -Supplier was created, his Number is: S0162
18:06:56.912 INFO  Create_Supplier_Status_Reject -------------------------------------------------------
18:07:02.499 INFO  WebHelpers -Send text to WebElement Login: "VBIBIKSU"
18:07:02.699 INFO  WebHelpers -Send text to WebElement Password: "deadman11"
18:07:03.362 INFO  WebHelpers -Click Button  with value - "" -  - 
18:07:03.592 INFO  WebHelpers -Click Button  with value - "null" - Purchasing - 
18:07:04.076 INFO  WebHelpers -Click Button  with value - "null" - Supplier - 
18:07:05.867 INFO  WebHelpers -Click Button "Create"
18:07:06.225 INFO  CreateSupplierPage -Field Remit To was field by value
18:07:09.481 INFO  WebHelpers -Click Button "Send For Approval"
18:07:10.703 INFO  WebHelpers -Click Button  with value - "null" - OK - 
18:07:10.770 INFO  Create_Supplier_Status_Emergancy -Emergency Supplier was created, his number is: S0163
18:07:10.770 INFO  Create_Supplier_Status_Emergancy -------------------------------------------------------
18:07:15.958 INFO  WebHelpers -Send text to WebElement Login: "VBIBIKSU"
18:07:16.128 INFO  WebHelpers -Send text to WebElement Password: "deadman11"
18:07:16.574 INFO  WebHelpers -Click Button ""
18:07:16.845 INFO  WebHelpers -Click WebElement "Purchasing "
18:07:18.253 INFO  WebHelpers -Click Button "null"
18:07:19.369 INFO  LoginPageTests -Supplier was approved, his number is: S0162
18:07:34.302 INFO  WebHelpers -Send text to WebElement Login: "VBIBIKSU"
18:07:34.464 INFO  WebHelpers -Send text to WebElement Password: "deadman11"
18:07:34.818 INFO  WebHelpers -Click Button ""
18:07:35.013 INFO  WebHelpers -Click WebElement "Purchasing "
18:07:36.023 INFO  WebHelpers -Click Button "null"
18:07:37.870 INFO  LoginPageTests -Approved Supplier number is: S0162
18:07:38.193 INFO  WebHelpers -Click WebElement " "
18:07:38.410 INFO  WebHelpers -Click Button "Approve"
18:07:39.788 INFO  WebHelpers -Click Button "null"
18:07:39.788 INFO  LoginPageTests -Supplier successfully passed first approval stage..
18:07:39.789 INFO  LoginPageTests -------------------------------------------------------
18:07:44.705 INFO  WebHelpers -Send text to WebElement Login: "VBIBIKSU"
18:07:44.879 INFO  WebHelpers -Send text to WebElement Password: "deadman11"
18:07:45.614 INFO  WebHelpers -Click Button ""
18:07:45.759 INFO  WebHelpers -Click WebElement "Purchasing "
18:07:46.191 INFO  WebHelpers -Click Button  with value - "null" - Supplier - 
18:07:48.237 INFO  WebHelpers -Click Button "Create"
18:07:48.561 INFO  CreateSupplierPage -Field Remit To was field by value
18:07:51.278 INFO  WebHelpers -Click Button "Send For Approval"
18:07:53.104 INFO  WebHelpers -Click Button  with value - "null" - OK - 
18:07:53.168 INFO  LoginPageTests -Supplier was created, his Number is: S0164
18:07:53.168 INFO  LoginPageTests -------------------------------------------------------
18:07:58.390 INFO  WebHelpers -Send text to WebElement Login: "VBIBIKSU"
18:07:58.552 INFO  WebHelpers -Send text to WebElement Password: "deadman11"
18:07:58.930 INFO  WebHelpers -Click Button ""
18:07:59.062 INFO  WebHelpers -Click WebElement "Purchasing "
18:08:00.088 INFO  WebHelpers -Click Button "null"
18:08:01.111 INFO  Create_Supplier_Status_Reject -Supplier was chosen for Rejecting, his number is: S0164
18:08:01.267 INFO  WebHelpers -Click Button "Reject"
18:08:02.708 INFO  WebHelpers -Click Button "null"
18:08:02.708 INFO  Create_Supplier_Status_Reject -Supplier was Rejected
18:08:02.708 INFO  Create_Supplier_Status_Reject -------------------------------------------------------
18:08:07.750 INFO  WebHelpers -Send text to WebElement Login: "VBIBIKSU"
18:08:07.927 INFO  WebHelpers -Send text to WebElement Password: "deadman11"
18:08:08.325 INFO  WebHelpers -Click Button ""
18:08:08.471 INFO  WebHelpers -Click WebElement "Purchasing "
18:08:08.844 INFO  WebHelpers -Click Button  with value - "null" - Supplier - 
18:08:10.578 INFO  WebHelpers -Click Button "Create"
18:08:10.928 INFO  CreateSupplierPage -Field Remit To was field by value
18:08:14.032 INFO  WebHelpers -Click Button "Send For Approval"
18:08:15.494 INFO  WebHelpers -Click Button  with value - "null" - OK - 
18:08:15.561 INFO  Create_Supplier_Status_Reject -Supplier was created, his Number is: S0165
18:08:15.562 INFO  Create_Supplier_Status_Reject -------------------------------------------------------
18:08:54.723 INFO  LoginPageTests -------------------------------------------------------
18:08:54.909 INFO  WebHelpers -Open URL: http://localhost:8080/sos/splashScreen.sos
18:08:55.119 INFO  WebHelpers -Send text to WebElement Login: "VBIBIKSU"
18:08:55.310 INFO  WebHelpers -Send text to WebElement Password: "deadman11"
18:08:55.891 INFO  WebHelpers -Click Button ""
18:08:56.037 INFO  WebHelpers -Click WebElement "Purchasing "
18:08:56.408 INFO  WebHelpers -Click Button  with value - "null" - Supplier - 
18:08:57.475 INFO  WebHelpers -Click Button "Create"
18:08:57.775 INFO  CreateSupplierPage -Field Remit To was field by value
18:09:00.187 INFO  WebHelpers -Click Button "Send For Approval"
18:11:00.904 INFO  LoginPageTests -------------------------------------------------------
18:11:01.094 INFO  WebHelpers -Open URL: http://localhost:8080/sos/splashScreen.sos
18:11:01.375 INFO  WebHelpers -Send text to WebElement Login: "VBIBIKSU"
18:11:01.511 INFO  WebHelpers -Send text to WebElement Password: "deadman11"
18:11:02.085 INFO  WebHelpers -Click Button ""
18:11:02.251 INFO  WebHelpers -Click WebElement "Purchasing "
18:11:02.901 INFO  WebHelpers -Click Button  with value - "null" - Supplier - 
18:11:04.392 INFO  WebHelpers -Click Button "Create"
18:11:04.754 INFO  CreateSupplierPage -Field Remit To was field by value
18:11:07.311 INFO  WebHelpers -Click Button "Send For Approval"
18:21:18.551 INFO  LoginPageTests -------------------------------------------------------
18:21:18.738 INFO  WebHelpers -Open URL: http://localhost:8080/sos/splashScreen.sos
18:21:18.959 INFO  WebHelpers -Send text to WebElement Login: "VBIBIKSU"
18:21:19.132 INFO  WebHelpers -Send text to WebElement Password: "deadman11"
18:21:19.691 INFO  WebHelpers -Click Button ""
18:21:19.823 INFO  WebHelpers -Click WebElement "Purchasing "
18:21:20.211 INFO  WebHelpers -Click Button  with value - "null" - Supplier - 
18:21:21.389 INFO  WebHelpers -Click Button "Create"
18:21:21.714 INFO  CreateSupplierPage -Field Remit To was field by value
18:21:24.544 INFO  WebHelpers -Click Button "Send For Approval"
18:34:33.766 INFO  WebHelpers -Send text to WebElement Login: "VBIBIKSU"
18:34:33.942 INFO  WebHelpers -Send text to WebElement Password: "deadman11"
18:34:34.966 INFO  WebHelpers -Click Button ""
18:34:35.125 INFO  WebHelpers -Click WebElement "Purchasing "
18:34:35.610 INFO  WebHelpers -Click Button  with value - "null" - Supplier - 
18:34:37.432 INFO  WebHelpers -Click Button "Create"
18:34:37.717 INFO  CreateSupplierPage -Field Remit To was field by value
18:34:40.608 INFO  WebHelpers -Click Button  with value - "Send For Approval" -  - 
18:34:41.451 INFO  WebHelpers -Send text to WebElement: "[[ChromeDriver: chrome on XP (44262c2ea7590e8a3db7407a7d00d2c7)] -> id: approvalCommentsHolder]". Text: " Supplier was created and sent for approval with status New Supplier - Pending Approval"
18:34:42.189 INFO  WebHelpers -Click Button  with value - "null" - OK - 
18:34:42.266 INFO  Create_Supplier_Status_Reject -Supplier was created, his Number is: S0166
18:34:42.266 INFO  Create_Supplier_Status_Reject -------------------------------------------------------
18:35:33.109 INFO  WebHelpers -Send text to WebElement Login: "VBIBIKSU"
18:35:33.269 INFO  WebHelpers -Send text to WebElement Password: "deadman11"
18:35:33.741 INFO  WebHelpers -Click Button ""
18:35:33.894 INFO  WebHelpers -Click WebElement "Purchasing "
18:35:35.457 INFO  WebHelpers -Click Button "null"
18:35:38.337 INFO  Create_Supplier_Status_Reject -Supplier was chosen for Rejecting, his number is: S0166
18:35:58.253 INFO  WebHelpers -Send text to WebElement Login: "VBIBIKSU"
18:35:58.426 INFO  WebHelpers -Send text to WebElement Password: "deadman11"
18:35:58.851 INFO  WebHelpers -Click Button ""
18:35:58.974 INFO  WebHelpers -Click WebElement "Purchasing "
18:35:59.435 INFO  WebHelpers -Click Button  with value - "null" - Supplier - 
18:36:00.503 INFO  WebHelpers -Click Button "Create"
18:36:00.696 INFO  CreateSupplierPage -Field Remit To was field by value
18:36:03.589 INFO  WebHelpers -Click Button  with value - "Send For Approval" -  - 
18:36:04.531 INFO  WebHelpers -Send text to WebElement: "[[ChromeDriver: chrome on XP (ba21a76a76919354a4b9dce9aca211fd)] -> id: approvalCommentsHolder]". Text: " Supplier was created and sent for approval with status New Supplier - Pending Approval"
18:36:05.386 INFO  WebHelpers -Click Button  with value - "null" - OK - 
18:36:05.467 INFO  Create_Supplier_Status_Reject -Supplier was created, his Number is: S0167
18:36:05.467 INFO  Create_Supplier_Status_Reject -------------------------------------------------------
18:36:10.736 INFO  WebHelpers -Send text to WebElement Login: "VBIBIKSU"
18:36:10.922 INFO  WebHelpers -Send text to WebElement Password: "deadman11"
18:36:11.328 INFO  WebHelpers -Click Button ""
18:36:11.474 INFO  WebHelpers -Click WebElement "Purchasing "
18:36:13.477 INFO  WebHelpers -Click Button "null"
18:36:15.050 INFO  Create_Supplier_Status_Reject -Supplier was chosen for Rejecting, his number is: S0167
18:36:15.349 INFO  WebHelpers -Click Button "Reject"
18:36:15.752 INFO  WebHelpers -Send text to WebElement: "[[ChromeDriver: chrome on XP (e71732a5387352ceea218996e4e145c8)] -> id: decisionCommentsHolder]". Text: " Supplier_was_rejected"
18:36:16.754 INFO  WebHelpers -Click Button "null"
18:36:16.754 INFO  Create_Supplier_Status_Reject -Supplier was Rejected
18:36:16.754 INFO  Create_Supplier_Status_Reject -------------------------------------------------------
18:36:47.057 INFO  LoginPageTests -------------------------------------------------------
18:36:47.388 INFO  WebHelpers -Open URL: http://localhost:8080/sos/splashScreen.sos
18:36:47.645 INFO  WebHelpers -Send text to WebElement Login: "VBIBIKSU"
18:36:47.804 INFO  WebHelpers -Send text to WebElement Password: "deadman11"
18:36:48.374 INFO  WebHelpers -Click Button ""
18:36:48.518 INFO  WebHelpers -Click WebElement "Purchasing "
18:36:48.938 INFO  WebHelpers -Click Button  with value - "null" - Supplier - 
18:36:50.013 INFO  WebHelpers -Click Button "Create"
18:36:50.264 INFO  CreateSupplierPage -Field Remit To was field by value
18:36:53.319 INFO  WebHelpers -Click Button  with value - "Save" -  - 
18:36:53.385 INFO  LoginPageTests -Supplier was created, his Number is: S0168
18:36:53.385 INFO  LoginPageTests -------------------------------------------------------
18:38:47.704 INFO  WebHelpers -Send text to WebElement Login: "VBIBIKSU"
18:38:47.934 INFO  WebHelpers -Send text to WebElement Password: "deadman11"
18:38:48.392 INFO  WebHelpers -Click Button ""
18:38:48.543 INFO  WebHelpers -Click WebElement "Purchasing "
18:38:48.943 INFO  WebHelpers -Click Button  with value - "null" - Supplier - 
18:38:49.923 INFO  WebHelpers -Click Button "Create"
18:38:50.171 INFO  CreateSupplierPage -Field Remit To was field by value
18:38:52.645 INFO  WebHelpers -Click Button "Send For Approval"
18:38:54.018 INFO  WebHelpers -Click Button  with value - "null" - OK - 
18:38:54.107 INFO  LoginPageTests -Supplier was created, his Number is: S0169
18:38:54.107 INFO  LoginPageTests -------------------------------------------------------
18:38:59.457 INFO  WebHelpers -Send text to WebElement Login: "VBIBIKSU"
18:38:59.624 INFO  WebHelpers -Send text to WebElement Password: "deadman11"
18:39:00.153 INFO  WebHelpers -Click Button ""
18:39:00.287 INFO  WebHelpers -Click WebElement "Purchasing "
18:39:01.514 INFO  WebHelpers -Click Button "null"
18:39:03.087 INFO  LoginPageTests -Approved Supplier number is: S0169
18:39:03.418 INFO  WebHelpers -Click WebElement " "
18:39:03.598 INFO  WebHelpers -Click Button "Approve"
18:39:05.477 INFO  WebHelpers -Click Button "null"
18:39:05.477 INFO  LoginPageTests -Supplier successfully passed first approval stage..
18:39:05.477 INFO  LoginPageTests -------------------------------------------------------
18:39:10.954 INFO  WebHelpers -Send text to WebElement Login: "VBIBIKSU"
18:39:11.126 INFO  WebHelpers -Send text to WebElement Password: "deadman11"
18:39:11.550 INFO  WebHelpers -Click Button ""
18:39:11.750 INFO  WebHelpers -Click WebElement "Purchasing "
18:39:13.420 INFO  WebHelpers -Click Button "null"
18:39:14.670 INFO  LoginPageTests -Supplier was approved, his number is: S0169
18:39:15.619 INFO  WebHelpers -Click WebElement " "
18:39:15.767 INFO  WebHelpers -Click Button "Approve"
18:39:17.062 INFO  WebHelpers -Click Button "null"
18:39:17.062 INFO  LoginPageTests -Supplier successfully passed second approval stage.
18:39:17.062 INFO  LoginPageTests -------------------------------------------------------
18:40:12.502 INFO  WebHelpers -Send text to WebElement Login: "VBIBIKSU"
18:40:12.730 INFO  WebHelpers -Send text to WebElement Password: "deadman11"
18:40:13.285 INFO  WebHelpers -Click Button ""
18:40:13.492 INFO  WebHelpers -Click WebElement "Purchasing "
18:40:13.878 INFO  WebHelpers -Click Button  with value - "null" - Supplier - 
18:40:15.020 INFO  WebHelpers -Click Button "Create"
18:40:15.295 INFO  CreateSupplierPage -Field Remit To was field by value
18:40:18.111 INFO  WebHelpers -Click Button "Send For Approval"
18:40:19.338 INFO  WebHelpers -Click Button  with value - "null" - OK - 
18:40:19.414 INFO  LoginPageTests -Supplier was created, his Number is: S0170
18:40:19.415 INFO  LoginPageTests -------------------------------------------------------
18:40:24.935 INFO  WebHelpers -Send text to WebElement Login: "VBIBIKSU"
18:40:25.087 INFO  WebHelpers -Send text to WebElement Password: "deadman11"
18:40:25.472 INFO  WebHelpers -Click Button ""
18:40:25.618 INFO  WebHelpers -Click WebElement "Purchasing "
18:40:26.908 INFO  WebHelpers -Click Button "null"
18:40:28.271 INFO  LoginPageTests -Approved Supplier number is: S0170
18:40:28.635 INFO  WebHelpers -Click WebElement " "
18:40:28.815 INFO  WebHelpers -Click Button "Approve"
18:40:30.423 INFO  WebHelpers -Click Button "null"
18:40:30.423 INFO  LoginPageTests -Supplier successfully passed first approval stage..
18:40:30.424 INFO  LoginPageTests -------------------------------------------------------
18:40:35.874 INFO  WebHelpers -Send text to WebElement Login: "VBIBIKSU"
18:40:36.046 INFO  WebHelpers -Send text to WebElement Password: "deadman11"
18:40:36.750 INFO  WebHelpers -Click Button ""
18:40:36.941 INFO  WebHelpers -Click WebElement "Purchasing "
18:40:38.453 INFO  WebHelpers -Click Button "null"
18:40:39.479 INFO  LoginPageTests -Supplier was approved, his number is: S0170
18:40:40.194 INFO  WebHelpers -Click WebElement " "
18:40:40.330 INFO  WebHelpers -Click Button "Approve"
18:40:42.223 INFO  WebHelpers -Click Button "null"
18:40:42.223 INFO  LoginPageTests -Supplier successfully passed second approval stage.
18:40:42.223 INFO  LoginPageTests -------------------------------------------------------
